[1.282s] Invoking command in 'C:\dev\p-p_teleop_robotics_unal\src\joy_controller': CONDA_PROMPT_MODIFIER=(humble) PYTHONPATH=C:\dev\p-p_teleop_robotics_unal\build\joy_controller\prefix_override;C:\Users\yeira\miniforge3\envs\humble\Lib\site-packages\colcon_core\task\python\colcon_distutils_commands;C:\dev\p-p_teleop_robotics_unal\install\joy_controller\Lib\site-packages;%PYTHONPATH% C:\Users\yeira\miniforge3\envs\humble\python.exe -W ignore:setup.py install is deprecated setup.py egg_info --egg-base ..\..\build\joy_controller build --build-base C:\dev\p-p_teleop_robotics_unal\build\joy_controller\build install --record C:\dev\p-p_teleop_robotics_unal\build\joy_controller\install.log --single-version-externally-managed install_data
[1.532s] C:\Users\yeira\miniforge3\envs\humble\Lib\site-packages\setuptools\_distutils\dist.py:270: UserWarning: Unknown distribution option: 'tests_require'
[1.532s]   warnings.warn(msg)
[1.704s] running egg_info
[1.735s] writing ..\..\build\joy_controller\joy_controller.egg-info\PKG-INFO
[1.735s] writing dependency_links to ..\..\build\joy_controller\joy_controller.egg-info\dependency_links.txt
[1.735s] writing entry points to ..\..\build\joy_controller\joy_controller.egg-info\entry_points.txt
[1.735s] writing requirements to ..\..\build\joy_controller\joy_controller.egg-info\requires.txt
[1.735s] writing top-level names to ..\..\build\joy_controller\joy_controller.egg-info\top_level.txt
[1.797s] reading manifest file '..\..\build\joy_controller\joy_controller.egg-info\SOURCES.txt'
[1.797s] writing manifest file '..\..\build\joy_controller\joy_controller.egg-info\SOURCES.txt'
[1.797s] running build
[1.797s] running build_py
[1.797s] copying main\main.py -> C:\dev\p-p_teleop_robotics_unal\build\joy_controller\build\lib\main
[1.797s] copying main\__init__.py -> C:\dev\p-p_teleop_robotics_unal\build\joy_controller\build\lib\main
[1.813s] running install
[1.813s] running install_lib
[1.844s] copying C:\dev\p-p_teleop_robotics_unal\build\joy_controller\build\lib\main\main.py -> C:\dev\p-p_teleop_robotics_unal\install\joy_controller\Lib\site-packages\main
[1.844s] byte-compiling C:\dev\p-p_teleop_robotics_unal\install\joy_controller\Lib\site-packages\main\main.py to main.cpython-311.pyc
[1.844s] running install_data
[1.844s] copying resource\joy_controller -> C:\dev\p-p_teleop_robotics_unal\install\joy_controller\share\ament_index\resource_index\packages
[1.844s] copying package.xml -> C:\dev\p-p_teleop_robotics_unal\install\joy_controller\share\joy_controller
[1.844s] running install_egg_info
[1.875s] removing 'C:\dev\p-p_teleop_robotics_unal\install\joy_controller\Lib\site-packages\joy_controller-0.0.0-py3.11.egg-info' (and everything under it)
[1.875s] Copying ..\..\build\joy_controller\joy_controller.egg-info to C:\dev\p-p_teleop_robotics_unal\install\joy_controller\Lib\site-packages\joy_controller-0.0.0-py3.11.egg-info
[1.891s] running install_scripts
[2.125s] Installing talker-script.py script to C:\dev\p-p_teleop_robotics_unal\install\joy_controller\lib\joy_controller
[2.125s] Installing talker.exe script to C:\dev\p-p_teleop_robotics_unal\install\joy_controller\lib\joy_controller
[2.125s] writing list of installed files to 'C:\dev\p-p_teleop_robotics_unal\build\joy_controller\install.log'
[2.157s] Invoked command in 'C:\dev\p-p_teleop_robotics_unal\src\joy_controller' returned '0': CONDA_PROMPT_MODIFIER=(humble) PYTHONPATH=C:\dev\p-p_teleop_robotics_unal\build\joy_controller\prefix_override;C:\Users\yeira\miniforge3\envs\humble\Lib\site-packages\colcon_core\task\python\colcon_distutils_commands;C:\dev\p-p_teleop_robotics_unal\install\joy_controller\Lib\site-packages;%PYTHONPATH% C:\Users\yeira\miniforge3\envs\humble\python.exe -W ignore:setup.py install is deprecated setup.py egg_info --egg-base ..\..\build\joy_controller build --build-base C:\dev\p-p_teleop_robotics_unal\build\joy_controller\build install --record C:\dev\p-p_teleop_robotics_unal\build\joy_controller\install.log --single-version-externally-managed install_data
