CMake Deprecation Warning at CMakeLists.txt:1 (cmake_minimum_required):
  Compatibility with CMake < 3.10 will be removed from a future version of
  CMake.

  Update the VERSION argument <min> value.  Or, use the <min>...<max> syntax
  to tell CMake that the project requires at least <min> but has been updated
  to work with policies introduced by <max> or earlier.


CMake Warning (dev) at C:/Users/yeira/miniforge3/envs/humble/Library/share/python_cmake_module/cmake/Modules/FindPythonExtra.cmake:52 (find_package):
  Policy CMP0148 is not set: The FindPythonInterp and FindPythonLibs modules
  are removed.  Run "cmake --help-policy CMP0148" for policy details.  Use
  the cmake_policy command to set the policy and suppress this warning.

Call Stack (most recent call first):
  C:/Users/yeira/miniforge3/envs/humble/Library/share/rosidl_generator_py/cmake/rosidl_generator_py_generate_interfaces.cmake:21 (find_package)
  C:/Users/yeira/miniforge3/envs/humble/Library/share/ament_cmake_core/cmake/core/ament_execute_extensions.cmake:48 (include)
  C:/Users/yeira/miniforge3/envs/humble/Library/share/rosidl_cmake/cmake/rosidl_generate_interfaces.cmake:286 (ament_execute_extensions)
  CMakeLists.txt:26 (rosidl_generate_interfaces)
This warning is for project developers.  Use -Wno-dev to suppress it.

CMake Warning (dev) at C:/Users/yeira/miniforge3/envs/humble/Library/share/python_cmake_module/cmake/Modules/FindPythonExtra.cmake:140 (find_package):
  Policy CMP0148 is not set: The FindPythonInterp and FindPythonLibs modules
  are removed.  Run "cmake --help-policy CMP0148" for policy details.  Use
  the cmake_policy command to set the policy and suppress this warning.

Call Stack (most recent call first):
  C:/Users/yeira/miniforge3/envs/humble/Library/share/rosidl_generator_py/cmake/rosidl_generator_py_generate_interfaces.cmake:21 (find_package)
  C:/Users/yeira/miniforge3/envs/humble/Library/share/ament_cmake_core/cmake/core/ament_execute_extensions.cmake:48 (include)
  C:/Users/yeira/miniforge3/envs/humble/Library/share/rosidl_cmake/cmake/rosidl_generate_interfaces.cmake:286 (ament_execute_extensions)
  CMakeLists.txt:26 (rosidl_generate_interfaces)
This warning is for project developers.  Use -Wno-dev to suppress it.

CMake Error at C:/Users/yeira/miniforge3/envs/humble/Library/share/cmake-3.31/Modules/FindPackageHandleStandardArgs.cmake:233 (message):
  Could NOT find Python3 (missing: Python3_NumPy_INCLUDE_DIRS NumPy) (found
  version "3.12.8")
Call Stack (most recent call first):
  C:/Users/yeira/miniforge3/envs/humble/Library/share/cmake-3.31/Modules/FindPackageHandleStandardArgs.cmake:603 (_FPHSA_FAILURE_MESSAGE)
  C:/Users/yeira/miniforge3/envs/humble/Library/share/cmake-3.31/Modules/FindPython/Support.cmake:4002 (find_package_handle_standard_args)
  C:/Users/yeira/miniforge3/envs/humble/Library/share/cmake-3.31/Modules/FindPython3.cmake:602 (include)
  C:/Users/yeira/miniforge3/envs/humble/Library/share/rosidl_generator_py/cmake/rosidl_generator_py_generate_interfaces.cmake:22 (find_package)
  C:/Users/yeira/miniforge3/envs/humble/Library/share/ament_cmake_core/cmake/core/ament_execute_extensions.cmake:48 (include)
  C:/Users/yeira/miniforge3/envs/humble/Library/share/rosidl_cmake/cmake/rosidl_generate_interfaces.cmake:286 (ament_execute_extensions)
  CMakeLists.txt:26 (rosidl_generate_interfaces)


