[3.157s] Invoking command in 'C:\dev\p-p_teleop_robotics_unal\src\joystick_ros2': CONDA_PROMPT_MODIFIER=(humble) PYTHONPATH=C:\dev\p-p_teleop_robotics_unal\build\joystick_ros2\prefix_override;C:\Users\yeira\miniforge3\envs\humble\Lib\site-packages\colcon_core\task\python\colcon_distutils_commands;C:\dev\p-p_teleop_robotics_unal\install\joystick_ros2\Lib\site-packages;%PYTHONPATH% C:\Users\yeira\miniforge3\envs\humble\python.exe -W ignore:setup.py install is deprecated setup.py egg_info --egg-base ..\..\build\joystick_ros2 build --build-base C:\dev\p-p_teleop_robotics_unal\build\joystick_ros2\build install --record C:\dev\p-p_teleop_robotics_unal\build\joystick_ros2\install.log --install-scripts $base/lib/joystick_ros2 --single-version-externally-managed install_data
[3.719s] C:\Users\yeira\miniforge3\envs\humble\Lib\site-packages\setuptools\dist.py:493: SetuptoolsDeprecationWarning: Invalid dash-separated options
[3.719s] !!
[3.719s] 
[3.719s]         ********************************************************************************
[3.719s]         Usage of dash-separated 'script-dir' will not be supported in future
[3.719s]         versions. Please use the underscore name 'script_dir' instead.
[3.719s] 
[3.719s]         This deprecation is overdue, please update your project and remove deprecated
[3.719s]         calls to avoid build errors in the future.
[3.719s] 
[3.719s]         See https://setuptools.pypa.io/en/latest/userguide/declarative_config.html for details.
[3.719s]         ********************************************************************************
[3.719s] 
[3.719s] !!
[3.719s]   opt = self.warn_dash_deprecation(opt, section)
[3.797s] C:\Users\yeira\miniforge3\envs\humble\Lib\site-packages\setuptools\_distutils\dist.py:270: UserWarning: Unknown distribution option: 'test_suite'
[3.797s]   warnings.warn(msg)
[4.235s] running egg_info
[4.313s] writing ..\..\build\joystick_ros2\joystick_ros2.egg-info\PKG-INFO
[4.313s] writing dependency_links to ..\..\build\joystick_ros2\joystick_ros2.egg-info\dependency_links.txt
[4.329s] writing entry points to ..\..\build\joystick_ros2\joystick_ros2.egg-info\entry_points.txt
[4.329s] writing requirements to ..\..\build\joystick_ros2\joystick_ros2.egg-info\requires.txt
[4.329s] writing top-level names to ..\..\build\joystick_ros2\joystick_ros2.egg-info\top_level.txt
[4.454s] reading manifest file '..\..\build\joystick_ros2\joystick_ros2.egg-info\SOURCES.txt'
[4.454s] adding license file 'LICENSE'
[4.469s] writing manifest file '..\..\build\joystick_ros2\joystick_ros2.egg-info\SOURCES.txt'
[4.469s] running build
[4.469s] running build_py
[4.485s] copying joystick_ros2.py -> C:\dev\p-p_teleop_robotics_unal\build\joystick_ros2\build\lib
[4.485s] copying inputs.py -> C:\dev\p-p_teleop_robotics_unal\build\joystick_ros2\build\lib
[4.485s] running install
[4.485s] running install_lib
[4.547s] copying C:\dev\p-p_teleop_robotics_unal\build\joystick_ros2\build\lib\joystick_ros2.py -> C:\dev\p-p_teleop_robotics_unal\install\joystick_ros2\Lib\site-packages
[4.547s] byte-compiling C:\dev\p-p_teleop_robotics_unal\install\joystick_ros2\Lib\site-packages\joystick_ros2.py to joystick_ros2.cpython-311.pyc
[4.563s]   File "C:\dev\p-p_teleop_robotics_unal\install\joystick_ros2\Lib\site-packages\joystick_ros2.py", line 1
[4.563s]     |# Copyright 2017 Muhammad Furqan Habibi
[4.563s]     ^
[4.563s] SyntaxError: invalid syntax
[4.563s] 
[4.563s] running install_data
[4.563s] copying resource\joystick_ros2 -> C:\dev\p-p_teleop_robotics_unal\install\joystick_ros2\share\ament_index\resource_index\packages
[4.563s] copying package.xml -> C:\dev\p-p_teleop_robotics_unal\install\joystick_ros2\shared\joystick_ros2
[4.563s] running install_egg_info
[4.657s] removing 'C:\dev\p-p_teleop_robotics_unal\install\joystick_ros2\Lib\site-packages\joystick_ros2-0.0.1-py3.11.egg-info' (and everything under it)
[4.657s] Copying ..\..\build\joystick_ros2\joystick_ros2.egg-info to C:\dev\p-p_teleop_robotics_unal\install\joystick_ros2\Lib\site-packages\joystick_ros2-0.0.1-py3.11.egg-info
[4.672s] running install_scripts
[5.282s] Installing joystick_ros2-script.py script to C:\dev\p-p_teleop_robotics_unal\install\joystick_ros2\lib\joystick_ros2
[5.282s] Installing joystick_ros2.exe script to C:\dev\p-p_teleop_robotics_unal\install\joystick_ros2\lib\joystick_ros2
[5.282s] writing list of installed files to 'C:\dev\p-p_teleop_robotics_unal\build\joystick_ros2\install.log'
[5.344s] Invoked command in 'C:\dev\p-p_teleop_robotics_unal\src\joystick_ros2' returned '0': CONDA_PROMPT_MODIFIER=(humble) PYTHONPATH=C:\dev\p-p_teleop_robotics_unal\build\joystick_ros2\prefix_override;C:\Users\yeira\miniforge3\envs\humble\Lib\site-packages\colcon_core\task\python\colcon_distutils_commands;C:\dev\p-p_teleop_robotics_unal\install\joystick_ros2\Lib\site-packages;%PYTHONPATH% C:\Users\yeira\miniforge3\envs\humble\python.exe -W ignore:setup.py install is deprecated setup.py egg_info --egg-base ..\..\build\joystick_ros2 build --build-base C:\dev\p-p_teleop_robotics_unal\build\joystick_ros2\build install --record C:\dev\p-p_teleop_robotics_unal\build\joystick_ros2\install.log --install-scripts $base/lib/joystick_ros2 --single-version-externally-managed install_data
