[0.094s] Invoking command in 'C:\dev\p-p_teleop_robotics_unal\build\move_from_keys': CMAKE_PREFIX_PATH=C:\Users\yeira\miniforge3\envs\humble\Library CONDA_EXES="C:\Users\yeira\miniforge3\Scripts\conda.exe" CONDA_PROMPT_MODIFIER=(humble) C:\Users\yeira\miniforge3\envs\humble\Library\bin\cmake.EXE C:\dev\p-p_teleop_robotics_unal\src\move_from_keys -DCMAKE_INSTALL_PREFIX=C:\dev\p-p_teleop_robotics_unal\install\move_from_keys -G Visual Studio 17 2022
[0.188s] CMake Deprecation Warning at CMakeLists.txt:1 (cmake_minimum_required):
[0.188s]   Compatibility with CMake < 3.10 will be removed from a future version of
[0.188s]   CMake.
[0.188s] 
[0.188s]   Update the VERSION argument <min> value.  Or, use the <min>...<max> syntax
[0.188s]   to tell CMake that the project requires at least <min> but has been updated
[0.188s]   to work with policies introduced by <max> or earlier.
[0.188s] 
[0.188s] 
[0.188s] -- Selecting Windows SDK version 10.0.22621.0 to target Windows 10.0.26100.
[2.969s] -- The C compiler identification is MSVC 19.42.34436.0
[4.453s] -- The CXX compiler identification is MSVC 19.42.34436.0
[4.516s] -- Detecting C compiler ABI info
[6.047s] -- Detecting C compiler ABI info - done
[6.094s] -- Check for working C compiler: C:/Program Files/Microsoft Visual Studio/2022/Community/VC/Tools/MSVC/14.42.34433/bin/Hostx64/x64/cl.exe - skipped
[6.094s] -- Detecting C compile features
[6.094s] -- Detecting C compile features - done
[6.125s] -- Detecting CXX compiler ABI info
[7.625s] -- Detecting CXX compiler ABI info - done
[7.672s] -- Check for working CXX compiler: C:/Program Files/Microsoft Visual Studio/2022/Community/VC/Tools/MSVC/14.42.34433/bin/Hostx64/x64/cl.exe - skipped
[7.672s] -- Detecting CXX compile features
[7.672s] -- Detecting CXX compile features - done
[7.688s] -- Found ament_cmake: 1.3.11 (C:/Users/yeira/miniforge3/envs/humble/Library/share/ament_cmake/cmake)
[11.719s] -- Found Python3: C:/Users/yeira/miniforge3/python.exe (found version "3.12.8") found components: Interpreter
[12.203s] -- Found ament_lint_auto: 0.12.11 (C:/Users/yeira/miniforge3/envs/humble/Library/share/ament_lint_auto/cmake)
[12.625s] -- Added test 'flake8' to check Python code syntax and style conventions
[12.641s] -- Added test 'lint_cmake' to check CMake code style
[12.641s] -- Added test 'pep257' to check Python code against some of the docstring style conventions in PEP 257
[12.641s] -- Added test 'xmllint' to check XML markup files
[12.656s] -- Configuring done (12.5s)
[12.813s] -- Generating done (0.1s)
[12.813s] -- Build files have been written to: C:/dev/p-p_teleop_robotics_unal/build/move_from_keys
[12.813s] Invoked command in 'C:\dev\p-p_teleop_robotics_unal\build\move_from_keys' returned '0': CMAKE_PREFIX_PATH=C:\Users\yeira\miniforge3\envs\humble\Library CONDA_EXES="C:\Users\yeira\miniforge3\Scripts\conda.exe" CONDA_PROMPT_MODIFIER=(humble) C:\Users\yeira\miniforge3\envs\humble\Library\bin\cmake.EXE C:\dev\p-p_teleop_robotics_unal\src\move_from_keys -DCMAKE_INSTALL_PREFIX=C:\dev\p-p_teleop_robotics_unal\install\move_from_keys -G Visual Studio 17 2022
[12.844s] Invoking command in 'C:\dev\p-p_teleop_robotics_unal\build\move_from_keys': CL=/MP CMAKE_PREFIX_PATH=C:\Users\yeira\miniforge3\envs\humble\Library CONDA_EXES="C:\Users\yeira\miniforge3\Scripts\conda.exe" CONDA_PROMPT_MODIFIER=(humble) C:\Users\yeira\miniforge3\envs\humble\Library\bin\cmake.EXE --build C:\dev\p-p_teleop_robotics_unal\build\move_from_keys --config Release
[13.047s] Versión de MSBuild 17.12.12+1cce77968 para .NET Framework
[13.125s] 
[13.703s]   1>Checking Build System
[14.000s]   Building Custom Rule C:/dev/p-p_teleop_robotics_unal/src/move_from_keys/CMakeLists.txt
[14.156s] Invoked command in 'C:\dev\p-p_teleop_robotics_unal\build\move_from_keys' returned '0': CL=/MP CMAKE_PREFIX_PATH=C:\Users\yeira\miniforge3\envs\humble\Library CONDA_EXES="C:\Users\yeira\miniforge3\Scripts\conda.exe" CONDA_PROMPT_MODIFIER=(humble) C:\Users\yeira\miniforge3\envs\humble\Library\bin\cmake.EXE --build C:\dev\p-p_teleop_robotics_unal\build\move_from_keys --config Release
[14.235s] Invoking command in 'C:\dev\p-p_teleop_robotics_unal\build\move_from_keys': CMAKE_PREFIX_PATH=C:\Users\yeira\miniforge3\envs\humble\Library CONDA_EXES="C:\Users\yeira\miniforge3\Scripts\conda.exe" CONDA_PROMPT_MODIFIER=(humble) C:\Users\yeira\miniforge3\envs\humble\Library\bin\cmake.EXE --install C:\dev\p-p_teleop_robotics_unal\build\move_from_keys --config Release
[14.297s] -- Installing: C:/dev/p-p_teleop_robotics_unal/install/move_from_keys/share/ament_index/resource_index/package_run_dependencies/move_from_keys
[14.313s] -- Installing: C:/dev/p-p_teleop_robotics_unal/install/move_from_keys/share/ament_index/resource_index/parent_prefix_path/move_from_keys
[14.313s] -- Installing: C:/dev/p-p_teleop_robotics_unal/install/move_from_keys/share/move_from_keys/environment/ament_prefix_path.bat
[14.313s] -- Installing: C:/dev/p-p_teleop_robotics_unal/install/move_from_keys/share/move_from_keys/environment/ament_prefix_path.dsv
[14.313s] -- Installing: C:/dev/p-p_teleop_robotics_unal/install/move_from_keys/share/move_from_keys/environment/path.bat
[14.313s] -- Installing: C:/dev/p-p_teleop_robotics_unal/install/move_from_keys/share/move_from_keys/environment/path.dsv
[14.313s] -- Installing: C:/dev/p-p_teleop_robotics_unal/install/move_from_keys/share/move_from_keys/local_setup.bat
[14.313s] -- Installing: C:/dev/p-p_teleop_robotics_unal/install/move_from_keys/share/move_from_keys/local_setup.dsv
[14.328s] -- Installing: C:/dev/p-p_teleop_robotics_unal/install/move_from_keys/share/move_from_keys/package.dsv
[14.328s] -- Installing: C:/dev/p-p_teleop_robotics_unal/install/move_from_keys/share/ament_index/resource_index/packages/move_from_keys
[14.328s] -- Installing: C:/dev/p-p_teleop_robotics_unal/install/move_from_keys/share/move_from_keys/cmake/move_from_keysConfig.cmake
[14.344s] -- Installing: C:/dev/p-p_teleop_robotics_unal/install/move_from_keys/share/move_from_keys/cmake/move_from_keysConfig-version.cmake
[14.344s] -- Installing: C:/dev/p-p_teleop_robotics_unal/install/move_from_keys/share/move_from_keys/package.xml
[14.344s] Invoked command in 'C:\dev\p-p_teleop_robotics_unal\build\move_from_keys' returned '0': CMAKE_PREFIX_PATH=C:\Users\yeira\miniforge3\envs\humble\Library CONDA_EXES="C:\Users\yeira\miniforge3\Scripts\conda.exe" CONDA_PROMPT_MODIFIER=(humble) C:\Users\yeira\miniforge3\envs\humble\Library\bin\cmake.EXE --install C:\dev\p-p_teleop_robotics_unal\build\move_from_keys --config Release
