[0.000000] (-) TimerEvent: {}
[0.000000] (-) JobUnselected: {'identifier': 'dynamixel_sdk'}
[0.000000] (-) JobUnselected: {'identifier': 'dynamixel_sdk_custom_interfaces'}
[0.000000] (-) JobUnselected: {'identifier': 'dynamixel_sdk_examples'}
[0.000000] (-) JobUnselected: {'identifier': 'move_from_keys'}
[0.000000] (-) JobUnselected: {'identifier': 'phantom_control'}
[0.000000] (-) JobUnselected: {'identifier': 'phantom_coppelia'}
[0.000000] (-) JobUnselected: {'identifier': 'phantom_description'}
[0.000000] (-) JobUnselected: {'identifier': 'phantom_vision'}
[0.000000] (joystick_ros2) JobQueued: {'identifier': 'joystick_ros2', 'dependencies': OrderedDict()}
[0.016000] (joystick_ros2) JobStarted: {'identifier': 'joystick_ros2'}
[0.110000] (-) TimerEvent: {}
[0.219000] (-) TimerEvent: {}
[0.328000] (-) TimerEvent: {}
[0.438000] (-) TimerEvent: {}
[0.547000] (-) TimerEvent: {}
[0.657000] (-) TimerEvent: {}
[0.766000] (-) TimerEvent: {}
[0.875000] (-) TimerEvent: {}
[0.985000] (-) TimerEvent: {}
[1.094000] (-) TimerEvent: {}
[1.203000] (-) TimerEvent: {}
[1.313000] (-) TimerEvent: {}
[1.422000] (-) TimerEvent: {}
[1.532000] (-) TimerEvent: {}
[1.641000] (-) TimerEvent: {}
[1.750000] (-) TimerEvent: {}
[1.860000] (-) TimerEvent: {}
[1.969000] (-) TimerEvent: {}
[2.094000] (-) TimerEvent: {}
[2.203000] (-) TimerEvent: {}
[2.313000] (-) TimerEvent: {}
[2.438000] (-) TimerEvent: {}
[2.578000] (-) TimerEvent: {}
[2.688000] (-) TimerEvent: {}
[2.797000] (-) TimerEvent: {}
[2.907000] (-) TimerEvent: {}
[2.938000] (joystick_ros2) Command: {'cmd': ['C:\\Users\\yeira\\miniforge3\\envs\\humble\\python.exe', '-W', 'ignore:setup.py install is deprecated', 'setup.py', 'egg_info', '--egg-base', '..\\..\\build\\joystick_ros2', 'build', '--build-base', 'C:\\dev\\p-p_teleop_robotics_unal\\build\\joystick_ros2\\build', 'install', '--record', 'C:\\dev\\p-p_teleop_robotics_unal\\build\\joystick_ros2\\install.log', '--install-scripts', '$base/lib/joystick_ros2', '--single-version-externally-managed', 'install_data'], 'cwd': 'C:\\dev\\p-p_teleop_robotics_unal\\src\\joystick_ros2', 'env': {'ALLUSERSPROFILE': 'C:\\ProgramData', 'AMENT_PREFIX_PATH': 'C:\\Users\\yeira\\miniforge3\\envs\\humble\\Library', 'ament_python_executable': 'C:\\Users\\yeira\\miniforge3\\envs\\humble\\python.exe', 'APPDATA': 'C:\\Users\\yeira\\AppData\\Roaming', 'COLCON': '1', 'CommandPromptType': 'Native', 'CommonProgramFiles': 'C:\\Program Files\\Common Files', 'CommonProgramFiles(x86)': 'C:\\Program Files (x86)\\Common Files', 'CommonProgramW6432': 'C:\\Program Files\\Common Files', 'COMPUTERNAME': 'SRMANCHITA', 'ComSpec': 'C:\\WINDOWS\\system32\\cmd.exe', 'CONDA_DEFAULT_ENV': 'humble', 'CONDA_EXE': 'C:\\Users\\yeira\\miniforge3\\Scripts\\conda.exe', 'CONDA_PREFIX': 'C:\\Users\\yeira\\miniforge3\\envs\\humble', 'CONDA_PROMPT_MODIFIER': '(humble)', 'CONDA_PYTHON_EXE': 'C:\\Users\\yeira\\miniforge3\\python.exe', 'CONDA_SHLVL': '1', 'DevEnvDir': 'C:\\Program Files\\Microsoft Visual Studio\\2022\\Community\\Common7\\IDE\\', 'DriverData': 'C:\\Windows\\System32\\Drivers\\DriverData', 'EFC_13592': '1', 'ExtensionSdkDir': 'C:\\Program Files (x86)\\Microsoft SDKs\\Windows Kits\\10\\ExtensionSDKs', 'EXTERNAL_INCLUDE': 'C:\\Program Files\\Microsoft Visual Studio\\2022\\Community\\VC\\Tools\\MSVC\\14.42.34433\\include;C:\\Program Files\\Microsoft Visual Studio\\2022\\Community\\VC\\Auxiliary\\VS\\include;C:\\Program Files (x86)\\Windows Kits\\10\\include\\10.0.22621.0\\ucrt;C:\\Program Files (x86)\\Windows Kits\\10\\\\include\\10.0.22621.0\\\\um;C:\\Program Files (x86)\\Windows Kits\\10\\\\include\\10.0.22621.0\\\\shared;C:\\Program Files (x86)\\Windows Kits\\10\\\\include\\10.0.22621.0\\\\winrt;C:\\Program Files (x86)\\Windows Kits\\10\\\\include\\10.0.22621.0\\\\cppwinrt', 'FPS_BROWSER_APP_PROFILE_STRING': 'Internet Explorer', 'FPS_BROWSER_USER_PROFILE_STRING': 'Default', 'Framework40Version': 'v4.0', 'FrameworkDir': 'C:\\Windows\\Microsoft.NET\\Framework64\\', 'FrameworkDir64': 'C:\\Windows\\Microsoft.NET\\Framework64\\', 'FrameworkVersion': 'v4.0.30319', 'FrameworkVersion64': 'v4.0.30319', 'HOMEDRIVE': 'C:', 'HOMEPATH': '\\Users\\yeira', 'INCLUDE': 'C:\\Program Files\\Microsoft Visual Studio\\2022\\Community\\VC\\Tools\\MSVC\\14.42.34433\\include;C:\\Program Files\\Microsoft Visual Studio\\2022\\Community\\VC\\Auxiliary\\VS\\include;C:\\Program Files (x86)\\Windows Kits\\10\\include\\10.0.22621.0\\ucrt;C:\\Program Files (x86)\\Windows Kits\\10\\\\include\\10.0.22621.0\\\\um;C:\\Program Files (x86)\\Windows Kits\\10\\\\include\\10.0.22621.0\\\\shared;C:\\Program Files (x86)\\Windows Kits\\10\\\\include\\10.0.22621.0\\\\winrt;C:\\Program Files (x86)\\Windows Kits\\10\\\\include\\10.0.22621.0\\\\cppwinrt', 'LIB': 'C:\\Program Files\\Microsoft Visual Studio\\2022\\Community\\VC\\Tools\\MSVC\\14.42.34433\\lib\\x64;C:\\Program Files (x86)\\Windows Kits\\10\\lib\\10.0.22621.0\\ucrt\\x64;C:\\Program Files (x86)\\Windows Kits\\10\\\\lib\\10.0.22621.0\\\\um\\x64', 'LIBPATH': 'C:\\Program Files\\Microsoft Visual Studio\\2022\\Community\\VC\\Tools\\MSVC\\14.42.34433\\lib\\x64;C:\\Program Files\\Microsoft Visual Studio\\2022\\Community\\VC\\Tools\\MSVC\\14.42.34433\\lib\\x86\\store\\references;C:\\Program Files (x86)\\Windows Kits\\10\\UnionMetadata\\10.0.22621.0;C:\\Program Files (x86)\\Windows Kits\\10\\References\\10.0.22621.0;C:\\Windows\\Microsoft.NET\\Framework64\\v4.0.30319', 'LOCALAPPDATA': 'C:\\Users\\yeira\\AppData\\Local', 'LOGONSERVER': '\\\\SRMANCHITA', 'MAMBA_BAT': 'C:\\Users\\yeira\\.local\\share\\mamba\\condabin\\mamba.bat', 'MAMBA_EXE': 'C:\\Users\\yeira\\miniforge3\\Library\\bin\\mamba.exe', 'NUMBER_OF_PROCESSORS': '16', 'OneDrive': 'C:\\Users\\yeira\\Documents\\OneDrive', 'OneDriveConsumer': 'C:\\Users\\yeira\\Documents\\OneDrive', 'OpenCV_DIR': 'C:\\opencv', 'OS': 'Windows_NT', 'Path': 'C:\\Users\\yeira\\miniforge3\\envs\\humble\\Library\\opt\\rviz_ogre_vendor\\bin;C:\\Users\\yeira\\miniforge3\\envs\\humble;C:\\Users\\yeira\\miniforge3\\envs\\humble\\Library\\mingw-w64\\bin;C:\\Users\\yeira\\miniforge3\\envs\\humble\\Library\\usr\\bin;C:\\Users\\yeira\\miniforge3\\envs\\humble\\Library\\bin;C:\\Users\\yeira\\miniforge3\\envs\\humble\\Scripts;C:\\Users\\yeira\\miniforge3\\envs\\humble\\bin;C:\\Program Files\\Microsoft Visual Studio\\2022\\Community\\VC\\Tools\\MSVC\\14.42.34433\\bin\\HostX64\\x64;C:\\Program Files\\Microsoft Visual Studio\\2022\\Community\\Common7\\IDE\\VC\\VCPackages;C:\\Program Files\\Microsoft Visual Studio\\2022\\Community\\Common7\\IDE\\CommonExtensions\\Microsoft\\TestWindow;C:\\Program Files\\Microsoft Visual Studio\\2022\\Community\\Common7\\IDE\\CommonExtensions\\Microsoft\\TeamFoundation\\Team Explorer;C:\\Program Files\\Microsoft Visual Studio\\2022\\Community\\MSBuild\\Current\\bin\\Roslyn;C:\\Program Files (x86)\\Windows Kits\\10\\bin\\10.0.22621.0\\x64;C:\\Program Files (x86)\\Windows Kits\\10\\bin\\x64;C:\\Program Files\\Microsoft Visual Studio\\2022\\Community\\MSBuild\\Current\\Bin\\amd64;C:\\Windows\\Microsoft.NET\\Framework64\\v4.0.30319;C:\\Program Files\\Microsoft Visual Studio\\2022\\Community\\Common7\\IDE;C:\\Program Files\\Microsoft Visual Studio\\2022\\Community\\Common7\\Tools;C:\\Users\\yeira\\.local\\share\\mamba\\condabin;C:\\Users\\yeira\\.local\\share\\mamba\\condabin;C:\\Users\\yeira\\.local\\share\\mamba\\condabin;C:\\Program Files (x86)\\VMware\\VMware Player\\bin;C:\\WINDOWS\\system32;C:\\WINDOWS;C:\\WINDOWS\\System32\\Wbem;C:\\WINDOWS\\System32\\WindowsPowerShell\\v1.0;C:\\WINDOWS\\System32\\OpenSSH;C:\\Program Files\\MATLAB\\R2024b\\bin;C:\\Program Files\\Git\\cmd;C:\\Users\\yeira\\miniforge3;C:\\Users\\yeira\\miniforge3\\Library\\mingw-w64\\bin;C:\\Users\\yeira\\miniforge3\\Library\\usr\\bin;C:\\Users\\yeira\\miniforge3\\Library\\bin;C:\\Users\\yeira\\miniforge3\\Scripts;C:\\Users\\yeira\\AppData\\Local\\Microsoft\\WindowsApps;C:\\Users\\yeira\\AppData\\Local\\Programs\\Microsoft VS Code\\bin;C:\\opencv\\x64\\vc16\\bin;.;C:\\opencv\\x64\\vc16\\bin;C:\\Program Files\\CMake\\bin;C:\\Users\\yeira\\miniforge3;C:\\Users\\yeira\\miniforge3\\Library\\mingw-w64\\bin;C:\\Users\\yeira\\miniforge3\\Library\\usr\\bin;C:\\Users\\yeira\\miniforge3\\Library\\bin;C:\\Users\\yeira\\miniforge3\\Scripts;C:\\Users\\yeira\\AppData\\Local\\Microsoft\\WindowsApps;C:\\Users\\yeira\\AppData\\Local\\Programs\\Microsoft VS Code\\bin;C:\\Program Files\\Microsoft Visual Studio\\2022\\Community\\Common7\\IDE\\CommonExtensions\\Microsoft\\CMake\\CMake\\bin;C:\\Program Files\\Microsoft Visual Studio\\2022\\Community\\Common7\\IDE\\CommonExtensions\\Microsoft\\CMake\\Ninja;C:\\Program Files\\Microsoft Visual Studio\\2022\\Community\\Common7\\IDE\\VC\\Linux\\bin\\ConnectionManagerExe', 'PATHEXT': '.COM;.EXE;.BAT;.CMD;.VBS;.VBE;.JS;.JSE;.WSF;.WSH;.MSC', 'PKG_CONFIG_PATH': 'C:\\Users\\yeira\\miniforge3\\envs\\humble\\Library\\lib\\pkgconfig;', 'Platform': 'x64', 'PROCESSOR_ARCHITECTURE': 'AMD64', 'PROCESSOR_IDENTIFIER': 'AMD64 Family 25 Model 80 Stepping 0, AuthenticAMD', 'PROCESSOR_LEVEL': '25', 'PROCESSOR_REVISION': '5000', 'ProgramData': 'C:\\ProgramData', 'ProgramFiles': 'C:\\Program Files', 'ProgramFiles(x86)': 'C:\\Program Files (x86)', 'ProgramW6432': 'C:\\Program Files', 'PROJ_DATA': 'C:\\Users\\yeira\\miniforge3\\envs\\humble\\Library\\share\\proj', 'PROJ_NETWORK': 'ON', 'PROMPT': '(humble) $P$G', 'PSModulePath': 'C:\\Program Files\\WindowsPowerShell\\Modules;C:\\WINDOWS\\system32\\WindowsPowerShell\\v1.0\\Modules', 'PUBLIC': 'C:\\Users\\Public', 'PYTHONPATH': 'C:\\dev\\p-p_teleop_robotics_unal\\build\\joystick_ros2\\prefix_override;C:\\Users\\yeira\\miniforge3\\envs\\humble\\Lib\\site-packages\\colcon_core\\task\\python\\colcon_distutils_commands;C:\\dev\\p-p_teleop_robotics_unal\\install\\joystick_ros2\\Lib\\site-packages;C:\\Users\\yeira\\miniforge3\\envs\\humble\\Library\\lib/site-packages;C:\\Users\\yeira\\miniforge3\\envs\\humble\\Library\\..\\Lib\\site-packages', 'QT_PLUGIN_PATH': 'C:\\Users\\yeira\\miniforge3\\envs\\humble\\Library\\plugins', 'ROS_DISTRO': 'humble', 'ROS_ETC_DIR': 'C:\\Users\\yeira\\miniforge3\\envs\\humble\\Library\\etc\\ros', 'ROS_LOCALHOST_ONLY': '0', 'ROS_OS_OVERRIDE': 'conda:win64', 'ROS_PYTHON_VERSION': '3', 'ROS_VERSION': '2', 'SESSIONNAME': 'Console', 'SSL_CERT_DIR': 'C:\\Users\\yeira\\miniforge3\\envs\\humble\\Library\\ssl\\certs', 'SSL_CERT_FILE': 'C:\\Users\\yeira\\miniforge3\\envs\\humble\\Library\\ssl\\cacert.pem', 'SystemDrive': 'C:', 'SystemRoot': 'C:\\WINDOWS', 'TEMP': 'C:\\Users\\yeira\\AppData\\Local\\Temp', 'TMP': 'C:\\Users\\yeira\\AppData\\Local\\Temp', 'UCRTVersion': '10.0.22621.0', 'UniversalCRTSdkDir': 'C:\\Program Files (x86)\\Windows Kits\\10\\', 'USERDOMAIN': 'SRMANCHITA', 'USERDOMAIN_ROAMINGPROFILE': 'SRMANCHITA', 'USERNAME': 'yeira', 'USERPROFILE': 'C:\\Users\\yeira', 'VCIDEInstallDir': 'C:\\Program Files\\Microsoft Visual Studio\\2022\\Community\\Common7\\IDE\\VC\\', 'VCINSTALLDIR': 'C:\\Program Files\\Microsoft Visual Studio\\2022\\Community\\VC\\', 'VCToolsInstallDir': 'C:\\Program Files\\Microsoft Visual Studio\\2022\\Community\\VC\\Tools\\MSVC\\14.42.34433\\', 'VCToolsRedistDir': 'C:\\Program Files\\Microsoft Visual Studio\\2022\\Community\\VC\\Redist\\MSVC\\14.42.34433\\', 'VCToolsVersion': '14.42.34433', 'VisualStudioVersion': '17.0', 'VS170COMNTOOLS': 'C:\\Program Files\\Microsoft Visual Studio\\2022\\Community\\Common7\\Tools\\', 'VSCMD_ARG_app_plat': 'Desktop', 'VSCMD_ARG_HOST_ARCH': 'x64', 'VSCMD_ARG_TGT_ARCH': 'x64', 'VSCMD_VER': '17.12.4', 'VSINSTALLDIR': 'C:\\Program Files\\Microsoft Visual Studio\\2022\\Community\\', 'windir': 'C:\\WINDOWS', 'WindowsLibPath': 'C:\\Program Files (x86)\\Windows Kits\\10\\UnionMetadata\\10.0.22621.0;C:\\Program Files (x86)\\Windows Kits\\10\\References\\10.0.22621.0', 'WindowsSdkBinPath': 'C:\\Program Files (x86)\\Windows Kits\\10\\bin\\', 'WindowsSdkDir': 'C:\\Program Files (x86)\\Windows Kits\\10\\', 'WindowsSDKLibVersion': '10.0.22621.0\\', 'WindowsSdkVerBinPath': 'C:\\Program Files (x86)\\Windows Kits\\10\\bin\\10.0.22621.0\\', 'WindowsSDKVersion': '10.0.22621.0\\', 'XML_CATALOG_FILES': 'file:///C:/Users/yeira/miniforge3/envs/humble/etc/xml/catalog', '__CONDA_OPENSSL_CERT_DIR_SET': '1', '__CONDA_OPENSSL_CERT_FILE_SET': '1', '__DOTNET_ADD_64BIT': '1', '__DOTNET_PREFERRED_BITNESS': '64', '__VSCMD_PREINIT_PATH': 'C:\\Users\\yeira\\.local\\share\\mamba\\condabin;C:\\Users\\yeira\\.local\\share\\mamba\\condabin;C:\\Users\\yeira\\.local\\share\\mamba\\condabin;C:\\Program Files (x86)\\VMware\\VMware Player\\bin\\;C:\\WINDOWS\\system32;C:\\WINDOWS;C:\\WINDOWS\\System32\\Wbem;C:\\WINDOWS\\System32\\WindowsPowerShell\\v1.0\\;C:\\WINDOWS\\System32\\OpenSSH\\;C:\\Program Files\\MATLAB\\R2024b\\bin;C:\\Program Files\\Git\\cmd;C:\\Users\\yeira\\miniforge3;C:\\Users\\yeira\\miniforge3\\Library\\mingw-w64\\bin;C:\\Users\\yeira\\miniforge3\\Library\\usr\\bin;C:\\Users\\yeira\\miniforge3\\Library\\bin;C:\\Users\\yeira\\miniforge3\\Scripts;C:\\Users\\yeira\\AppData\\Local\\Microsoft\\WindowsApps;C:\\Users\\yeira\\AppData\\Local\\Programs\\Microsoft VS Code\\bin;C:\\opencv\\x64\\vc16\\bin;;C:\\opencv\\x64\\vc16\\bin;C:\\Program Files\\CMake\\bin;C:\\Users\\yeira\\miniforge3;C:\\Users\\yeira\\miniforge3\\Library\\mingw-w64\\bin;C:\\Users\\yeira\\miniforge3\\Library\\usr\\bin;C:\\Users\\yeira\\miniforge3\\Library\\bin;C:\\Users\\yeira\\miniforge3\\Scripts;C:\\Users\\yeira\\AppData\\Local\\Microsoft\\WindowsApps;C:\\Users\\yeira\\AppData\\Local\\Programs\\Microsoft VS Code\\bin'}, 'shell': False}
[3.016000] (-) TimerEvent: {}
[3.125000] (-) TimerEvent: {}
[3.235000] (-) TimerEvent: {}
[3.344000] (-) TimerEvent: {}
[3.453000] (-) TimerEvent: {}
[3.469000] (joystick_ros2) StderrLine: {'line': b'C:\\Users\\yeira\\miniforge3\\envs\\humble\\Lib\\site-packages\\setuptools\\dist.py:493: SetuptoolsDeprecationWarning: Invalid dash-separated options\r\n'}
[3.469000] (joystick_ros2) StderrLine: {'line': b'!!\r\n'}
[3.469000] (joystick_ros2) StderrLine: {'line': b'\r\n'}
[3.469000] (joystick_ros2) StderrLine: {'line': b'        ********************************************************************************\r\n'}
[3.469000] (joystick_ros2) StderrLine: {'line': b"        Usage of dash-separated 'script-dir' will not be supported in future\r\n"}
[3.485000] (joystick_ros2) StderrLine: {'line': b"        versions. Please use the underscore name 'script_dir' instead.\r\n"}
[3.485000] (joystick_ros2) StderrLine: {'line': b'\r\n'}
[3.485000] (joystick_ros2) StderrLine: {'line': b'        This deprecation is overdue, please update your project and remove deprecated\r\n'}
[3.485000] (joystick_ros2) StderrLine: {'line': b'        calls to avoid build errors in the future.\r\n'}
[3.485000] (joystick_ros2) StderrLine: {'line': b'\r\n'}
[3.485000] (joystick_ros2) StderrLine: {'line': b'        See https://setuptools.pypa.io/en/latest/userguide/declarative_config.html for details.\r\n'}
[3.500000] (joystick_ros2) StderrLine: {'line': b'        ********************************************************************************\r\n'}
[3.500000] (joystick_ros2) StderrLine: {'line': b'\r\n'}
[3.500000] (joystick_ros2) StderrLine: {'line': b'!!\r\n'}
[3.500000] (joystick_ros2) StderrLine: {'line': b'  opt = self.warn_dash_deprecation(opt, section)\r\n'}
[3.547000] (joystick_ros2) StderrLine: {'line': b"C:\\Users\\yeira\\miniforge3\\envs\\humble\\Lib\\site-packages\\setuptools\\_distutils\\dist.py:270: UserWarning: Unknown distribution option: 'test_suite'\r\n"}
[3.547000] (joystick_ros2) StderrLine: {'line': b'  warnings.warn(msg)\r\n'}
[3.563000] (-) TimerEvent: {}
[3.672000] (-) TimerEvent: {}
[3.782000] (-) TimerEvent: {}
[3.891000] (-) TimerEvent: {}
[3.969000] (joystick_ros2) StdoutLine: {'line': b'running egg_info\r\n'}
[4.000000] (-) TimerEvent: {}
[4.032000] (joystick_ros2) StdoutLine: {'line': b'creating ..\\..\\build\\joystick_ros2\\joystick_ros2.egg-info\r\n'}
[4.032000] (joystick_ros2) StdoutLine: {'line': b'writing ..\\..\\build\\joystick_ros2\\joystick_ros2.egg-info\\PKG-INFO\r\n'}
[4.032000] (joystick_ros2) StdoutLine: {'line': b'writing dependency_links to ..\\..\\build\\joystick_ros2\\joystick_ros2.egg-info\\dependency_links.txt\r\n'}
[4.032000] (joystick_ros2) StdoutLine: {'line': b'writing entry points to ..\\..\\build\\joystick_ros2\\joystick_ros2.egg-info\\entry_points.txt\r\n'}
[4.047000] (joystick_ros2) StdoutLine: {'line': b'writing requirements to ..\\..\\build\\joystick_ros2\\joystick_ros2.egg-info\\requires.txt\r\n'}
[4.047000] (joystick_ros2) StdoutLine: {'line': b'writing top-level names to ..\\..\\build\\joystick_ros2\\joystick_ros2.egg-info\\top_level.txt\r\n'}
[4.047000] (joystick_ros2) StdoutLine: {'line': b"writing manifest file '..\\..\\build\\joystick_ros2\\joystick_ros2.egg-info\\SOURCES.txt'\r\n"}
[4.110000] (-) TimerEvent: {}
[4.188000] (joystick_ros2) StdoutLine: {'line': b"reading manifest file '..\\..\\build\\joystick_ros2\\joystick_ros2.egg-info\\SOURCES.txt'\r\n"}
[4.188000] (joystick_ros2) StdoutLine: {'line': b"adding license file 'LICENSE'\r\n"}
[4.188000] (joystick_ros2) StdoutLine: {'line': b"writing manifest file '..\\..\\build\\joystick_ros2\\joystick_ros2.egg-info\\SOURCES.txt'\r\n"}
[4.219000] (-) TimerEvent: {}
[4.219000] (joystick_ros2) StdoutLine: {'line': b'running build\r\n'}
[4.219000] (joystick_ros2) StdoutLine: {'line': b'running build_py\r\n'}
[4.219000] (joystick_ros2) StdoutLine: {'line': b'creating C:\\dev\\p-p_teleop_robotics_unal\\build\\joystick_ros2\\build\\lib\r\n'}
[4.219000] (joystick_ros2) StdoutLine: {'line': b'copying joystick_ros2.py -> C:\\dev\\p-p_teleop_robotics_unal\\build\\joystick_ros2\\build\\lib\r\n'}
[4.219000] (joystick_ros2) StdoutLine: {'line': b'copying inputs.py -> C:\\dev\\p-p_teleop_robotics_unal\\build\\joystick_ros2\\build\\lib\r\n'}
[4.219000] (joystick_ros2) StdoutLine: {'line': b'running install\r\n'}
[4.219000] (joystick_ros2) StdoutLine: {'line': b'running install_lib\r\n'}
[4.266000] (joystick_ros2) StdoutLine: {'line': b'copying C:\\dev\\p-p_teleop_robotics_unal\\build\\joystick_ros2\\build\\lib\\inputs.py -> C:\\dev\\p-p_teleop_robotics_unal\\install\\joystick_ros2\\Lib\\site-packages\r\n'}
[4.282000] (joystick_ros2) StdoutLine: {'line': b'copying C:\\dev\\p-p_teleop_robotics_unal\\build\\joystick_ros2\\build\\lib\\joystick_ros2.py -> C:\\dev\\p-p_teleop_robotics_unal\\install\\joystick_ros2\\Lib\\site-packages\r\n'}
[4.282000] (joystick_ros2) StdoutLine: {'line': b'byte-compiling C:\\dev\\p-p_teleop_robotics_unal\\install\\joystick_ros2\\Lib\\site-packages\\inputs.py to inputs.cpython-311.pyc\r\n'}
[4.313000] (joystick_ros2) StdoutLine: {'line': b'byte-compiling C:\\dev\\p-p_teleop_robotics_unal\\install\\joystick_ros2\\Lib\\site-packages\\joystick_ros2.py to joystick_ros2.cpython-311.pyc\r\n'}
[4.313000] (joystick_ros2) StdoutLine: {'line': b'running install_data\r\n'}
[4.313000] (joystick_ros2) StdoutLine: {'line': b'creating C:\\dev\\p-p_teleop_robotics_unal\\install\\joystick_ros2\\share\\ament_index\\resource_index\\packages\r\n'}
[4.328000] (joystick_ros2) StdoutLine: {'line': b'copying resource\\joystick_ros2 -> C:\\dev\\p-p_teleop_robotics_unal\\install\\joystick_ros2\\share\\ament_index\\resource_index\\packages\r\n'}
[4.328000] (-) TimerEvent: {}
[4.328000] (joystick_ros2) StdoutLine: {'line': b'creating C:\\dev\\p-p_teleop_robotics_unal\\install\\joystick_ros2\\shared\\joystick_ros2\r\n'}
[4.328000] (joystick_ros2) StdoutLine: {'line': b'copying package.xml -> C:\\dev\\p-p_teleop_robotics_unal\\install\\joystick_ros2\\shared\\joystick_ros2\r\n'}
[4.328000] (joystick_ros2) StdoutLine: {'line': b'running install_egg_info\r\n'}
[4.407000] (joystick_ros2) StdoutLine: {'line': b'Copying ..\\..\\build\\joystick_ros2\\joystick_ros2.egg-info to C:\\dev\\p-p_teleop_robotics_unal\\install\\joystick_ros2\\Lib\\site-packages\\joystick_ros2-0.0.1-py3.11.egg-info\r\n'}
[4.422000] (joystick_ros2) StdoutLine: {'line': b'running install_scripts\r\n'}
[4.438000] (-) TimerEvent: {}
[4.547000] (-) TimerEvent: {}
[4.657000] (-) TimerEvent: {}
[4.766000] (-) TimerEvent: {}
[4.891000] (-) TimerEvent: {}
[5.000000] (-) TimerEvent: {}
[5.016000] (joystick_ros2) StdoutLine: {'line': b'Installing joystick_ros2-script.py script to C:\\dev\\p-p_teleop_robotics_unal\\install\\joystick_ros2\\lib\\joystick_ros2\r\n'}
[5.016000] (joystick_ros2) StdoutLine: {'line': b'Installing joystick_ros2.exe script to C:\\dev\\p-p_teleop_robotics_unal\\install\\joystick_ros2\\lib\\joystick_ros2\r\n'}
[5.016000] (joystick_ros2) StdoutLine: {'line': b"writing list of installed files to 'C:\\dev\\p-p_teleop_robotics_unal\\build\\joystick_ros2\\install.log'\r\n"}
[5.063000] (joystick_ros2) CommandEnded: {'returncode': 0}
[5.094000] (joystick_ros2) JobEnded: {'identifier': 'joystick_ros2', 'rc': 0}
[5.094000] (-) EventReactorShutdown: {}
