[2.610s] Invoking command in 'C:\dev\p-p_teleop_robotics_unal\src\move_from_keys': CONDA_PROMPT_MODIFIER=(humble) PYTHONPATH=C:\dev\p-p_teleop_robotics_unal\build\move_from_keys\prefix_override;C:\Users\yeira\miniforge3\envs\humble\Lib\site-packages\colcon_core\task\python\colcon_distutils_commands;C:\dev\p-p_teleop_robotics_unal\install\move_from_keys\Lib\site-packages;%PYTHONPATH% C:\Users\yeira\miniforge3\envs\humble\python.exe -W ignore:setup.py install is deprecated setup.py egg_info --egg-base ..\..\build\move_from_keys build --build-base C:\dev\p-p_teleop_robotics_unal\build\move_from_keys\build install --record C:\dev\p-p_teleop_robotics_unal\build\move_from_keys\install.log --single-version-externally-managed install_data
[3.063s] C:\Users\yeira\miniforge3\envs\humble\Lib\site-packages\setuptools\_distutils\dist.py:270: UserWarning: Unknown distribution option: 'tests_require'
[3.063s]   warnings.warn(msg)
[3.360s] running egg_info
[3.391s] writing ..\..\build\move_from_keys\move_from_keys.egg-info\PKG-INFO
[3.407s] writing dependency_links to ..\..\build\move_from_keys\move_from_keys.egg-info\dependency_links.txt
[3.407s] writing entry points to ..\..\build\move_from_keys\move_from_keys.egg-info\entry_points.txt
[3.407s] writing requirements to ..\..\build\move_from_keys\move_from_keys.egg-info\requires.txt
[3.407s] writing top-level names to ..\..\build\move_from_keys\move_from_keys.egg-info\top_level.txt
[3.485s] reading manifest file '..\..\build\move_from_keys\move_from_keys.egg-info\SOURCES.txt'
[3.500s] writing manifest file '..\..\build\move_from_keys\move_from_keys.egg-info\SOURCES.txt'
[3.500s] running build
[3.500s] running build_py
[3.500s] copying move_from_keys\move_from_keys.py -> C:\dev\p-p_teleop_robotics_unal\build\move_from_keys\build\lib\move_from_keys
[3.500s] copying move_from_keys\__init__.py -> C:\dev\p-p_teleop_robotics_unal\build\move_from_keys\build\lib\move_from_keys
[3.500s] running install
[3.500s] running install_lib
[3.547s] running install_data
[3.547s] copying resource\move_from_keys -> C:\dev\p-p_teleop_robotics_unal\install\move_from_keys\share\ament_index\resource_index\packages
[3.547s] copying package.xml -> C:\dev\p-p_teleop_robotics_unal\install\move_from_keys\share\move_from_keys
[3.547s] running install_egg_info
[3.625s] removing 'C:\dev\p-p_teleop_robotics_unal\install\move_from_keys\Lib\site-packages\move_from_keys-0.0.0-py3.11.egg-info' (and everything under it)
[3.625s] Copying ..\..\build\move_from_keys\move_from_keys.egg-info to C:\dev\p-p_teleop_robotics_unal\install\move_from_keys\Lib\site-packages\move_from_keys-0.0.0-py3.11.egg-info
[3.625s] running install_scripts
[4.016s] Installing move_from_keys-script.py script to C:\dev\p-p_teleop_robotics_unal\install\move_from_keys\lib\move_from_keys
[4.016s] Installing move_from_keys.exe script to C:\dev\p-p_teleop_robotics_unal\install\move_from_keys\lib\move_from_keys
[4.032s] writing list of installed files to 'C:\dev\p-p_teleop_robotics_unal\build\move_from_keys\install.log'
[4.110s] Invoked command in 'C:\dev\p-p_teleop_robotics_unal\src\move_from_keys' returned '0': CONDA_PROMPT_MODIFIER=(humble) PYTHONPATH=C:\dev\p-p_teleop_robotics_unal\build\move_from_keys\prefix_override;C:\Users\yeira\miniforge3\envs\humble\Lib\site-packages\colcon_core\task\python\colcon_distutils_commands;C:\dev\p-p_teleop_robotics_unal\install\move_from_keys\Lib\site-packages;%PYTHONPATH% C:\Users\yeira\miniforge3\envs\humble\python.exe -W ignore:setup.py install is deprecated setup.py egg_info --egg-base ..\..\build\move_from_keys build --build-base C:\dev\p-p_teleop_robotics_unal\build\move_from_keys\build install --record C:\dev\p-p_teleop_robotics_unal\build\move_from_keys\install.log --single-version-externally-managed install_data
