Versión de MSBuild 17.12.12+1cce77968 para .NET Framework

  Building Custom Rule C:/dev/p-p_teleop_robotics_unal/src/phantom_description/CMakeLists.txt
-- Installing: C:/dev/p-p_teleop_robotics_unal/install/phantom_description/share/phantom_description//launch
-- Installing: C:/dev/p-p_teleop_robotics_unal/install/phantom_description/share/phantom_description//launch/viz_launch.py
-- Installing: C:/dev/p-p_teleop_robotics_unal/install/phantom_description/share/phantom_description//urdf
-- Installing: C:/dev/p-p_teleop_robotics_unal/install/phantom_description/share/phantom_description//urdf/arm_hardware.xacro
-- Installing: C:/dev/p-p_teleop_robotics_unal/install/phantom_description/share/phantom_description//urdf/pincher_arm.urdf
-- Installing: C:/dev/p-p_teleop_robotics_unal/install/phantom_description/share/phantom_description//urdf/pincher_arm.urdf.xacro
-- Installing: C:/dev/p-p_teleop_robotics_unal/install/phantom_description/share/phantom_description//urdf/pincher_gripper.xacro
-- Installing: C:/dev/p-p_teleop_robotics_unal/install/phantom_description/share/phantom_description//urdf/px100
-- Installing: C:/dev/p-p_teleop_robotics_unal/install/phantom_description/share/phantom_description//urdf/px100/px100.urdf.xacro
-- Installing: C:/dev/p-p_teleop_robotics_unal/install/phantom_description/share/phantom_description//urdf/turtlebot_arm.urdf
-- Installing: C:/dev/p-p_teleop_robotics_unal/install/phantom_description/share/phantom_description//urdf/turtlebot_arm.urdf.xacro
-- Installing: C:/dev/p-p_teleop_robotics_unal/install/phantom_description/share/phantom_description//urdf/turtlebot_arm.xacro
-- Installing: C:/dev/p-p_teleop_robotics_unal/install/phantom_description/share/phantom_description//urdf/turtlebot_gripper.xacro
-- Installing: C:/dev/p-p_teleop_robotics_unal/install/phantom_description/share/phantom_description//config
-- Installing: C:/dev/p-p_teleop_robotics_unal/install/phantom_description/share/phantom_description//config/a.rviz
-- Installing: C:/dev/p-p_teleop_robotics_unal/install/phantom_description/share/phantom_description//config/rviz_px100.rviz
-- Installing: C:/dev/p-p_teleop_robotics_unal/install/phantom_description/share/phantom_description//meshes
-- Installing: C:/dev/p-p_teleop_robotics_unal/install/phantom_description/share/phantom_description//meshes/interbotix_black.png
-- Installing: C:/dev/p-p_teleop_robotics_unal/install/phantom_description/share/phantom_description//meshes/px_100
-- Installing: C:/dev/p-p_teleop_robotics_unal/install/phantom_description/share/phantom_description//meshes/px_100/px100_1_base.stl
-- Installing: C:/dev/p-p_teleop_robotics_unal/install/phantom_description/share/phantom_description//meshes/px_100/px100_2_shoulder.stl
-- Installing: C:/dev/p-p_teleop_robotics_unal/install/phantom_description/share/phantom_description//meshes/px_100/px100_3_upper_arm.stl
-- Installing: C:/dev/p-p_teleop_robotics_unal/install/phantom_description/share/phantom_description//meshes/px_100/px100_4_forearm.stl
-- Installing: C:/dev/p-p_teleop_robotics_unal/install/phantom_description/share/phantom_description//meshes/px_100/px100_5_gripper.stl
-- Installing: C:/dev/p-p_teleop_robotics_unal/install/phantom_description/share/phantom_description//meshes/px_100/px100_6_gripper_prop.stl
-- Installing: C:/dev/p-p_teleop_robotics_unal/install/phantom_description/share/phantom_description//meshes/px_100/px100_7_gripper_bar.stl
-- Installing: C:/dev/p-p_teleop_robotics_unal/install/phantom_description/share/phantom_description//meshes/px_100/px100_8_gripper_finger.stl
-- Installing: C:/dev/p-p_teleop_robotics_unal/install/phantom_description/share/phantom_description//meshes/px_100/px100_9_ar_tag.stl
-- Installing: C:/dev/p-p_teleop_robotics_unal/install/phantom_description/share/phantom_description//meshes/turtle_bot
-- Installing: C:/dev/p-p_teleop_robotics_unal/install/phantom_description/share/phantom_description//meshes/turtle_bot/ax12_box.stl
-- Installing: C:/dev/p-p_teleop_robotics_unal/install/phantom_description/share/phantom_description//meshes/turtle_bot/F10.stl
-- Installing: C:/dev/p-p_teleop_robotics_unal/install/phantom_description/share/phantom_description//meshes/turtle_bot/F2.stl
-- Installing: C:/dev/p-p_teleop_robotics_unal/install/phantom_description/share/phantom_description//meshes/turtle_bot/F3.stl
-- Installing: C:/dev/p-p_teleop_robotics_unal/install/phantom_description/share/phantom_description//meshes/turtle_bot/F4.stl
-- Installing: C:/dev/p-p_teleop_robotics_unal/install/phantom_description/share/phantom_description//meshes/turtle_bot/mount.stl
-- Installing: C:/dev/p-p_teleop_robotics_unal/install/phantom_description/share/phantom_description//meshes/turtle_bot/pincher_finger.stl
-- Installing: C:/dev/p-p_teleop_robotics_unal/install/phantom_description/share/phantom_description//meshes/turtle_bot/pincher_finger_base.stl
-- Installing: C:/dev/p-p_teleop_robotics_unal/install/phantom_description/share/phantom_description//meshes/turtle_bot/README
-- Installing: C:/dev/p-p_teleop_robotics_unal/install/phantom_description/share/phantom_description//meshes/turtle_bot/turtlebot_finger.stl
-- Installing: C:/dev/p-p_teleop_robotics_unal/install/phantom_description/share/ament_index/resource_index/package_run_dependencies/phantom_description
-- Installing: C:/dev/p-p_teleop_robotics_unal/install/phantom_description/share/ament_index/resource_index/parent_prefix_path/phantom_description
-- Installing: C:/dev/p-p_teleop_robotics_unal/install/phantom_description/share/phantom_description/environment/ament_prefix_path.bat
-- Installing: C:/dev/p-p_teleop_robotics_unal/install/phantom_description/share/phantom_description/environment/ament_prefix_path.dsv
-- Installing: C:/dev/p-p_teleop_robotics_unal/install/phantom_description/share/phantom_description/environment/path.bat
-- Installing: C:/dev/p-p_teleop_robotics_unal/install/phantom_description/share/phantom_description/environment/path.dsv
-- Installing: C:/dev/p-p_teleop_robotics_unal/install/phantom_description/share/phantom_description/local_setup.bat
-- Installing: C:/dev/p-p_teleop_robotics_unal/install/phantom_description/share/phantom_description/local_setup.dsv
-- Installing: C:/dev/p-p_teleop_robotics_unal/install/phantom_description/share/phantom_description/package.dsv
-- Installing: C:/dev/p-p_teleop_robotics_unal/install/phantom_description/share/ament_index/resource_index/packages/phantom_description
-- Installing: C:/dev/p-p_teleop_robotics_unal/install/phantom_description/share/phantom_description/cmake/phantom_descriptionConfig.cmake
-- Installing: C:/dev/p-p_teleop_robotics_unal/install/phantom_description/share/phantom_description/cmake/phantom_descriptionConfig-version.cmake
-- Installing: C:/dev/p-p_teleop_robotics_unal/install/phantom_description/share/phantom_description/package.xml
