[0.078s] Invoking command in 'C:\dev\p-p_teleop_robotics_unal\build\phantom_description': CL=/MP CMAKE_PREFIX_PATH=%CMAKE_PREFIX_PATH%;C:\dev\p-p_teleop_robotics_unal\install\joy_controller;C:\dev\p-p_teleop_robotics_unal\install\joystick_ros2;C:\Users\yeira\miniforge3\envs\humble\Library CONDA_PROMPT_MODIFIER=(humble) C:\Users\yeira\miniforge3\envs\humble\Library\bin\cmake.EXE --build C:\dev\p-p_teleop_robotics_unal\build\phantom_description --config Release
[1.296s] Versión de MSBuild 17.12.12+1cce77968 para .NET Framework
[1.312s] 
[1.312s]   Building Custom Rule C:/dev/p-p_teleop_robotics_unal/src/phantom_description/CMakeLists.txt
[1.375s] Invoked command in 'C:\dev\p-p_teleop_robotics_unal\build\phantom_description' returned '0': CL=/MP CMAKE_PREFIX_PATH=%CMAKE_PREFIX_PATH%;C:\dev\p-p_teleop_robotics_unal\install\joy_controller;C:\dev\p-p_teleop_robotics_unal\install\joystick_ros2;C:\Users\yeira\miniforge3\envs\humble\Library CONDA_PROMPT_MODIFIER=(humble) C:\Users\yeira\miniforge3\envs\humble\Library\bin\cmake.EXE --build C:\dev\p-p_teleop_robotics_unal\build\phantom_description --config Release
[1.375s] Invoking command in 'C:\dev\p-p_teleop_robotics_unal\build\phantom_description': CMAKE_PREFIX_PATH=%CMAKE_PREFIX_PATH%;C:\dev\p-p_teleop_robotics_unal\install\joy_controller;C:\dev\p-p_teleop_robotics_unal\install\joystick_ros2;C:\Users\yeira\miniforge3\envs\humble\Library CONDA_PROMPT_MODIFIER=(humble) C:\Users\yeira\miniforge3\envs\humble\Library\bin\cmake.EXE --install C:\dev\p-p_teleop_robotics_unal\build\phantom_description --config Release
[1.453s] -- Installing: C:/dev/p-p_teleop_robotics_unal/install/phantom_description/share/phantom_description//launch
[1.453s] -- Installing: C:/dev/p-p_teleop_robotics_unal/install/phantom_description/share/phantom_description//launch/viz_launch.py
[1.453s] -- Installing: C:/dev/p-p_teleop_robotics_unal/install/phantom_description/share/phantom_description//urdf
[1.453s] -- Installing: C:/dev/p-p_teleop_robotics_unal/install/phantom_description/share/phantom_description//urdf/arm_hardware.xacro
[1.453s] -- Installing: C:/dev/p-p_teleop_robotics_unal/install/phantom_description/share/phantom_description//urdf/pincher_arm.urdf
[1.453s] -- Installing: C:/dev/p-p_teleop_robotics_unal/install/phantom_description/share/phantom_description//urdf/pincher_arm.urdf.xacro
[1.453s] -- Installing: C:/dev/p-p_teleop_robotics_unal/install/phantom_description/share/phantom_description//urdf/pincher_gripper.xacro
[1.484s] -- Installing: C:/dev/p-p_teleop_robotics_unal/install/phantom_description/share/phantom_description//urdf/px100
[1.484s] -- Installing: C:/dev/p-p_teleop_robotics_unal/install/phantom_description/share/phantom_description//urdf/px100/px100.urdf.xacro
[1.484s] -- Installing: C:/dev/p-p_teleop_robotics_unal/install/phantom_description/share/phantom_description//urdf/turtlebot_arm.urdf
[1.484s] -- Installing: C:/dev/p-p_teleop_robotics_unal/install/phantom_description/share/phantom_description//urdf/turtlebot_arm.urdf.xacro
[1.484s] -- Installing: C:/dev/p-p_teleop_robotics_unal/install/phantom_description/share/phantom_description//urdf/turtlebot_arm.xacro
[1.484s] -- Installing: C:/dev/p-p_teleop_robotics_unal/install/phantom_description/share/phantom_description//urdf/turtlebot_gripper.xacro
[1.484s] -- Installing: C:/dev/p-p_teleop_robotics_unal/install/phantom_description/share/phantom_description//config
[1.484s] -- Installing: C:/dev/p-p_teleop_robotics_unal/install/phantom_description/share/phantom_description//config/a.rviz
[1.484s] -- Installing: C:/dev/p-p_teleop_robotics_unal/install/phantom_description/share/phantom_description//config/rviz_px100.rviz
[1.484s] -- Installing: C:/dev/p-p_teleop_robotics_unal/install/phantom_description/share/phantom_description//meshes
[1.484s] -- Installing: C:/dev/p-p_teleop_robotics_unal/install/phantom_description/share/phantom_description//meshes/interbotix_black.png
[1.484s] -- Installing: C:/dev/p-p_teleop_robotics_unal/install/phantom_description/share/phantom_description//meshes/px_100
[1.484s] -- Installing: C:/dev/p-p_teleop_robotics_unal/install/phantom_description/share/phantom_description//meshes/px_100/px100_1_base.stl
[1.484s] -- Installing: C:/dev/p-p_teleop_robotics_unal/install/phantom_description/share/phantom_description//meshes/px_100/px100_2_shoulder.stl
[1.484s] -- Installing: C:/dev/p-p_teleop_robotics_unal/install/phantom_description/share/phantom_description//meshes/px_100/px100_3_upper_arm.stl
[1.531s] -- Installing: C:/dev/p-p_teleop_robotics_unal/install/phantom_description/share/phantom_description//meshes/px_100/px100_4_forearm.stl
[1.531s] -- Installing: C:/dev/p-p_teleop_robotics_unal/install/phantom_description/share/phantom_description//meshes/px_100/px100_5_gripper.stl
[1.531s] -- Installing: C:/dev/p-p_teleop_robotics_unal/install/phantom_description/share/phantom_description//meshes/px_100/px100_6_gripper_prop.stl
[1.531s] -- Installing: C:/dev/p-p_teleop_robotics_unal/install/phantom_description/share/phantom_description//meshes/px_100/px100_7_gripper_bar.stl
[1.531s] -- Installing: C:/dev/p-p_teleop_robotics_unal/install/phantom_description/share/phantom_description//meshes/px_100/px100_8_gripper_finger.stl
[1.531s] -- Installing: C:/dev/p-p_teleop_robotics_unal/install/phantom_description/share/phantom_description//meshes/px_100/px100_9_ar_tag.stl
[1.531s] -- Installing: C:/dev/p-p_teleop_robotics_unal/install/phantom_description/share/phantom_description//meshes/turtle_bot
[1.531s] -- Installing: C:/dev/p-p_teleop_robotics_unal/install/phantom_description/share/phantom_description//meshes/turtle_bot/ax12_box.stl
[1.531s] -- Installing: C:/dev/p-p_teleop_robotics_unal/install/phantom_description/share/phantom_description//meshes/turtle_bot/F10.stl
[1.531s] -- Installing: C:/dev/p-p_teleop_robotics_unal/install/phantom_description/share/phantom_description//meshes/turtle_bot/F2.stl
[1.531s] -- Installing: C:/dev/p-p_teleop_robotics_unal/install/phantom_description/share/phantom_description//meshes/turtle_bot/F3.stl
[1.531s] -- Installing: C:/dev/p-p_teleop_robotics_unal/install/phantom_description/share/phantom_description//meshes/turtle_bot/F4.stl
[1.531s] -- Installing: C:/dev/p-p_teleop_robotics_unal/install/phantom_description/share/phantom_description//meshes/turtle_bot/mount.stl
[1.531s] -- Installing: C:/dev/p-p_teleop_robotics_unal/install/phantom_description/share/phantom_description//meshes/turtle_bot/pincher_finger.stl
[1.531s] -- Installing: C:/dev/p-p_teleop_robotics_unal/install/phantom_description/share/phantom_description//meshes/turtle_bot/pincher_finger_base.stl
[1.531s] -- Installing: C:/dev/p-p_teleop_robotics_unal/install/phantom_description/share/phantom_description//meshes/turtle_bot/README
[1.531s] -- Installing: C:/dev/p-p_teleop_robotics_unal/install/phantom_description/share/phantom_description//meshes/turtle_bot/turtlebot_finger.stl
[1.562s] -- Installing: C:/dev/p-p_teleop_robotics_unal/install/phantom_description/share/ament_index/resource_index/package_run_dependencies/phantom_description
[1.562s] -- Installing: C:/dev/p-p_teleop_robotics_unal/install/phantom_description/share/ament_index/resource_index/parent_prefix_path/phantom_description
[1.562s] -- Installing: C:/dev/p-p_teleop_robotics_unal/install/phantom_description/share/phantom_description/environment/ament_prefix_path.bat
[1.562s] -- Installing: C:/dev/p-p_teleop_robotics_unal/install/phantom_description/share/phantom_description/environment/ament_prefix_path.dsv
[1.562s] -- Installing: C:/dev/p-p_teleop_robotics_unal/install/phantom_description/share/phantom_description/environment/path.bat
[1.562s] -- Installing: C:/dev/p-p_teleop_robotics_unal/install/phantom_description/share/phantom_description/environment/path.dsv
[1.562s] -- Installing: C:/dev/p-p_teleop_robotics_unal/install/phantom_description/share/phantom_description/local_setup.bat
[1.562s] -- Installing: C:/dev/p-p_teleop_robotics_unal/install/phantom_description/share/phantom_description/local_setup.dsv
[1.562s] -- Installing: C:/dev/p-p_teleop_robotics_unal/install/phantom_description/share/phantom_description/package.dsv
[1.562s] -- Installing: C:/dev/p-p_teleop_robotics_unal/install/phantom_description/share/ament_index/resource_index/packages/phantom_description
[1.578s] -- Installing: C:/dev/p-p_teleop_robotics_unal/install/phantom_description/share/phantom_description/cmake/phantom_descriptionConfig.cmake
[1.578s] -- Installing: C:/dev/p-p_teleop_robotics_unal/install/phantom_description/share/phantom_description/cmake/phantom_descriptionConfig-version.cmake
[1.578s] -- Installing: C:/dev/p-p_teleop_robotics_unal/install/phantom_description/share/phantom_description/package.xml
[1.593s] Invoked command in 'C:\dev\p-p_teleop_robotics_unal\build\phantom_description' returned '0': CMAKE_PREFIX_PATH=%CMAKE_PREFIX_PATH%;C:\dev\p-p_teleop_robotics_unal\install\joy_controller;C:\dev\p-p_teleop_robotics_unal\install\joystick_ros2;C:\Users\yeira\miniforge3\envs\humble\Library CONDA_PROMPT_MODIFIER=(humble) C:\Users\yeira\miniforge3\envs\humble\Library\bin\cmake.EXE --install C:\dev\p-p_teleop_robotics_unal\build\phantom_description --config Release
