running egg_info
writing ..\..\build\joy_controller\joy_controller.egg-info\PKG-INFO
writing dependency_links to ..\..\build\joy_controller\joy_controller.egg-info\dependency_links.txt
writing entry points to ..\..\build\joy_controller\joy_controller.egg-info\entry_points.txt
writing requirements to ..\..\build\joy_controller\joy_controller.egg-info\requires.txt
writing top-level names to ..\..\build\joy_controller\joy_controller.egg-info\top_level.txt
reading manifest file '..\..\build\joy_controller\joy_controller.egg-info\SOURCES.txt'
writing manifest file '..\..\build\joy_controller\joy_controller.egg-info\SOURCES.txt'
running build
running build_py
creating C:\dev\p-p_teleop_robotics_unal\build\joy_controller\build\lib\main
copying main\main.py -> C:\dev\p-p_teleop_robotics_unal\build\joy_controller\build\lib\main
copying main\__init__.py -> C:\dev\p-p_teleop_robotics_unal\build\joy_controller\build\lib\main
running install
running install_lib
creating C:\dev\p-p_teleop_robotics_unal\install\joy_controller\Lib\site-packages\main
copying C:\dev\p-p_teleop_robotics_unal\build\joy_controller\build\lib\main\main.py -> C:\dev\p-p_teleop_robotics_unal\install\joy_controller\Lib\site-packages\main
copying C:\dev\p-p_teleop_robotics_unal\build\joy_controller\build\lib\main\__init__.py -> C:\dev\p-p_teleop_robotics_unal\install\joy_controller\Lib\site-packages\main
byte-compiling C:\dev\p-p_teleop_robotics_unal\install\joy_controller\Lib\site-packages\main\main.py to main.cpython-311.pyc
byte-compiling C:\dev\p-p_teleop_robotics_unal\install\joy_controller\Lib\site-packages\main\__init__.py to __init__.cpython-311.pyc
running install_data
copying resource\joy_controller -> C:\dev\p-p_teleop_robotics_unal\install\joy_controller\share\ament_index\resource_index\packages
copying package.xml -> C:\dev\p-p_teleop_robotics_unal\install\joy_controller\share\joy_controller
running install_egg_info
removing 'C:\dev\p-p_teleop_robotics_unal\install\joy_controller\Lib\site-packages\joy_controller-0.0.0-py3.11.egg-info' (and everything under it)
Copying ..\..\build\joy_controller\joy_controller.egg-info to C:\dev\p-p_teleop_robotics_unal\install\joy_controller\Lib\site-packages\joy_controller-0.0.0-py3.11.egg-info
running install_scripts
Installing talker-script.py script to C:\dev\p-p_teleop_robotics_unal\install\joy_controller\lib\joy_controller
Installing talker.exe script to C:\dev\p-p_teleop_robotics_unal\install\joy_controller\lib\joy_controller
writing list of installed files to 'C:\dev\p-p_teleop_robotics_unal\build\joy_controller\install.log'
