C:\Users\yeira\miniforge3\envs\humble\Lib\site-packages\setuptools\_distutils\dist.py:270: UserWarning: Unknown distribution option: 'tests_require'
  warnings.warn(msg)
Traceback (most recent call last):
  File "C:\dev\p-p_teleop_robotics_unal\src\joy_controller\setup.py", line 5, in <module>
    setup(
  File "C:\Users\yeira\miniforge3\envs\humble\Lib\site-packages\setuptools\__init__.py", line 117, in setup
    return distutils.core.setup(**attrs)
           ^^^^^^^^^^^^^^^^^^^^^^^^^^^^^
  File "C:\Users\yeira\miniforge3\envs\humble\Lib\site-packages\setuptools\_distutils\core.py", line 148, in setup
    _setup_distribution = dist = klass(attrs)
                                 ^^^^^^^^^^^^
  File "C:\Users\yeira\miniforge3\envs\humble\Lib\site-packages\setuptools\dist.py", line 319, in __init__
    _Distribution.__init__(self, dist_attrs)
  File "C:\Users\yeira\miniforge3\envs\humble\Lib\site-packages\setuptools\_distutils\dist.py", line 290, in __init__
    self.finalize_options()
  File "C:\Users\yeira\miniforge3\envs\humble\Lib\site-packages\setuptools\dist.py", line 677, in finalize_options
    defined = metadata.entry_points(group=group)
              ^^^^^^^^^^^^^^^^^^^^^^^^^^^^^^^^^^
  File "C:\Users\yeira\miniforge3\envs\humble\Lib\importlib\metadata\__init__.py", line 1041, in entry_points
    return SelectableGroups.load(eps).select(**params)
           ^^^^^^^^^^^^^^^^^^^^^^^^^^
  File "C:\Users\yeira\miniforge3\envs\humble\Lib\importlib\metadata\__init__.py", line 476, in load
    ordered = sorted(eps, key=by_group)
              ^^^^^^^^^^^^^^^^^^^^^^^^^
  File "C:\Users\yeira\miniforge3\envs\humble\Lib\importlib\metadata\__init__.py", line 1039, in <genexpr>
    dist.entry_points for dist in _unique(distributions())
    ^^^^^^^^^^^^^^^^^
  File "C:\Users\yeira\miniforge3\envs\humble\Lib\importlib\metadata\__init__.py", line 636, in entry_points
    return EntryPoints._from_text_for(self.read_text('entry_points.txt'), self)
                                      ^^^^^^^^^^^^^^^^^^^^^^^^^^^^^^^^^^
  File "C:\Users\yeira\miniforge3\envs\humble\Lib\importlib\metadata\__init__.py", line 939, in read_text
    return self._path.joinpath(filename).read_text(encoding='utf-8')
           ^^^^^^^^^^^^^^^^^^^^^^^^^^^^^^^^^^^^^^^^^^^^^^^^^^^^^^^^^
  File "C:\Users\yeira\miniforge3\envs\humble\Lib\pathlib.py", line 1059, in read_text
    return f.read()
           ^^^^^^^^
  File "<frozen codecs>", line 319, in decode
KeyboardInterrupt
