[1.421s] Invoking command in 'C:\dev\p-p_teleop_robotics_unal\build\dynamixel_sdk_custom_interfaces': CMAKE_PREFIX_PATH=%CMAKE_PREFIX_PATH%;C:\dev\p-p_teleop_robotics_unal\install\joy_controller;C:\dev\p-p_teleop_robotics_unal\install\joystick_ros2;C:\Users\yeira\miniforge3\envs\humble\Library CONDA_PROMPT_MODIFIER=(humble) C:\Users\yeira\miniforge3\envs\humble\Library\bin\cmake.EXE C:\dev\p-p_teleop_robotics_unal\src\DynamixelSDK\dynamixel_sdk_custom_interfaces -DCMAKE_INSTALL_PREFIX=C:\dev\p-p_teleop_robotics_unal\install\dynamixel_sdk_custom_interfaces
[1.546s] CMake Deprecation Warning at CMakeLists.txt:1 (cmake_minimum_required):
[1.546s]   Compatibility with CMake < 3.10 will be removed from a future version of
[1.546s]   CMake.
[1.546s] 
[1.546s]   Update the VERSION argument <min> value.  Or, use the <min>...<max> syntax
[1.546s]   to tell CMake that the project requires at least <min> but has been updated
[1.546s]   to work with policies introduced by <max> or earlier.
[1.546s] 
[1.546s] 
[1.546s] -- Selecting Windows SDK version 10.0.22621.0 to target Windows 10.0.26100.
[1.546s] -- Found ament_cmake: 1.3.11 (C:/Users/yeira/miniforge3/envs/humble/Library/share/ament_cmake/cmake)
[1.812s] -- Found builtin_interfaces: 1.2.1 (C:/Users/yeira/miniforge3/envs/humble/Library/share/builtin_interfaces/cmake)
[1.859s] -- Found rosidl_generator_c: 3.1.6 (C:/Users/yeira/miniforge3/envs/humble/Library/share/rosidl_generator_c/cmake)
[1.875s] -- Found rosidl_adapter: 3.1.6 (C:/Users/yeira/miniforge3/envs/humble/Library/share/rosidl_adapter/cmake)
[1.890s] -- Found rosidl_generator_cpp: 3.1.6 (C:/Users/yeira/miniforge3/envs/humble/Library/share/rosidl_generator_cpp/cmake)
[1.921s] -- Using all available rosidl_typesupport_c: rosidl_typesupport_fastrtps_c;rosidl_typesupport_introspection_c
[1.953s] -- Using all available rosidl_typesupport_cpp: rosidl_typesupport_fastrtps_cpp;rosidl_typesupport_introspection_cpp
[1.984s] -- Found rosidl_default_generators: 1.2.0 (C:/Users/yeira/miniforge3/envs/humble/Library/share/rosidl_default_generators/cmake)
[2.468s] -- Found ament_cmake_ros: 0.10.0 (C:/Users/yeira/miniforge3/envs/humble/Library/share/ament_cmake_ros/cmake)
[2.921s] -- Using all available rosidl_typesupport_c: rosidl_typesupport_fastrtps_c;rosidl_typesupport_introspection_c
