[1.296s] Invoking command in 'C:\dev\p-p_teleop_robotics_unal\build\phantom_coppelia': CMAKE_PREFIX_PATH=%CMAKE_PREFIX_PATH%;C:\dev\p-p_teleop_robotics_unal\install\joystick_ros2;C:\Users\yeira\miniforge3\envs\humble\Library CONDA_PROMPT_MODIFIER=(humble) C:\Users\yeira\miniforge3\envs\humble\Library\bin\cmake.EXE C:\dev\p-p_teleop_robotics_unal\src\phantom_coppelia -DCMAKE_INSTALL_PREFIX=C:\dev\p-p_teleop_robotics_unal\install\phantom_coppelia -G Visual Studio 17 2022
[1.375s] CMake Deprecation Warning at CMakeLists.txt:1 (cmake_minimum_required):
[1.375s]   Compatibility with CMake < 3.10 will be removed from a future version of
[1.375s]   CMake.
[1.375s] 
[1.375s]   Update the VERSION argument <min> value.  Or, use the <min>...<max> syntax
[1.375s]   to tell CMake that the project requires at least <min> but has been updated
[1.390s]   to work with policies introduced by <max> or earlier.
[1.390s] 
[1.390s] 
[1.390s] -- Selecting Windows SDK version 10.0.22621.0 to target Windows 10.0.26100.
[2.875s] -- The C compiler identification is MSVC 19.42.34436.0
[4.000s] -- The CXX compiler identification is MSVC 19.42.34436.0
[4.031s] -- Detecting C compiler ABI info
[5.015s] -- Detecting C compiler ABI info - done
[5.046s] -- Check for working C compiler: C:/Program Files/Microsoft Visual Studio/2022/Community/VC/Tools/MSVC/14.42.34433/bin/Hostx64/x64/cl.exe - skipped
[5.046s] -- Detecting C compile features
[5.046s] -- Detecting C compile features - done
[5.046s] -- Detecting CXX compiler ABI info
[5.984s] -- Detecting CXX compiler ABI info - done
[6.015s] -- Check for working CXX compiler: C:/Program Files/Microsoft Visual Studio/2022/Community/VC/Tools/MSVC/14.42.34433/bin/Hostx64/x64/cl.exe - skipped
[6.015s] -- Detecting CXX compile features
[6.015s] -- Detecting CXX compile features - done
[6.031s] -- Found ament_cmake: 1.3.11 (C:/Users/yeira/miniforge3/envs/humble/Library/share/ament_cmake/cmake)
[8.812s] -- Found Python3: C:/Users/yeira/miniforge3/python.exe (found version "3.12.8") found components: Interpreter
[9.109s] -- Found rclcpp: 16.0.11 (C:/Users/yeira/miniforge3/envs/humble/Library/share/rclcpp/cmake)
[9.281s] -- Found rosidl_generator_c: 3.1.6 (C:/Users/yeira/miniforge3/envs/humble/Library/share/rosidl_generator_c/cmake)
[9.296s] -- Found rosidl_adapter: 3.1.6 (C:/Users/yeira/miniforge3/envs/humble/Library/share/rosidl_adapter/cmake)
[9.343s] -- Found rosidl_generator_cpp: 3.1.6 (C:/Users/yeira/miniforge3/envs/humble/Library/share/rosidl_generator_cpp/cmake)
[9.406s] -- Using all available rosidl_typesupport_c: rosidl_typesupport_fastrtps_c;rosidl_typesupport_introspection_c
[9.484s] -- Using all available rosidl_typesupport_cpp: rosidl_typesupport_fastrtps_cpp;rosidl_typesupport_introspection_cpp
[9.718s] -- Found rmw_implementation_cmake: 6.1.2 (C:/Users/yeira/miniforge3/envs/humble/Library/share/rmw_implementation_cmake/cmake)
[9.734s] -- Found rmw_fastrtps_cpp: 6.2.7 (C:/Users/yeira/miniforge3/envs/humble/Library/share/rmw_fastrtps_cpp/cmake)
[9.937s] -- Found FastRTPS: C:/Users/yeira/miniforge3/envs/humble/Library/include
[9.968s] -- Using RMW implementation 'rmw_fastrtps_cpp' as default
[10.015s] -- Performing Test CMAKE_HAVE_LIBC_PTHREAD
[10.687s] -- Performing Test CMAKE_HAVE_LIBC_PTHREAD - Failed
[10.687s] -- Looking for pthread_create in pthreads
[12.125s] -- Looking for pthread_create in pthreads - not found
[12.125s] -- Looking for pthread_create in pthread
[12.906s] -- Looking for pthread_create in pthread - not found
[12.921s] -- Found Threads: TRUE
[13.062s] -- Found std_msgs: 4.2.4 (C:/Users/yeira/miniforge3/envs/humble/Library/share/std_msgs/cmake)
[13.109s] -- Found sensor_msgs: 4.2.4 (C:/Users/yeira/miniforge3/envs/humble/Library/share/sensor_msgs/cmake)
[13.218s] -- Found ament_lint_auto: 0.12.11 (C:/Users/yeira/miniforge3/envs/humble/Library/share/ament_lint_auto/cmake)
[13.531s] -- Added test 'flake8' to check Python code syntax and style conventions
[13.531s] -- Added test 'lint_cmake' to check CMake code style
[13.531s] -- Added test 'pep257' to check Python code against some of the docstring style conventions in PEP 257
[13.531s] -- Added test 'xmllint' to check XML markup files
[13.546s] -- Configuring done (12.2s)
[13.734s] -- Generating done (0.2s)
[13.750s] -- Build files have been written to: C:/dev/p-p_teleop_robotics_unal/build/phantom_coppelia
