[0.632s] [34mcolcon[0m [1;30mDEBUG[0m [32mCommand line arguments: ['C:\\Users\\yeira\\miniforge3\\envs\\humble\\Scripts\\colcon', 'build', '--packages-select', 'move_from_keys'][0m
[0.632s] [34mcolcon[0m [1;30mDEBUG[0m [32mParsed command line arguments: Namespace(log_base=None, log_level=None, verb_name='build', build_base='build', install_base='install', merge_install=False, symlink_install=False, test_result_base=None, continue_on_error=False, executor='parallel', parallel_workers=16, event_handlers=None, ignore_user_meta=False, metas=['./colcon.meta'], base_paths=['.'], packages_ignore=None, packages_ignore_regex=None, paths=None, packages_up_to=None, packages_up_to_regex=None, packages_above=None, packages_above_and_dependencies=None, packages_above_depth=None, packages_select_by_dep=None, packages_skip_by_dep=None, packages_skip_up_to=None, packages_select_build_failed=False, packages_skip_build_finished=False, packages_select_test_failures=False, packages_skip_test_passed=False, packages_select=['move_from_keys'], packages_skip=None, packages_select_regex=None, packages_skip_regex=None, packages_start=None, packages_end=None, cmake_args=None, cmake_target=None, cmake_target_skip_unavailable=False, cmake_clean_cache=False, cmake_clean_first=False, cmake_force_configure=False, ament_cmake_args=None, catkin_cmake_args=None, catkin_skip_building_tests=False, verb_parser=<colcon_defaults.argument_parser.defaults.DefaultArgumentsDecorator object at 0x000001647D639850>, verb_extension=<colcon_core.verb.build.BuildVerb object at 0x000001647D34AB10>, main=<bound method BuildVerb.main of <colcon_core.verb.build.BuildVerb object at 0x000001647D34AB10>>)[0m
[0.789s] [34mcolcon.colcon_core.package_discovery[0m [1;30mLevel 1[0m discover_packages(colcon_meta) check parameters
[0.790s] [34mcolcon.colcon_core.package_discovery[0m [1;30mLevel 1[0m discover_packages(recursive) check parameters
[0.790s] [34mcolcon.colcon_core.package_discovery[0m [1;30mLevel 1[0m discover_packages(ignore) check parameters
[0.790s] [34mcolcon.colcon_core.package_discovery[0m [1;30mLevel 1[0m discover_packages(path) check parameters
[0.790s] [34mcolcon.colcon_core.package_discovery[0m [1;30mLevel 1[0m discover_packages(colcon_meta) discover
[0.791s] [34mcolcon.colcon_core.package_discovery[0m [1;30mLevel 1[0m discover_packages(recursive) discover
[0.791s] [34mcolcon.colcon_core.package_discovery[0m [1;30mINFO[0m Crawling recursively for packages in 'C:\dev\p-p_teleop_robotics_unal'
[0.791s] [34mcolcon.colcon_core.package_identification[0m [1;30mLevel 1[0m _identify(.) by extensions ['ignore', 'ignore_ament_install']
[0.792s] [34mcolcon.colcon_core.package_identification[0m [1;30mLevel 1[0m _identify(.) by extension 'ignore'
[0.792s] [34mcolcon.colcon_core.package_identification[0m [1;30mLevel 1[0m _identify(.) by extension 'ignore_ament_install'
[0.792s] [34mcolcon.colcon_core.package_identification[0m [1;30mLevel 1[0m _identify(.) by extensions ['colcon_pkg']
[0.792s] [34mcolcon.colcon_core.package_identification[0m [1;30mLevel 1[0m _identify(.) by extension 'colcon_pkg'
[0.793s] [34mcolcon.colcon_core.package_identification[0m [1;30mLevel 1[0m _identify(.) by extensions ['colcon_meta']
[0.793s] [34mcolcon.colcon_core.package_identification[0m [1;30mLevel 1[0m _identify(.) by extension 'colcon_meta'
[0.793s] [34mcolcon.colcon_core.package_identification[0m [1;30mLevel 1[0m _identify(.) by extensions ['ros']
[0.793s] [34mcolcon.colcon_core.package_identification[0m [1;30mLevel 1[0m _identify(.) by extension 'ros'
[0.858s] [34mcolcon.colcon_core.package_identification[0m [1;30mLevel 1[0m _identify(.) by extensions ['cmake', 'python']
[0.858s] [34mcolcon.colcon_core.package_identification[0m [1;30mLevel 1[0m _identify(.) by extension 'cmake'
[0.858s] [34mcolcon.colcon_core.package_identification[0m [1;30mLevel 1[0m _identify(.) by extension 'python'
[0.859s] [34mcolcon.colcon_core.package_identification[0m [1;30mLevel 1[0m _identify(.) by extensions ['python_setup_py']
[0.859s] [34mcolcon.colcon_core.package_identification[0m [1;30mLevel 1[0m _identify(.) by extension 'python_setup_py'
[0.860s] [34mcolcon.colcon_core.package_identification[0m [1;30mLevel 1[0m _identify(build) by extensions ['ignore', 'ignore_ament_install']
[0.860s] [34mcolcon.colcon_core.package_identification[0m [1;30mLevel 1[0m _identify(build) by extension 'ignore'
[0.860s] [34mcolcon.colcon_core.package_identification[0m [1;30mLevel 1[0m _identify(build) ignored
[0.861s] [34mcolcon.colcon_core.package_identification[0m [1;30mLevel 1[0m _identify(install) by extensions ['ignore', 'ignore_ament_install']
[0.861s] [34mcolcon.colcon_core.package_identification[0m [1;30mLevel 1[0m _identify(install) by extension 'ignore'
[0.861s] [34mcolcon.colcon_core.package_identification[0m [1;30mLevel 1[0m _identify(install) ignored
[0.862s] [34mcolcon.colcon_core.package_identification[0m [1;30mLevel 1[0m _identify(log) by extensions ['ignore', 'ignore_ament_install']
[0.862s] [34mcolcon.colcon_core.package_identification[0m [1;30mLevel 1[0m _identify(log) by extension 'ignore'
[0.863s] [34mcolcon.colcon_core.package_identification[0m [1;30mLevel 1[0m _identify(log) ignored
[0.864s] [34mcolcon.colcon_core.package_identification[0m [1;30mLevel 1[0m _identify(src) by extensions ['ignore', 'ignore_ament_install']
[0.864s] [34mcolcon.colcon_core.package_identification[0m [1;30mLevel 1[0m _identify(src) by extension 'ignore'
[0.864s] [34mcolcon.colcon_core.package_identification[0m [1;30mLevel 1[0m _identify(src) by extension 'ignore_ament_install'
[0.864s] [34mcolcon.colcon_core.package_identification[0m [1;30mLevel 1[0m _identify(src) by extensions ['colcon_pkg']
[0.864s] [34mcolcon.colcon_core.package_identification[0m [1;30mLevel 1[0m _identify(src) by extension 'colcon_pkg'
[0.865s] [34mcolcon.colcon_core.package_identification[0m [1;30mLevel 1[0m _identify(src) by extensions ['colcon_meta']
[0.865s] [34mcolcon.colcon_core.package_identification[0m [1;30mLevel 1[0m _identify(src) by extension 'colcon_meta'
[0.865s] [34mcolcon.colcon_core.package_identification[0m [1;30mLevel 1[0m _identify(src) by extensions ['ros']
[0.865s] [34mcolcon.colcon_core.package_identification[0m [1;30mLevel 1[0m _identify(src) by extension 'ros'
[0.866s] [34mcolcon.colcon_core.package_identification[0m [1;30mLevel 1[0m _identify(src) by extensions ['cmake', 'python']
[0.866s] [34mcolcon.colcon_core.package_identification[0m [1;30mLevel 1[0m _identify(src) by extension 'cmake'
[0.866s] [34mcolcon.colcon_core.package_identification[0m [1;30mLevel 1[0m _identify(src) by extension 'python'
[0.866s] [34mcolcon.colcon_core.package_identification[0m [1;30mLevel 1[0m _identify(src) by extensions ['python_setup_py']
[0.866s] [34mcolcon.colcon_core.package_identification[0m [1;30mLevel 1[0m _identify(src) by extension 'python_setup_py'
[0.867s] [34mcolcon.colcon_core.package_identification[0m [1;30mLevel 1[0m _identify(src\DynamixelSDK) by extensions ['ignore', 'ignore_ament_install']
[0.867s] [34mcolcon.colcon_core.package_identification[0m [1;30mLevel 1[0m _identify(src\DynamixelSDK) by extension 'ignore'
[0.868s] [34mcolcon.colcon_core.package_identification[0m [1;30mLevel 1[0m _identify(src\DynamixelSDK) by extension 'ignore_ament_install'
[0.868s] [34mcolcon.colcon_core.package_identification[0m [1;30mLevel 1[0m _identify(src\DynamixelSDK) by extensions ['colcon_pkg']
[0.868s] [34mcolcon.colcon_core.package_identification[0m [1;30mLevel 1[0m _identify(src\DynamixelSDK) by extension 'colcon_pkg'
[0.868s] [34mcolcon.colcon_core.package_identification[0m [1;30mLevel 1[0m _identify(src\DynamixelSDK) by extensions ['colcon_meta']
[0.868s] [34mcolcon.colcon_core.package_identification[0m [1;30mLevel 1[0m _identify(src\DynamixelSDK) by extension 'colcon_meta'
[0.869s] [34mcolcon.colcon_core.package_identification[0m [1;30mLevel 1[0m _identify(src\DynamixelSDK) by extensions ['ros']
[0.869s] [34mcolcon.colcon_core.package_identification[0m [1;30mLevel 1[0m _identify(src\DynamixelSDK) by extension 'ros'
[0.869s] [34mcolcon.colcon_core.package_identification[0m [1;30mLevel 1[0m _identify(src\DynamixelSDK) by extensions ['cmake', 'python']
[0.869s] [34mcolcon.colcon_core.package_identification[0m [1;30mLevel 1[0m _identify(src\DynamixelSDK) by extension 'cmake'
[0.870s] [34mcolcon.colcon_core.package_identification[0m [1;30mLevel 1[0m _identify(src\DynamixelSDK) by extension 'python'
[0.870s] [34mcolcon.colcon_core.package_identification[0m [1;30mLevel 1[0m _identify(src\DynamixelSDK) by extensions ['python_setup_py']
[0.870s] [34mcolcon.colcon_core.package_identification[0m [1;30mLevel 1[0m _identify(src\DynamixelSDK) by extension 'python_setup_py'
[0.871s] [34mcolcon.colcon_core.package_identification[0m [1;30mLevel 1[0m _identify(src\DynamixelSDK\dynamixel_sdk) by extensions ['ignore', 'ignore_ament_install']
[0.871s] [34mcolcon.colcon_core.package_identification[0m [1;30mLevel 1[0m _identify(src\DynamixelSDK\dynamixel_sdk) by extension 'ignore'
[0.871s] [34mcolcon.colcon_core.package_identification[0m [1;30mLevel 1[0m _identify(src\DynamixelSDK\dynamixel_sdk) by extension 'ignore_ament_install'
[0.871s] [34mcolcon.colcon_core.package_identification[0m [1;30mLevel 1[0m _identify(src\DynamixelSDK\dynamixel_sdk) by extensions ['colcon_pkg']
[0.871s] [34mcolcon.colcon_core.package_identification[0m [1;30mLevel 1[0m _identify(src\DynamixelSDK\dynamixel_sdk) by extension 'colcon_pkg'
[0.872s] [34mcolcon.colcon_core.package_identification[0m [1;30mLevel 1[0m _identify(src\DynamixelSDK\dynamixel_sdk) by extensions ['colcon_meta']
[0.872s] [34mcolcon.colcon_core.package_identification[0m [1;30mLevel 1[0m _identify(src\DynamixelSDK\dynamixel_sdk) by extension 'colcon_meta'
[0.872s] [34mcolcon.colcon_core.package_identification[0m [1;30mLevel 1[0m _identify(src\DynamixelSDK\dynamixel_sdk) by extensions ['ros']
[0.872s] [34mcolcon.colcon_core.package_identification[0m [1;30mLevel 1[0m _identify(src\DynamixelSDK\dynamixel_sdk) by extension 'ros'
[0.880s] [34mcolcon.colcon_core.package_identification[0m [1;30mDEBUG[0m [32mPackage 'src\DynamixelSDK\dynamixel_sdk' with type 'ros.ament_cmake' and name 'dynamixel_sdk'[0m
[0.881s] [34mcolcon.colcon_core.package_identification[0m [1;30mLevel 1[0m _identify(src\DynamixelSDK\dynamixel_sdk_custom_interfaces) by extensions ['ignore', 'ignore_ament_install']
[0.881s] [34mcolcon.colcon_core.package_identification[0m [1;30mLevel 1[0m _identify(src\DynamixelSDK\dynamixel_sdk_custom_interfaces) by extension 'ignore'
[0.881s] [34mcolcon.colcon_core.package_identification[0m [1;30mLevel 1[0m _identify(src\DynamixelSDK\dynamixel_sdk_custom_interfaces) by extension 'ignore_ament_install'
[0.882s] [34mcolcon.colcon_core.package_identification[0m [1;30mLevel 1[0m _identify(src\DynamixelSDK\dynamixel_sdk_custom_interfaces) by extensions ['colcon_pkg']
[0.882s] [34mcolcon.colcon_core.package_identification[0m [1;30mLevel 1[0m _identify(src\DynamixelSDK\dynamixel_sdk_custom_interfaces) by extension 'colcon_pkg'
[0.882s] [34mcolcon.colcon_core.package_identification[0m [1;30mLevel 1[0m _identify(src\DynamixelSDK\dynamixel_sdk_custom_interfaces) by extensions ['colcon_meta']
[0.882s] [34mcolcon.colcon_core.package_identification[0m [1;30mLevel 1[0m _identify(src\DynamixelSDK\dynamixel_sdk_custom_interfaces) by extension 'colcon_meta'
[0.882s] [34mcolcon.colcon_core.package_identification[0m [1;30mLevel 1[0m _identify(src\DynamixelSDK\dynamixel_sdk_custom_interfaces) by extensions ['ros']
[0.883s] [34mcolcon.colcon_core.package_identification[0m [1;30mLevel 1[0m _identify(src\DynamixelSDK\dynamixel_sdk_custom_interfaces) by extension 'ros'
[0.885s] [34mcolcon.colcon_core.package_identification[0m [1;30mDEBUG[0m [32mPackage 'src\DynamixelSDK\dynamixel_sdk_custom_interfaces' with type 'ros.ament_cmake' and name 'dynamixel_sdk_custom_interfaces'[0m
[0.885s] [34mcolcon.colcon_core.package_identification[0m [1;30mLevel 1[0m _identify(src\DynamixelSDK\dynamixel_sdk_examples) by extensions ['ignore', 'ignore_ament_install']
[0.886s] [34mcolcon.colcon_core.package_identification[0m [1;30mLevel 1[0m _identify(src\DynamixelSDK\dynamixel_sdk_examples) by extension 'ignore'
[0.886s] [34mcolcon.colcon_core.package_identification[0m [1;30mLevel 1[0m _identify(src\DynamixelSDK\dynamixel_sdk_examples) by extension 'ignore_ament_install'
[0.886s] [34mcolcon.colcon_core.package_identification[0m [1;30mLevel 1[0m _identify(src\DynamixelSDK\dynamixel_sdk_examples) by extensions ['colcon_pkg']
[0.886s] [34mcolcon.colcon_core.package_identification[0m [1;30mLevel 1[0m _identify(src\DynamixelSDK\dynamixel_sdk_examples) by extension 'colcon_pkg'
[0.886s] [34mcolcon.colcon_core.package_identification[0m [1;30mLevel 1[0m _identify(src\DynamixelSDK\dynamixel_sdk_examples) by extensions ['colcon_meta']
[0.886s] [34mcolcon.colcon_core.package_identification[0m [1;30mLevel 1[0m _identify(src\DynamixelSDK\dynamixel_sdk_examples) by extension 'colcon_meta'
[0.887s] [34mcolcon.colcon_core.package_identification[0m [1;30mLevel 1[0m _identify(src\DynamixelSDK\dynamixel_sdk_examples) by extensions ['ros']
[0.887s] [34mcolcon.colcon_core.package_identification[0m [1;30mLevel 1[0m _identify(src\DynamixelSDK\dynamixel_sdk_examples) by extension 'ros'
[0.889s] [34mcolcon.colcon_core.package_identification[0m [1;30mDEBUG[0m [32mPackage 'src\DynamixelSDK\dynamixel_sdk_examples' with type 'ros.ament_cmake' and name 'dynamixel_sdk_examples'[0m
[0.890s] [34mcolcon.colcon_core.package_identification[0m [1;30mLevel 1[0m _identify(src\build) by extensions ['ignore', 'ignore_ament_install']
[0.890s] [34mcolcon.colcon_core.package_identification[0m [1;30mLevel 1[0m _identify(src\build) by extension 'ignore'
[0.890s] [34mcolcon.colcon_core.package_identification[0m [1;30mLevel 1[0m _identify(src\build) ignored
[0.891s] [34mcolcon.colcon_core.package_identification[0m [1;30mLevel 1[0m _identify(src\docs) by extensions ['ignore', 'ignore_ament_install']
[0.891s] [34mcolcon.colcon_core.package_identification[0m [1;30mLevel 1[0m _identify(src\docs) by extension 'ignore'
[0.892s] [34mcolcon.colcon_core.package_identification[0m [1;30mLevel 1[0m _identify(src\docs) by extension 'ignore_ament_install'
[0.892s] [34mcolcon.colcon_core.package_identification[0m [1;30mLevel 1[0m _identify(src\docs) by extensions ['colcon_pkg']
[0.892s] [34mcolcon.colcon_core.package_identification[0m [1;30mLevel 1[0m _identify(src\docs) by extension 'colcon_pkg'
[0.892s] [34mcolcon.colcon_core.package_identification[0m [1;30mLevel 1[0m _identify(src\docs) by extensions ['colcon_meta']
[0.892s] [34mcolcon.colcon_core.package_identification[0m [1;30mLevel 1[0m _identify(src\docs) by extension 'colcon_meta'
[0.893s] [34mcolcon.colcon_core.package_identification[0m [1;30mLevel 1[0m _identify(src\docs) by extensions ['ros']
[0.893s] [34mcolcon.colcon_core.package_identification[0m [1;30mLevel 1[0m _identify(src\docs) by extension 'ros'
[0.893s] [34mcolcon.colcon_core.package_identification[0m [1;30mLevel 1[0m _identify(src\docs) by extensions ['cmake', 'python']
[0.893s] [34mcolcon.colcon_core.package_identification[0m [1;30mLevel 1[0m _identify(src\docs) by extension 'cmake'
[0.894s] [34mcolcon.colcon_core.package_identification[0m [1;30mLevel 1[0m _identify(src\docs) by extension 'python'
[0.894s] [34mcolcon.colcon_core.package_identification[0m [1;30mLevel 1[0m _identify(src\docs) by extensions ['python_setup_py']
[0.894s] [34mcolcon.colcon_core.package_identification[0m [1;30mLevel 1[0m _identify(src\docs) by extension 'python_setup_py'
[0.895s] [34mcolcon.colcon_core.package_identification[0m [1;30mLevel 1[0m _identify(src\install) by extensions ['ignore', 'ignore_ament_install']
[0.896s] [34mcolcon.colcon_core.package_identification[0m [1;30mLevel 1[0m _identify(src\install) by extension 'ignore'
[0.897s] [34mcolcon.colcon_core.package_identification[0m [1;30mLevel 1[0m _identify(src\install) ignored
[0.898s] [34mcolcon.colcon_core.package_identification[0m [1;30mLevel 1[0m _identify(src\log) by extensions ['ignore', 'ignore_ament_install']
[0.898s] [34mcolcon.colcon_core.package_identification[0m [1;30mLevel 1[0m _identify(src\log) by extension 'ignore'
[0.898s] [34mcolcon.colcon_core.package_identification[0m [1;30mLevel 1[0m _identify(src\log) ignored
[0.899s] [34mcolcon.colcon_core.package_identification[0m [1;30mLevel 1[0m _identify(src\move_from_keys) by extensions ['ignore', 'ignore_ament_install']
[0.899s] [34mcolcon.colcon_core.package_identification[0m [1;30mLevel 1[0m _identify(src\move_from_keys) by extension 'ignore'
[0.900s] [34mcolcon.colcon_core.package_identification[0m [1;30mLevel 1[0m _identify(src\move_from_keys) by extension 'ignore_ament_install'
[0.900s] [34mcolcon.colcon_core.package_identification[0m [1;30mLevel 1[0m _identify(src\move_from_keys) by extensions ['colcon_pkg']
[0.900s] [34mcolcon.colcon_core.package_identification[0m [1;30mLevel 1[0m _identify(src\move_from_keys) by extension 'colcon_pkg'
[0.900s] [34mcolcon.colcon_core.package_identification[0m [1;30mLevel 1[0m _identify(src\move_from_keys) by extensions ['colcon_meta']
[0.900s] [34mcolcon.colcon_core.package_identification[0m [1;30mLevel 1[0m _identify(src\move_from_keys) by extension 'colcon_meta'
[0.901s] [34mcolcon.colcon_core.package_identification[0m [1;30mLevel 1[0m _identify(src\move_from_keys) by extensions ['ros']
[0.901s] [34mcolcon.colcon_core.package_identification[0m [1;30mLevel 1[0m _identify(src\move_from_keys) by extension 'ros'
[0.903s] [34mcolcon.colcon_core.package_identification[0m [1;30mDEBUG[0m [32mPackage 'src\move_from_keys' with type 'ros.ament_python' and name 'move_from_keys'[0m
[0.904s] [34mcolcon.colcon_core.package_identification[0m [1;30mLevel 1[0m _identify(src\phantom_control) by extensions ['ignore', 'ignore_ament_install']
[0.904s] [34mcolcon.colcon_core.package_identification[0m [1;30mLevel 1[0m _identify(src\phantom_control) by extension 'ignore'
[0.904s] [34mcolcon.colcon_core.package_identification[0m [1;30mLevel 1[0m _identify(src\phantom_control) by extension 'ignore_ament_install'
[0.905s] [34mcolcon.colcon_core.package_identification[0m [1;30mLevel 1[0m _identify(src\phantom_control) by extensions ['colcon_pkg']
[0.905s] [34mcolcon.colcon_core.package_identification[0m [1;30mLevel 1[0m _identify(src\phantom_control) by extension 'colcon_pkg'
[0.905s] [34mcolcon.colcon_core.package_identification[0m [1;30mLevel 1[0m _identify(src\phantom_control) by extensions ['colcon_meta']
[0.905s] [34mcolcon.colcon_core.package_identification[0m [1;30mLevel 1[0m _identify(src\phantom_control) by extension 'colcon_meta'
[0.905s] [34mcolcon.colcon_core.package_identification[0m [1;30mLevel 1[0m _identify(src\phantom_control) by extensions ['ros']
[0.906s] [34mcolcon.colcon_core.package_identification[0m [1;30mLevel 1[0m _identify(src\phantom_control) by extension 'ros'
[0.908s] [34mcolcon.colcon_core.package_identification[0m [1;30mDEBUG[0m [32mPackage 'src\phantom_control' with type 'ros.ament_cmake' and name 'phantom_control'[0m
[0.909s] [34mcolcon.colcon_core.package_identification[0m [1;30mLevel 1[0m _identify(src\phantom_coppelia) by extensions ['ignore', 'ignore_ament_install']
[0.909s] [34mcolcon.colcon_core.package_identification[0m [1;30mLevel 1[0m _identify(src\phantom_coppelia) by extension 'ignore'
[0.909s] [34mcolcon.colcon_core.package_identification[0m [1;30mLevel 1[0m _identify(src\phantom_coppelia) by extension 'ignore_ament_install'
[0.909s] [34mcolcon.colcon_core.package_identification[0m [1;30mLevel 1[0m _identify(src\phantom_coppelia) by extensions ['colcon_pkg']
[0.910s] [34mcolcon.colcon_core.package_identification[0m [1;30mLevel 1[0m _identify(src\phantom_coppelia) by extension 'colcon_pkg'
[0.910s] [34mcolcon.colcon_core.package_identification[0m [1;30mLevel 1[0m _identify(src\phantom_coppelia) by extensions ['colcon_meta']
[0.910s] [34mcolcon.colcon_core.package_identification[0m [1;30mLevel 1[0m _identify(src\phantom_coppelia) by extension 'colcon_meta'
[0.911s] [34mcolcon.colcon_core.package_identification[0m [1;30mLevel 1[0m _identify(src\phantom_coppelia) by extensions ['ros']
[0.911s] [34mcolcon.colcon_core.package_identification[0m [1;30mLevel 1[0m _identify(src\phantom_coppelia) by extension 'ros'
[0.913s] [34mcolcon.colcon_core.package_identification[0m [1;30mDEBUG[0m [32mPackage 'src\phantom_coppelia' with type 'ros.ament_cmake' and name 'phantom_coppelia'[0m
[0.913s] [34mcolcon.colcon_core.package_identification[0m [1;30mLevel 1[0m _identify(src\phantom_description) by extensions ['ignore', 'ignore_ament_install']
[0.914s] [34mcolcon.colcon_core.package_identification[0m [1;30mLevel 1[0m _identify(src\phantom_description) by extension 'ignore'
[0.914s] [34mcolcon.colcon_core.package_identification[0m [1;30mLevel 1[0m _identify(src\phantom_description) by extension 'ignore_ament_install'
[0.914s] [34mcolcon.colcon_core.package_identification[0m [1;30mLevel 1[0m _identify(src\phantom_description) by extensions ['colcon_pkg']
[0.914s] [34mcolcon.colcon_core.package_identification[0m [1;30mLevel 1[0m _identify(src\phantom_description) by extension 'colcon_pkg'
[0.914s] [34mcolcon.colcon_core.package_identification[0m [1;30mLevel 1[0m _identify(src\phantom_description) by extensions ['colcon_meta']
[0.915s] [34mcolcon.colcon_core.package_identification[0m [1;30mLevel 1[0m _identify(src\phantom_description) by extension 'colcon_meta'
[0.915s] [34mcolcon.colcon_core.package_identification[0m [1;30mLevel 1[0m _identify(src\phantom_description) by extensions ['ros']
[0.915s] [34mcolcon.colcon_core.package_identification[0m [1;30mLevel 1[0m _identify(src\phantom_description) by extension 'ros'
[0.917s] [34mcolcon.colcon_core.package_identification[0m [1;30mDEBUG[0m [32mPackage 'src\phantom_description' with type 'ros.ament_cmake' and name 'phantom_description'[0m
[0.918s] [34mcolcon.colcon_core.package_identification[0m [1;30mLevel 1[0m _identify(src\phantom_vision) by extensions ['ignore', 'ignore_ament_install']
[0.918s] [34mcolcon.colcon_core.package_identification[0m [1;30mLevel 1[0m _identify(src\phantom_vision) by extension 'ignore'
[0.918s] [34mcolcon.colcon_core.package_identification[0m [1;30mLevel 1[0m _identify(src\phantom_vision) by extension 'ignore_ament_install'
[0.919s] [34mcolcon.colcon_core.package_identification[0m [1;30mLevel 1[0m _identify(src\phantom_vision) by extensions ['colcon_pkg']
[0.919s] [34mcolcon.colcon_core.package_identification[0m [1;30mLevel 1[0m _identify(src\phantom_vision) by extension 'colcon_pkg'
[0.919s] [34mcolcon.colcon_core.package_identification[0m [1;30mLevel 1[0m _identify(src\phantom_vision) by extensions ['colcon_meta']
[0.919s] [34mcolcon.colcon_core.package_identification[0m [1;30mLevel 1[0m _identify(src\phantom_vision) by extension 'colcon_meta'
[0.919s] [34mcolcon.colcon_core.package_identification[0m [1;30mLevel 1[0m _identify(src\phantom_vision) by extensions ['ros']
[0.920s] [34mcolcon.colcon_core.package_identification[0m [1;30mLevel 1[0m _identify(src\phantom_vision) by extension 'ros'
[0.922s] [34mcolcon.colcon_core.package_identification[0m [1;30mDEBUG[0m [32mPackage 'src\phantom_vision' with type 'ros.ament_cmake' and name 'phantom_vision'[0m
[0.922s] [34mcolcon.colcon_core.package_discovery[0m [1;30mLevel 1[0m discover_packages(recursive) using defaults
[0.922s] [34mcolcon.colcon_core.package_discovery[0m [1;30mLevel 1[0m discover_packages(ignore) discover
[0.922s] [34mcolcon.colcon_core.package_discovery[0m [1;30mLevel 1[0m discover_packages(ignore) using defaults
[0.922s] [34mcolcon.colcon_core.package_discovery[0m [1;30mLevel 1[0m discover_packages(path) discover
[0.922s] [34mcolcon.colcon_core.package_discovery[0m [1;30mLevel 1[0m discover_packages(path) using defaults
[0.979s] [34mcolcon.colcon_core.package_selection[0m [1;30mINFO[0m Skipping not selected package 'dynamixel_sdk' in 'src\DynamixelSDK\dynamixel_sdk'
[0.979s] [34mcolcon.colcon_core.package_selection[0m [1;30mINFO[0m Skipping not selected package 'dynamixel_sdk_custom_interfaces' in 'src\DynamixelSDK\dynamixel_sdk_custom_interfaces'
[0.979s] [34mcolcon.colcon_core.package_selection[0m [1;30mINFO[0m Skipping not selected package 'phantom_coppelia' in 'src\phantom_coppelia'
[0.979s] [34mcolcon.colcon_core.package_selection[0m [1;30mINFO[0m Skipping not selected package 'phantom_description' in 'src\phantom_description'
[0.979s] [34mcolcon.colcon_core.package_selection[0m [1;30mINFO[0m Skipping not selected package 'phantom_vision' in 'src\phantom_vision'
[0.979s] [34mcolcon.colcon_core.package_selection[0m [1;30mINFO[0m Skipping not selected package 'dynamixel_sdk_examples' in 'src\DynamixelSDK\dynamixel_sdk_examples'
[0.979s] [34mcolcon.colcon_core.package_selection[0m [1;30mINFO[0m Skipping not selected package 'phantom_control' in 'src\phantom_control'
[0.980s] [34mcolcon.colcon_core.verb[0m [1;30mLevel 5[0m set package 'move_from_keys' build argument 'cmake_args' from command line to 'None'
[0.980s] [34mcolcon.colcon_core.verb[0m [1;30mLevel 5[0m set package 'move_from_keys' build argument 'cmake_target' from command line to 'None'
[0.980s] [34mcolcon.colcon_core.verb[0m [1;30mLevel 5[0m set package 'move_from_keys' build argument 'cmake_target_skip_unavailable' from command line to 'False'
[0.980s] [34mcolcon.colcon_core.verb[0m [1;30mLevel 5[0m set package 'move_from_keys' build argument 'cmake_clean_cache' from command line to 'False'
[0.980s] [34mcolcon.colcon_core.verb[0m [1;30mLevel 5[0m set package 'move_from_keys' build argument 'cmake_clean_first' from command line to 'False'
[0.981s] [34mcolcon.colcon_core.verb[0m [1;30mLevel 5[0m set package 'move_from_keys' build argument 'cmake_force_configure' from command line to 'False'
[0.981s] [34mcolcon.colcon_core.verb[0m [1;30mLevel 5[0m set package 'move_from_keys' build argument 'ament_cmake_args' from command line to 'None'
[0.981s] [34mcolcon.colcon_core.verb[0m [1;30mLevel 5[0m set package 'move_from_keys' build argument 'catkin_cmake_args' from command line to 'None'
[0.981s] [34mcolcon.colcon_core.verb[0m [1;30mLevel 5[0m set package 'move_from_keys' build argument 'catkin_skip_building_tests' from command line to 'False'
[0.981s] [34mcolcon.colcon_core.verb[0m [1;30mDEBUG[0m [32mBuilding package 'move_from_keys' with the following arguments: {'ament_cmake_args': None, 'build_base': 'C:\\dev\\p-p_teleop_robotics_unal\\build\\move_from_keys', 'catkin_cmake_args': None, 'catkin_skip_building_tests': False, 'cmake_args': None, 'cmake_clean_cache': False, 'cmake_clean_first': False, 'cmake_force_configure': False, 'cmake_target': None, 'cmake_target_skip_unavailable': False, 'install_base': 'C:\\dev\\p-p_teleop_robotics_unal\\install\\move_from_keys', 'merge_install': False, 'path': 'C:\\dev\\p-p_teleop_robotics_unal\\src\\move_from_keys', 'symlink_install': False, 'test_result_base': None}[0m
[0.981s] [34mcolcon.colcon_core.executor[0m [1;30mINFO[0m Executing jobs using 'parallel' executor
[0.987s] [34mcolcon.colcon_parallel_executor.executor.parallel[0m [1;30mDEBUG[0m [32mrun_until_complete[0m
[0.988s] [34mcolcon.colcon_ros.task.ament_python.build[0m [1;30mINFO[0m Building ROS package in 'C:\dev\p-p_teleop_robotics_unal\src\move_from_keys' with build type 'ament_python'
[0.988s] [34mcolcon.colcon_core.shell[0m [1;30mLevel 1[0m create_environment_hook('move_from_keys', 'ament_prefix_path')
[0.992s] [34mcolcon.colcon_core.plugin_system[0m [1;30mINFO[0m Skipping extension 'colcon_core.shell.sh': Not used on Windows systems
[0.992s] [34mcolcon.colcon_core.shell[0m [1;30mINFO[0m Creating environment hook 'C:\dev\p-p_teleop_robotics_unal\install\move_from_keys\share\move_from_keys\hook\ament_prefix_path.ps1'
[0.995s] [34mcolcon.colcon_core.shell[0m [1;30mINFO[0m Creating environment hook 'C:\dev\p-p_teleop_robotics_unal\install\move_from_keys\share\move_from_keys\hook\ament_prefix_path.bat'
[0.997s] [34mcolcon.colcon_core.shell[0m [1;30mINFO[0m Creating environment descriptor 'C:\dev\p-p_teleop_robotics_unal\install\move_from_keys\share\move_from_keys\hook\ament_prefix_path.dsv'
[0.999s] [34mcolcon.colcon_core.shell[0m [1;30mINFO[0m Skip shell extension 'powershell' for command environment: Not usable outside of PowerShell
[1.894s] [34mcolcon.colcon_core.task.python.build[0m [1;30mINFO[0m Building Python package in 'C:\dev\p-p_teleop_robotics_unal\src\move_from_keys'
[1.894s] [34mcolcon.colcon_core.shell[0m [1;30mINFO[0m Skip shell extension 'powershell' for command environment: Not usable outside of PowerShell
[3.893s] [34mcolcon.colcon_core.event_handler.log_command[0m [1;30mDEBUG[0m [32mInvoking command in 'C:\dev\p-p_teleop_robotics_unal\src\move_from_keys': CONDA_PROMPT_MODIFIER=(humble) PYTHONPATH=C:\dev\p-p_teleop_robotics_unal\build\move_from_keys\prefix_override;C:\Users\yeira\miniforge3\envs\humble\Lib\site-packages\colcon_core\task\python\colcon_distutils_commands;C:\dev\p-p_teleop_robotics_unal\install\move_from_keys\Lib\site-packages;%PYTHONPATH% C:\Users\yeira\miniforge3\envs\humble\python.exe -W ignore:setup.py install is deprecated setup.py egg_info --egg-base ..\..\build\move_from_keys build --build-base C:\dev\p-p_teleop_robotics_unal\build\move_from_keys\build install --record C:\dev\p-p_teleop_robotics_unal\build\move_from_keys\install.log --single-version-externally-managed install_data[0m
[5.936s] [34mcolcon.colcon_core.event_handler.log_command[0m [1;30mDEBUG[0m [32mInvoked command in 'C:\dev\p-p_teleop_robotics_unal\src\move_from_keys' returned '0': CONDA_PROMPT_MODIFIER=(humble) PYTHONPATH=C:\dev\p-p_teleop_robotics_unal\build\move_from_keys\prefix_override;C:\Users\yeira\miniforge3\envs\humble\Lib\site-packages\colcon_core\task\python\colcon_distutils_commands;C:\dev\p-p_teleop_robotics_unal\install\move_from_keys\Lib\site-packages;%PYTHONPATH% C:\Users\yeira\miniforge3\envs\humble\python.exe -W ignore:setup.py install is deprecated setup.py egg_info --egg-base ..\..\build\move_from_keys build --build-base C:\dev\p-p_teleop_robotics_unal\build\move_from_keys\build install --record C:\dev\p-p_teleop_robotics_unal\build\move_from_keys\install.log --single-version-externally-managed install_data[0m
[5.951s] [34mcolcon.colcon_core.environment[0m [1;30mLevel 1[0m checking 'C:\dev\p-p_teleop_robotics_unal\install\move_from_keys' for CMake module files
[5.954s] [34mcolcon.colcon_core.environment[0m [1;30mLevel 1[0m checking 'C:\dev\p-p_teleop_robotics_unal\install\move_from_keys' for CMake config files
[5.958s] [34mcolcon.colcon_core.shell[0m [1;30mLevel 1[0m create_environment_hook('move_from_keys', 'cmake_prefix_path')
[5.959s] [34mcolcon.colcon_core.shell[0m [1;30mINFO[0m Creating environment hook 'C:\dev\p-p_teleop_robotics_unal\install\move_from_keys\share\move_from_keys\hook\cmake_prefix_path.ps1'
[5.961s] [34mcolcon.colcon_core.shell[0m [1;30mINFO[0m Creating environment hook 'C:\dev\p-p_teleop_robotics_unal\install\move_from_keys\share\move_from_keys\hook\cmake_prefix_path.bat'
[5.963s] [34mcolcon.colcon_core.shell[0m [1;30mINFO[0m Creating environment descriptor 'C:\dev\p-p_teleop_robotics_unal\install\move_from_keys\share\move_from_keys\hook\cmake_prefix_path.dsv'
[5.964s] [34mcolcon.colcon_core.environment[0m [1;30mLevel 1[0m checking 'C:\dev\p-p_teleop_robotics_unal\install\move_from_keys\bin'
[5.965s] [34mcolcon.colcon_core.environment[0m [1;30mLevel 1[0m checking 'C:\dev\p-p_teleop_robotics_unal\install\move_from_keys\bin'
[5.965s] [34mcolcon.colcon_core.environment[0m [1;30mLevel 1[0m checking 'C:\dev\p-p_teleop_robotics_unal\install\move_from_keys\lib\pkgconfig\move_from_keys.pc'
[5.965s] [34mcolcon.colcon_core.environment[0m [1;30mLevel 1[0m checking 'C:\dev\p-p_teleop_robotics_unal\install\move_from_keys\Lib\site-packages'
[5.966s] [34mcolcon.colcon_core.shell[0m [1;30mLevel 1[0m create_environment_hook('move_from_keys', 'pythonpath')
[5.966s] [34mcolcon.colcon_core.shell[0m [1;30mINFO[0m Creating environment hook 'C:\dev\p-p_teleop_robotics_unal\install\move_from_keys\share\move_from_keys\hook\pythonpath.ps1'
[5.968s] [34mcolcon.colcon_core.shell[0m [1;30mINFO[0m Creating environment hook 'C:\dev\p-p_teleop_robotics_unal\install\move_from_keys\share\move_from_keys\hook\pythonpath.bat'
[5.971s] [34mcolcon.colcon_core.shell[0m [1;30mINFO[0m Creating environment descriptor 'C:\dev\p-p_teleop_robotics_unal\install\move_from_keys\share\move_from_keys\hook\pythonpath.dsv'
[5.973s] [34mcolcon.colcon_core.environment[0m [1;30mLevel 1[0m checking 'C:\dev\p-p_teleop_robotics_unal\install\move_from_keys\Scripts'
[5.973s] [34mcolcon.colcon_core.environment[0m [1;30mLevel 1[0m create_environment_scripts_only(move_from_keys)
[5.974s] [34mcolcon.colcon_core.shell[0m [1;30mINFO[0m Creating package script 'C:\dev\p-p_teleop_robotics_unal\install\move_from_keys\share\move_from_keys\package.ps1'
[5.977s] [34mcolcon.colcon_core.shell[0m [1;30mINFO[0m Creating package script 'C:\dev\p-p_teleop_robotics_unal\install\move_from_keys\share\move_from_keys\package.bat'
[5.979s] [34mcolcon.colcon_core.shell[0m [1;30mINFO[0m Creating package descriptor 'C:\dev\p-p_teleop_robotics_unal\install\move_from_keys\share\move_from_keys\package.dsv'
[5.981s] [34mcolcon.colcon_core.environment[0m [1;30mLevel 1[0m create_file_with_runtime_dependencies(C:\dev\p-p_teleop_robotics_unal\install\move_from_keys\share\colcon-core\packages\move_from_keys)
[5.983s] [34mcolcon.colcon_parallel_executor.executor.parallel[0m [1;30mDEBUG[0m [32mclosing loop[0m
[5.983s] [34mcolcon.colcon_parallel_executor.executor.parallel[0m [1;30mDEBUG[0m [32mloop closed[0m
[5.984s] [34mcolcon.colcon_parallel_executor.executor.parallel[0m [1;30mDEBUG[0m [32mrun_until_complete finished with '0'[0m
[5.984s] [34mcolcon.colcon_core.event_reactor[0m [1;30mDEBUG[0m [32mjoining thread[0m
[5.994s] [34mcolcon.colcon_core.plugin_system[0m [1;30mINFO[0m Skipping extension 'colcon_notification.desktop_notification.notify2': 'notify2' not found
[5.995s] [34mcolcon.colcon_core.plugin_system[0m [1;30mINFO[0m Skipping extension 'colcon_notification.desktop_notification.notify_send': Not used on non-Linux systems
[5.995s] [34mcolcon.colcon_core.plugin_system[0m [1;30mINFO[0m Skipping extension 'colcon_notification.desktop_notification.terminal_notifier': Not used on non-Darwin systems
[5.995s] [34mcolcon.colcon_notification.desktop_notification[0m [1;30mINFO[0m Sending desktop notification using 'win32'
[11.067s] [34mcolcon.colcon_core.event_reactor[0m [1;30mDEBUG[0m [32mjoined thread[0m
[11.067s] [34mcolcon.colcon_core.shell[0m [1;30mINFO[0m Creating prefix script 'C:\dev\p-p_teleop_robotics_unal\install\local_setup.ps1'
[11.073s] [34mcolcon.colcon_core.shell[0m [1;30mINFO[0m Creating prefix util module 'C:\dev\p-p_teleop_robotics_unal\install\_local_setup_util_ps1.py'
[11.076s] [34mcolcon.colcon_core.shell[0m [1;30mINFO[0m Creating prefix chain script 'C:\dev\p-p_teleop_robotics_unal\install\setup.ps1'
[11.080s] [34mcolcon.colcon_core.shell[0m [1;30mINFO[0m Creating prefix script 'C:\dev\p-p_teleop_robotics_unal\install\local_setup.bat'
[11.082s] [34mcolcon.colcon_core.shell[0m [1;30mINFO[0m Creating prefix util module 'C:\dev\p-p_teleop_robotics_unal\install\_local_setup_util_bat.py'
[11.085s] [34mcolcon.colcon_core.shell[0m [1;30mINFO[0m Creating prefix chain script 'C:\dev\p-p_teleop_robotics_unal\install\setup.bat'
