[0.906s] Invoking command in 'C:\dev\p-p_teleop_robotics_unal\build\phantom_coppelia': CL=/MP CMAKE_PREFIX_PATH=%CMAKE_PREFIX_PATH%;C:\dev\p-p_teleop_robotics_unal\install\joy_controller;C:\dev\p-p_teleop_robotics_unal\install\joystick_ros2;C:\Users\yeira\miniforge3\envs\humble\Library CONDA_PROMPT_MODIFIER=(humble) C:\Users\yeira\miniforge3\envs\humble\Library\bin\cmake.EXE --build C:\dev\p-p_teleop_robotics_unal\build\phantom_coppelia --config Release
[1.328s] Versión de MSBuild 17.12.12+1cce77968 para .NET Framework
[1.328s] 
[1.437s] Invoked command in 'C:\dev\p-p_teleop_robotics_unal\build\phantom_coppelia' returned '0': CL=/MP CMAKE_PREFIX_PATH=%CMAKE_PREFIX_PATH%;C:\dev\p-p_teleop_robotics_unal\install\joy_controller;C:\dev\p-p_teleop_robotics_unal\install\joystick_ros2;C:\Users\yeira\miniforge3\envs\humble\Library CONDA_PROMPT_MODIFIER=(humble) C:\Users\yeira\miniforge3\envs\humble\Library\bin\cmake.EXE --build C:\dev\p-p_teleop_robotics_unal\build\phantom_coppelia --config Release
[1.437s] Invoking command in 'C:\dev\p-p_teleop_robotics_unal\build\phantom_coppelia': CMAKE_PREFIX_PATH=%CMAKE_PREFIX_PATH%;C:\dev\p-p_teleop_robotics_unal\install\joy_controller;C:\dev\p-p_teleop_robotics_unal\install\joystick_ros2;C:\Users\yeira\miniforge3\envs\humble\Library CONDA_PROMPT_MODIFIER=(humble) C:\Users\yeira\miniforge3\envs\humble\Library\bin\cmake.EXE --install C:\dev\p-p_teleop_robotics_unal\build\phantom_coppelia --config Release
[1.578s] -- Installing: C:/dev/p-p_teleop_robotics_unal/install/phantom_coppelia/share/phantom_coppelia//launch
[1.578s] -- Installing: C:/dev/p-p_teleop_robotics_unal/install/phantom_coppelia/share/phantom_coppelia//launch/bringup_launch.py
[1.578s] -- Installing: C:/dev/p-p_teleop_robotics_unal/install/phantom_coppelia/share/phantom_coppelia//scenes
[1.578s] -- Installing: C:/dev/p-p_teleop_robotics_unal/install/phantom_coppelia/share/phantom_coppelia//scenes/spheres.ttt
[1.578s] -- Installing: C:/dev/p-p_teleop_robotics_unal/install/phantom_coppelia/share/ament_index/resource_index/package_run_dependencies/phantom_coppelia
[1.578s] -- Installing: C:/dev/p-p_teleop_robotics_unal/install/phantom_coppelia/share/ament_index/resource_index/parent_prefix_path/phantom_coppelia
[1.578s] -- Installing: C:/dev/p-p_teleop_robotics_unal/install/phantom_coppelia/share/phantom_coppelia/environment/ament_prefix_path.bat
[1.578s] -- Installing: C:/dev/p-p_teleop_robotics_unal/install/phantom_coppelia/share/phantom_coppelia/environment/ament_prefix_path.dsv
[1.578s] -- Installing: C:/dev/p-p_teleop_robotics_unal/install/phantom_coppelia/share/phantom_coppelia/environment/path.bat
[1.578s] -- Installing: C:/dev/p-p_teleop_robotics_unal/install/phantom_coppelia/share/phantom_coppelia/environment/path.dsv
[1.578s] -- Installing: C:/dev/p-p_teleop_robotics_unal/install/phantom_coppelia/share/phantom_coppelia/local_setup.bat
[1.578s] -- Installing: C:/dev/p-p_teleop_robotics_unal/install/phantom_coppelia/share/phantom_coppelia/local_setup.dsv
[1.578s] -- Installing: C:/dev/p-p_teleop_robotics_unal/install/phantom_coppelia/share/phantom_coppelia/package.dsv
[1.578s] -- Installing: C:/dev/p-p_teleop_robotics_unal/install/phantom_coppelia/share/ament_index/resource_index/packages/phantom_coppelia
[1.578s] -- Installing: C:/dev/p-p_teleop_robotics_unal/install/phantom_coppelia/share/phantom_coppelia/cmake/phantom_coppeliaConfig.cmake
[1.578s] -- Installing: C:/dev/p-p_teleop_robotics_unal/install/phantom_coppelia/share/phantom_coppelia/cmake/phantom_coppeliaConfig-version.cmake
[1.578s] -- Installing: C:/dev/p-p_teleop_robotics_unal/install/phantom_coppelia/share/phantom_coppelia/package.xml
[1.594s] Invoked command in 'C:\dev\p-p_teleop_robotics_unal\build\phantom_coppelia' returned '0': CMAKE_PREFIX_PATH=%CMAKE_PREFIX_PATH%;C:\dev\p-p_teleop_robotics_unal\install\joy_controller;C:\dev\p-p_teleop_robotics_unal\install\joystick_ros2;C:\Users\yeira\miniforge3\envs\humble\Library CONDA_PROMPT_MODIFIER=(humble) C:\Users\yeira\miniforge3\envs\humble\Library\bin\cmake.EXE --install C:\dev\p-p_teleop_robotics_unal\build\phantom_coppelia --config Release
