C:\Users\yeira\miniforge3\envs\humble\Lib\site-packages\setuptools\_distutils\dist.py:270: UserWarning: Unknown distribution option: 'tests_require'
  warnings.warn(msg)
running egg_info
writing ..\..\build\move_from_keys\move_from_keys.egg-info\PKG-INFO
writing dependency_links to ..\..\build\move_from_keys\move_from_keys.egg-info\dependency_links.txt
writing entry points to ..\..\build\move_from_keys\move_from_keys.egg-info\entry_points.txt
writing requirements to ..\..\build\move_from_keys\move_from_keys.egg-info\requires.txt
writing top-level names to ..\..\build\move_from_keys\move_from_keys.egg-info\top_level.txt
reading manifest file '..\..\build\move_from_keys\move_from_keys.egg-info\SOURCES.txt'
adding license file 'LICENSE'
writing manifest file '..\..\build\move_from_keys\move_from_keys.egg-info\SOURCES.txt'
running build
running build_py
copying move_from_keys\keyboard_controller.py -> C:\dev\p-p_teleop_robotics_unal\build\move_from_keys\build\lib\move_from_keys
copying move_from_keys\__init__.py -> C:\dev\p-p_teleop_robotics_unal\build\move_from_keys\build\lib\move_from_keys
running install
running install_lib
creating C:\dev\p-p_teleop_robotics_unal\install\move_from_keys\Lib\site-packages\move_from_keys
copying C:\dev\p-p_teleop_robotics_unal\build\move_from_keys\build\lib\move_from_keys\keyboard_controller.py -> C:\dev\p-p_teleop_robotics_unal\install\move_from_keys\Lib\site-packages\move_from_keys
copying C:\dev\p-p_teleop_robotics_unal\build\move_from_keys\build\lib\move_from_keys\__init__.py -> C:\dev\p-p_teleop_robotics_unal\install\move_from_keys\Lib\site-packages\move_from_keys
byte-compiling C:\dev\p-p_teleop_robotics_unal\install\move_from_keys\Lib\site-packages\move_from_keys\keyboard_controller.py to keyboard_controller.cpython-311.pyc
byte-compiling C:\dev\p-p_teleop_robotics_unal\install\move_from_keys\Lib\site-packages\move_from_keys\__init__.py to __init__.cpython-311.pyc
running install_data
copying resource\move_from_keys -> C:\dev\p-p_teleop_robotics_unal\install\move_from_keys\share\ament_index\resource_index\packages
copying package.xml -> C:\dev\p-p_teleop_robotics_unal\install\move_from_keys\share\move_from_keys
running install_egg_info
Copying ..\..\build\move_from_keys\move_from_keys.egg-info to C:\dev\p-p_teleop_robotics_unal\install\move_from_keys\Lib\site-packages\move_from_keys-0.0.0-py3.11.egg-info
running install_scripts
Installing keyboard_controller-script.py script to C:\dev\p-p_teleop_robotics_unal\install\move_from_keys\lib\move_from_keys
Installing keyboard_controller.exe script to C:\dev\p-p_teleop_robotics_unal\install\move_from_keys\lib\move_from_keys
writing list of installed files to 'C:\dev\p-p_teleop_robotics_unal\build\move_from_keys\install.log'
