running egg_info
writing ..\..\build\joystick_ros2\joystick_ros2.egg-info\PKG-INFO
writing dependency_links to ..\..\build\joystick_ros2\joystick_ros2.egg-info\dependency_links.txt
writing entry points to ..\..\build\joystick_ros2\joystick_ros2.egg-info\entry_points.txt
writing requirements to ..\..\build\joystick_ros2\joystick_ros2.egg-info\requires.txt
writing top-level names to ..\..\build\joystick_ros2\joystick_ros2.egg-info\top_level.txt
reading manifest file '..\..\build\joystick_ros2\joystick_ros2.egg-info\SOURCES.txt'
adding license file 'LICENSE'
writing manifest file '..\..\build\joystick_ros2\joystick_ros2.egg-info\SOURCES.txt'
running build
running build_py
copying joystick_ros2.py -> C:\dev\p-p_teleop_robotics_unal\build\joystick_ros2\build\lib
copying inputs.py -> C:\dev\p-p_teleop_robotics_unal\build\joystick_ros2\build\lib
running install
running install_lib
running install_data
copying resource\joystick_ros2 -> C:\dev\p-p_teleop_robotics_unal\install\joystick_ros2\share\ament_index\resource_index\packages
copying package.xml -> C:\dev\p-p_teleop_robotics_unal\install\joystick_ros2\shared\joystick_ros2
running install_egg_info
removing 'C:\dev\p-p_teleop_robotics_unal\install\joystick_ros2\Lib\site-packages\joystick_ros2-0.0.1-py3.11.egg-info' (and everything under it)
Copying ..\..\build\joystick_ros2\joystick_ros2.egg-info to C:\dev\p-p_teleop_robotics_unal\install\joystick_ros2\Lib\site-packages\joystick_ros2-0.0.1-py3.11.egg-info
running install_scripts
Installing joystick_ros2-script.py script to C:\dev\p-p_teleop_robotics_unal\install\joystick_ros2\lib\joystick_ros2
Installing joystick_ros2.exe script to C:\dev\p-p_teleop_robotics_unal\install\joystick_ros2\lib\joystick_ros2
writing list of installed files to 'C:\dev\p-p_teleop_robotics_unal\build\joystick_ros2\install.log'
