[0.000000] (-) TimerEvent: {}
[0.000000] (-) JobUnselected: {'identifier': 'dynamixel_sdk'}
[0.000000] (-) JobUnselected: {'identifier': 'dynamixel_sdk_custom_interfaces'}
[0.000000] (-) JobUnselected: {'identifier': 'dynamixel_sdk_examples'}
[0.000000] (-) JobUnselected: {'identifier': 'phantom_control'}
[0.000000] (-) JobUnselected: {'identifier': 'phantom_coppelia'}
[0.000000] (-) JobUnselected: {'identifier': 'phantom_description'}
[0.000000] (-) JobUnselected: {'identifier': 'phantom_vision'}
[0.000000] (move_from_keys) JobQueued: {'identifier': 'move_from_keys', 'dependencies': OrderedDict()}
[0.015000] (move_from_keys) JobStarted: {'identifier': 'move_from_keys'}
[0.109000] (move_from_keys) JobProgress: {'identifier': 'move_from_keys', 'progress': 'cmake'}
[0.109000] (-) TimerEvent: {}
[0.109000] (move_from_keys) Command: {'cmd': ['C:\\Users\\yeira\\miniforge3\\envs\\humble\\Library\\bin\\cmake.EXE', 'C:\\dev\\p-p_teleop_robotics_unal\\src\\move_from_keys', '-DCMAKE_INSTALL_PREFIX=C:\\dev\\p-p_teleop_robotics_unal\\install\\move_from_keys', '-G', 'Visual Studio 17 2022'], 'cwd': 'C:\\dev\\p-p_teleop_robotics_unal\\build\\move_from_keys', 'env': OrderedDict([('ALLUSERSPROFILE', 'C:\\ProgramData'), ('AMENT_PREFIX_PATH', 'C:\\Users\\yeira\\miniforge3\\envs\\humble\\Library'), ('ament_python_executable', 'C:\\Users\\yeira\\miniforge3\\envs\\humble\\python.exe'), ('APPDATA', 'C:\\Users\\yeira\\AppData\\Roaming'), ('COLCON', '1'), ('CommandPromptType', 'Native'), ('CommonProgramFiles', 'C:\\Program Files\\Common Files'), ('CommonProgramFiles(x86)', 'C:\\Program Files (x86)\\Common Files'), ('CommonProgramW6432', 'C:\\Program Files\\Common Files'), ('COMPUTERNAME', 'SRMANCHITA'), ('ComSpec', 'C:\\WINDOWS\\system32\\cmd.exe'), ('CONDA_DEFAULT_ENV', 'humble'), ('CONDA_EXE', 'C:\\Users\\yeira\\miniforge3\\Scripts\\conda.exe'), ('CONDA_EXES', '"C:\\Users\\yeira\\miniforge3\\Scripts\\conda.exe"'), ('CONDA_PREFIX', 'C:\\Users\\yeira\\miniforge3\\envs\\humble'), ('CONDA_PROMPT_MODIFIER', '(humble)'), ('CONDA_PYTHON_EXE', 'C:\\Users\\yeira\\miniforge3\\python.exe'), ('CONDA_SHLVL', '1'), ('DevEnvDir', 'C:\\Program Files\\Microsoft Visual Studio\\2022\\Community\\Common7\\IDE\\'), ('DriverData', 'C:\\Windows\\System32\\Drivers\\DriverData'), ('EFC_13592', '1'), ('ExtensionSdkDir', 'C:\\Program Files (x86)\\Microsoft SDKs\\Windows Kits\\10\\ExtensionSDKs'), ('EXTERNAL_INCLUDE', 'C:\\Program Files\\Microsoft Visual Studio\\2022\\Community\\VC\\Tools\\MSVC\\14.42.34433\\include;C:\\Program Files\\Microsoft Visual Studio\\2022\\Community\\VC\\Auxiliary\\VS\\include;C:\\Program Files (x86)\\Windows Kits\\10\\include\\10.0.22621.0\\ucrt;C:\\Program Files (x86)\\Windows Kits\\10\\\\include\\10.0.22621.0\\\\um;C:\\Program Files (x86)\\Windows Kits\\10\\\\include\\10.0.22621.0\\\\shared;C:\\Program Files (x86)\\Windows Kits\\10\\\\include\\10.0.22621.0\\\\winrt;C:\\Program Files (x86)\\Windows Kits\\10\\\\include\\10.0.22621.0\\\\cppwinrt'), ('FPS_BROWSER_APP_PROFILE_STRING', 'Internet Explorer'), ('FPS_BROWSER_USER_PROFILE_STRING', 'Default'), ('Framework40Version', 'v4.0'), ('FrameworkDir', 'C:\\Windows\\Microsoft.NET\\Framework64\\'), ('FrameworkDir64', 'C:\\Windows\\Microsoft.NET\\Framework64\\'), ('FrameworkVersion', 'v4.0.30319'), ('FrameworkVersion64', 'v4.0.30319'), ('HOMEDRIVE', 'C:'), ('HOMEPATH', '\\Users\\yeira'), ('INCLUDE', 'C:\\Program Files\\Microsoft Visual Studio\\2022\\Community\\VC\\Tools\\MSVC\\14.42.34433\\include;C:\\Program Files\\Microsoft Visual Studio\\2022\\Community\\VC\\Auxiliary\\VS\\include;C:\\Program Files (x86)\\Windows Kits\\10\\include\\10.0.22621.0\\ucrt;C:\\Program Files (x86)\\Windows Kits\\10\\\\include\\10.0.22621.0\\\\um;C:\\Program Files (x86)\\Windows Kits\\10\\\\include\\10.0.22621.0\\\\shared;C:\\Program Files (x86)\\Windows Kits\\10\\\\include\\10.0.22621.0\\\\winrt;C:\\Program Files (x86)\\Windows Kits\\10\\\\include\\10.0.22621.0\\\\cppwinrt'), ('LIB', 'C:\\Program Files\\Microsoft Visual Studio\\2022\\Community\\VC\\Tools\\MSVC\\14.42.34433\\lib\\x64;C:\\Program Files (x86)\\Windows Kits\\10\\lib\\10.0.22621.0\\ucrt\\x64;C:\\Program Files (x86)\\Windows Kits\\10\\\\lib\\10.0.22621.0\\\\um\\x64'), ('LIBPATH', 'C:\\Program Files\\Microsoft Visual Studio\\2022\\Community\\VC\\Tools\\MSVC\\14.42.34433\\lib\\x64;C:\\Program Files\\Microsoft Visual Studio\\2022\\Community\\VC\\Tools\\MSVC\\14.42.34433\\lib\\x86\\store\\references;C:\\Program Files (x86)\\Windows Kits\\10\\UnionMetadata\\10.0.22621.0;C:\\Program Files (x86)\\Windows Kits\\10\\References\\10.0.22621.0;C:\\Windows\\Microsoft.NET\\Framework64\\v4.0.30319'), ('LOCALAPPDATA', 'C:\\Users\\yeira\\AppData\\Local'), ('LOGONSERVER', '\\\\SRMANCHITA'), ('MAMBA_BAT', 'C:\\Users\\yeira\\.local\\share\\mamba\\condabin\\mamba.bat'), ('MAMBA_EXE', 'C:\\Users\\yeira\\miniforge3\\Library\\bin\\mamba.exe'), ('MAMBA_ROOT_PREFIX', 'C:\\Users\\yeira\\.local\\share\\mamba'), ('NUMBER_OF_PROCESSORS', '16'), ('OneDrive', 'C:\\Users\\yeira\\Documents\\OneDrive'), ('OneDriveConsumer', 'C:\\Users\\yeira\\Documents\\OneDrive'), ('OpenCV_DIR', 'C:\\opencv'), ('OS', 'Windows_NT'), ('Path', 'C:\\Users\\yeira\\miniforge3\\envs\\humble;C:\\Users\\yeira\\miniforge3\\envs\\humble\\Library\\mingw-w64\\bin;C:\\Users\\yeira\\miniforge3\\envs\\humble\\Library\\usr\\bin;C:\\Users\\yeira\\miniforge3\\envs\\humble\\Library\\bin;C:\\Users\\yeira\\miniforge3\\envs\\humble\\Scripts;C:\\Users\\yeira\\miniforge3\\envs\\humble\\bin;C:\\Users\\yeira\\miniforge3\\envs\\humble\\Library\\opt\\rviz_ogre_vendor\\bin;C:\\Program Files\\Microsoft Visual Studio\\2022\\Community\\VC\\Tools\\MSVC\\14.42.34433\\bin\\HostX64\\x64;C:\\Program Files\\Microsoft Visual Studio\\2022\\Community\\Common7\\IDE\\VC\\VCPackages;C:\\Program Files\\Microsoft Visual Studio\\2022\\Community\\Common7\\IDE\\CommonExtensions\\Microsoft\\TestWindow;C:\\Program Files\\Microsoft Visual Studio\\2022\\Community\\Common7\\IDE\\CommonExtensions\\Microsoft\\TeamFoundation\\Team Explorer;C:\\Program Files\\Microsoft Visual Studio\\2022\\Community\\MSBuild\\Current\\bin\\Roslyn;C:\\Program Files (x86)\\Windows Kits\\10\\bin\\10.0.22621.0\\x64;C:\\Program Files (x86)\\Windows Kits\\10\\bin\\x64;C:\\Program Files\\Microsoft Visual Studio\\2022\\Community\\MSBuild\\Current\\Bin\\amd64;C:\\Windows\\Microsoft.NET\\Framework64\\v4.0.30319;C:\\Program Files\\Microsoft Visual Studio\\2022\\Community\\Common7\\IDE;C:\\Program Files\\Microsoft Visual Studio\\2022\\Community\\Common7\\Tools;C:\\Users\\yeira\\.local\\share\\mamba\\condabin;C:\\Program Files (x86)\\VMware\\VMware Player\\bin;C:\\WINDOWS\\system32;C:\\WINDOWS;C:\\WINDOWS\\System32\\Wbem;C:\\WINDOWS\\System32\\WindowsPowerShell\\v1.0;C:\\WINDOWS\\System32\\OpenSSH;C:\\Program Files\\MATLAB\\R2024b\\bin;C:\\Program Files\\Git\\cmd;C:\\Users\\yeira\\miniforge3;C:\\Users\\yeira\\miniforge3\\Library\\mingw-w64\\bin;C:\\Users\\yeira\\miniforge3\\Library\\usr\\bin;C:\\Users\\yeira\\miniforge3\\Library\\bin;C:\\Users\\yeira\\miniforge3\\Scripts;C:\\Users\\yeira\\AppData\\Local\\Microsoft\\WindowsApps;C:\\Users\\yeira\\AppData\\Local\\Programs\\Microsoft VS Code\\bin;C:\\opencv\\x64\\vc16\\bin;.;C:\\opencv\\x64\\vc16\\bin;C:\\Program Files\\CMake\\bin;C:\\Users\\yeira\\miniforge3;C:\\Users\\yeira\\miniforge3\\Library\\mingw-w64\\bin;C:\\Users\\yeira\\miniforge3\\Library\\usr\\bin;C:\\Users\\yeira\\miniforge3\\Library\\bin;C:\\Users\\yeira\\miniforge3\\Scripts;C:\\Users\\yeira\\AppData\\Local\\Microsoft\\WindowsApps;C:\\Users\\yeira\\AppData\\Local\\Programs\\Microsoft VS Code\\bin;C:\\Program Files\\Microsoft Visual Studio\\2022\\Community\\Common7\\IDE\\CommonExtensions\\Microsoft\\CMake\\CMake\\bin;C:\\Program Files\\Microsoft Visual Studio\\2022\\Community\\Common7\\IDE\\CommonExtensions\\Microsoft\\CMake\\Ninja;C:\\Program Files\\Microsoft Visual Studio\\2022\\Community\\Common7\\IDE\\VC\\Linux\\bin\\ConnectionManagerExe'), ('PATHEXT', '.COM;.EXE;.BAT;.CMD;.VBS;.VBE;.JS;.JSE;.WSF;.WSH;.MSC'), ('PKG_CONFIG_PATH', 'C:\\Users\\yeira\\miniforge3\\envs\\humble\\Library\\lib\\pkgconfig;'), ('Platform', 'x64'), ('PROCESSOR_ARCHITECTURE', 'AMD64'), ('PROCESSOR_IDENTIFIER', 'AMD64 Family 25 Model 80 Stepping 0, AuthenticAMD'), ('PROCESSOR_LEVEL', '25'), ('PROCESSOR_REVISION', '5000'), ('ProgramData', 'C:\\ProgramData'), ('ProgramFiles', 'C:\\Program Files'), ('ProgramFiles(x86)', 'C:\\Program Files (x86)'), ('ProgramW6432', 'C:\\Program Files'), ('PROJ_DATA', 'C:\\Users\\yeira\\miniforge3\\envs\\humble\\Library\\share\\proj'), ('PROJ_NETWORK', 'ON'), ('PROMPT', '(humble) $P$G'), ('PSModulePath', 'C:\\Program Files\\WindowsPowerShell\\Modules;C:\\WINDOWS\\system32\\WindowsPowerShell\\v1.0\\Modules'), ('PUBLIC', 'C:\\Users\\Public'), ('PYTHONPATH', 'C:\\Users\\yeira\\miniforge3\\envs\\humble\\Library\\lib/site-packages;C:\\Users\\yeira\\miniforge3\\envs\\humble\\Library\\..\\Lib\\site-packages'), ('QT_PLUGIN_PATH', 'C:\\Users\\yeira\\miniforge3\\envs\\humble\\Library\\plugins'), ('ROS_DISTRO', 'humble'), ('ROS_ETC_DIR', 'C:\\Users\\yeira\\miniforge3\\envs\\humble\\Library\\etc\\ros'), ('ROS_LOCALHOST_ONLY', '0'), ('ROS_OS_OVERRIDE', 'conda:win64'), ('ROS_PYTHON_VERSION', '3'), ('ROS_VERSION', '2'), ('SESSIONNAME', 'Console'), ('SSL_CERT_DIR', 'C:\\Users\\yeira\\miniforge3\\envs\\humble\\Library\\ssl\\certs'), ('SSL_CERT_FILE', 'C:\\Users\\yeira\\miniforge3\\envs\\humble\\Library\\ssl\\cacert.pem'), ('SystemDrive', 'C:'), ('SystemRoot', 'C:\\WINDOWS'), ('TEMP', 'C:\\Users\\yeira\\AppData\\Local\\Temp'), ('TMP', 'C:\\Users\\yeira\\AppData\\Local\\Temp'), ('UCRTVersion', '10.0.22621.0'), ('UniversalCRTSdkDir', 'C:\\Program Files (x86)\\Windows Kits\\10\\'), ('USERDOMAIN', 'SRMANCHITA'), ('USERDOMAIN_ROAMINGPROFILE', 'SRMANCHITA'), ('USERNAME', 'yeira'), ('USERPROFILE', 'C:\\Users\\yeira'), ('VCIDEInstallDir', 'C:\\Program Files\\Microsoft Visual Studio\\2022\\Community\\Common7\\IDE\\VC\\'), ('VCINSTALLDIR', 'C:\\Program Files\\Microsoft Visual Studio\\2022\\Community\\VC\\'), ('VCToolsInstallDir', 'C:\\Program Files\\Microsoft Visual Studio\\2022\\Community\\VC\\Tools\\MSVC\\14.42.34433\\'), ('VCToolsRedistDir', 'C:\\Program Files\\Microsoft Visual Studio\\2022\\Community\\VC\\Redist\\MSVC\\14.42.34433\\'), ('VCToolsVersion', '14.42.34433'), ('VisualStudioVersion', '17.0'), ('VS170COMNTOOLS', 'C:\\Program Files\\Microsoft Visual Studio\\2022\\Community\\Common7\\Tools\\'), ('VSCMD_ARG_app_plat', 'Desktop'), ('VSCMD_ARG_HOST_ARCH', 'x64'), ('VSCMD_ARG_TGT_ARCH', 'x64'), ('VSCMD_VER', '17.12.4'), ('VSINSTALLDIR', 'C:\\Program Files\\Microsoft Visual Studio\\2022\\Community\\'), ('windir', 'C:\\WINDOWS'), ('WindowsLibPath', 'C:\\Program Files (x86)\\Windows Kits\\10\\UnionMetadata\\10.0.22621.0;C:\\Program Files (x86)\\Windows Kits\\10\\References\\10.0.22621.0'), ('WindowsSdkBinPath', 'C:\\Program Files (x86)\\Windows Kits\\10\\bin\\'), ('WindowsSdkDir', 'C:\\Program Files (x86)\\Windows Kits\\10\\'), ('WindowsSDKLibVersion', '10.0.22621.0\\'), ('WindowsSdkVerBinPath', 'C:\\Program Files (x86)\\Windows Kits\\10\\bin\\10.0.22621.0\\'), ('WindowsSDKVersion', '10.0.22621.0\\'), ('XML_CATALOG_FILES', 'file:///C:/Users/yeira/miniforge3/envs/humble/etc/xml/catalog'), ('__CONDA_OPENSSL_CERT_DIR_SET', '1'), ('__CONDA_OPENSSL_CERT_FILE_SET', '1'), ('__DOTNET_ADD_64BIT', '1'), ('__DOTNET_PREFERRED_BITNESS', '64'), ('__VSCMD_PREINIT_PATH', 'C:\\Users\\yeira\\.local\\share\\mamba\\condabin;C:\\Users\\yeira\\.local\\share\\mamba\\condabin;C:\\Users\\yeira\\.local\\share\\mamba\\condabin;C:\\Program Files (x86)\\VMware\\VMware Player\\bin\\;C:\\WINDOWS\\system32;C:\\WINDOWS;C:\\WINDOWS\\System32\\Wbem;C:\\WINDOWS\\System32\\WindowsPowerShell\\v1.0\\;C:\\WINDOWS\\System32\\OpenSSH\\;C:\\Program Files\\MATLAB\\R2024b\\bin;C:\\Program Files\\Git\\cmd;C:\\Users\\yeira\\miniforge3;C:\\Users\\yeira\\miniforge3\\Library\\mingw-w64\\bin;C:\\Users\\yeira\\miniforge3\\Library\\usr\\bin;C:\\Users\\yeira\\miniforge3\\Library\\bin;C:\\Users\\yeira\\miniforge3\\Scripts;C:\\Users\\yeira\\AppData\\Local\\Microsoft\\WindowsApps;C:\\Users\\yeira\\AppData\\Local\\Programs\\Microsoft VS Code\\bin;C:\\opencv\\x64\\vc16\\bin;;C:\\opencv\\x64\\vc16\\bin;C:\\Program Files\\CMake\\bin;C:\\Users\\yeira\\miniforge3;C:\\Users\\yeira\\miniforge3\\Library\\mingw-w64\\bin;C:\\Users\\yeira\\miniforge3\\Library\\usr\\bin;C:\\Users\\yeira\\miniforge3\\Library\\bin;C:\\Users\\yeira\\miniforge3\\Scripts;C:\\Users\\yeira\\AppData\\Local\\Microsoft\\WindowsApps;C:\\Users\\yeira\\AppData\\Local\\Programs\\Microsoft VS Code\\bin'), ('CMAKE_PREFIX_PATH', 'C:\\Users\\yeira\\miniforge3\\envs\\humble\\Library')]), 'shell': False}
[0.187000] (move_from_keys) StderrLine: {'line': b'CMake Deprecation Warning at CMakeLists.txt:1 (cmake_minimum_required):\n'}
[0.203000] (move_from_keys) StderrLine: {'line': b'  Compatibility with CMake < 3.10 will be removed from a future version of\n'}
[0.203000] (move_from_keys) StderrLine: {'line': b'  CMake.\n'}
[0.203000] (move_from_keys) StderrLine: {'line': b'\n'}
[0.203000] (move_from_keys) StderrLine: {'line': b'  Update the VERSION argument <min> value.  Or, use the <min>...<max> syntax\n'}
[0.203000] (move_from_keys) StderrLine: {'line': b'  to tell CMake that the project requires at least <min> but has been updated\n'}
[0.203000] (move_from_keys) StderrLine: {'line': b'  to work with policies introduced by <max> or earlier.\n'}
[0.203000] (move_from_keys) StderrLine: {'line': b'\n'}
[0.203000] (move_from_keys) StderrLine: {'line': b'\n'}
[0.203000] (move_from_keys) StdoutLine: {'line': b'-- Selecting Windows SDK version 10.0.22621.0 to target Windows 10.0.26100.\n'}
[0.234000] (-) TimerEvent: {}
[0.359000] (-) TimerEvent: {}
[0.484000] (-) TimerEvent: {}
[0.593000] (-) TimerEvent: {}
[0.703000] (-) TimerEvent: {}
[0.828000] (-) TimerEvent: {}
[0.937000] (-) TimerEvent: {}
[1.046000] (-) TimerEvent: {}
[1.156000] (-) TimerEvent: {}
[1.265000] (-) TimerEvent: {}
[1.375000] (-) TimerEvent: {}
[1.484000] (-) TimerEvent: {}
[1.593000] (-) TimerEvent: {}
[1.703000] (-) TimerEvent: {}
[1.812000] (-) TimerEvent: {}
[1.953000] (-) TimerEvent: {}
[2.062000] (-) TimerEvent: {}
[2.171000] (-) TimerEvent: {}
[2.281000] (-) TimerEvent: {}
[2.390000] (-) TimerEvent: {}
[2.515000] (-) TimerEvent: {}
[2.625000] (-) TimerEvent: {}
[2.734000] (-) TimerEvent: {}
[2.859000] (-) TimerEvent: {}
[2.968000] (-) TimerEvent: {}
[2.984000] (move_from_keys) StdoutLine: {'line': b'-- The C compiler identification is MSVC 19.42.34436.0\n'}
[3.078000] (-) TimerEvent: {}
[3.187000] (-) TimerEvent: {}
[3.296000] (-) TimerEvent: {}
[3.406000] (-) TimerEvent: {}
[3.515000] (-) TimerEvent: {}
[3.625000] (-) TimerEvent: {}
[3.734000] (-) TimerEvent: {}
[3.859000] (-) TimerEvent: {}
[3.968000] (-) TimerEvent: {}
[4.078000] (-) TimerEvent: {}
[4.187000] (-) TimerEvent: {}
[4.296000] (-) TimerEvent: {}
[4.406000] (-) TimerEvent: {}
[4.468000] (move_from_keys) StdoutLine: {'line': b'-- The CXX compiler identification is MSVC 19.42.34436.0\n'}
[4.515000] (-) TimerEvent: {}
[4.531000] (move_from_keys) StdoutLine: {'line': b'-- Detecting C compiler ABI info\n'}
[4.625000] (-) TimerEvent: {}
[4.734000] (-) TimerEvent: {}
[4.843000] (-) TimerEvent: {}
[4.953000] (-) TimerEvent: {}
[5.062000] (-) TimerEvent: {}
[5.171000] (-) TimerEvent: {}
[5.281000] (-) TimerEvent: {}
[5.390000] (-) TimerEvent: {}
[5.500000] (-) TimerEvent: {}
[5.609000] (-) TimerEvent: {}
[5.718000] (-) TimerEvent: {}
[5.828000] (-) TimerEvent: {}
[5.937000] (-) TimerEvent: {}
[6.046000] (-) TimerEvent: {}
[6.062000] (move_from_keys) StdoutLine: {'line': b'-- Detecting C compiler ABI info - done\n'}
[6.109000] (move_from_keys) StdoutLine: {'line': b'-- Check for working C compiler: C:/Program Files/Microsoft Visual Studio/2022/Community/VC/Tools/MSVC/14.42.34433/bin/Hostx64/x64/cl.exe - skipped\n'}
[6.109000] (move_from_keys) StdoutLine: {'line': b'-- Detecting C compile features\n'}
[6.109000] (move_from_keys) StdoutLine: {'line': b'-- Detecting C compile features - done\n'}
[6.140000] (move_from_keys) StdoutLine: {'line': b'-- Detecting CXX compiler ABI info\n'}
[6.156000] (-) TimerEvent: {}
[6.265000] (-) TimerEvent: {}
[6.375000] (-) TimerEvent: {}
[6.500000] (-) TimerEvent: {}
[6.609000] (-) TimerEvent: {}
[6.718000] (-) TimerEvent: {}
[6.843000] (-) TimerEvent: {}
[6.953000] (-) TimerEvent: {}
[7.062000] (-) TimerEvent: {}
[7.171000] (-) TimerEvent: {}
[7.281000] (-) TimerEvent: {}
[7.390000] (-) TimerEvent: {}
[7.500000] (-) TimerEvent: {}
[7.609000] (-) TimerEvent: {}
[7.640000] (move_from_keys) StdoutLine: {'line': b'-- Detecting CXX compiler ABI info - done\n'}
[7.687000] (move_from_keys) StdoutLine: {'line': b'-- Check for working CXX compiler: C:/Program Files/Microsoft Visual Studio/2022/Community/VC/Tools/MSVC/14.42.34433/bin/Hostx64/x64/cl.exe - skipped\n'}
[7.687000] (move_from_keys) StdoutLine: {'line': b'-- Detecting CXX compile features\n'}
[7.687000] (move_from_keys) StdoutLine: {'line': b'-- Detecting CXX compile features - done\n'}
[7.703000] (move_from_keys) StdoutLine: {'line': b'-- Found ament_cmake: 1.3.11 (C:/Users/yeira/miniforge3/envs/humble/Library/share/ament_cmake/cmake)\n'}
[7.718000] (-) TimerEvent: {}
[7.843000] (-) TimerEvent: {}
[7.953000] (-) TimerEvent: {}
[8.062000] (-) TimerEvent: {}
[8.171000] (-) TimerEvent: {}
[8.281000] (-) TimerEvent: {}
[8.390000] (-) TimerEvent: {}
[8.500000] (-) TimerEvent: {}
[8.609000] (-) TimerEvent: {}
[8.718000] (-) TimerEvent: {}
[8.828000] (-) TimerEvent: {}
[8.937000] (-) TimerEvent: {}
[9.046000] (-) TimerEvent: {}
[9.156000] (-) TimerEvent: {}
[9.265000] (-) TimerEvent: {}
[9.375000] (-) TimerEvent: {}
[9.484000] (-) TimerEvent: {}
[9.593000] (-) TimerEvent: {}
[9.718000] (-) TimerEvent: {}
[9.843000] (-) TimerEvent: {}
[9.968000] (-) TimerEvent: {}
[10.078000] (-) TimerEvent: {}
[10.187000] (-) TimerEvent: {}
[10.296000] (-) TimerEvent: {}
[10.406000] (-) TimerEvent: {}
[10.515000] (-) TimerEvent: {}
[10.625000] (-) TimerEvent: {}
[10.734000] (-) TimerEvent: {}
[10.843000] (-) TimerEvent: {}
[10.953000] (-) TimerEvent: {}
[11.062000] (-) TimerEvent: {}
[11.171000] (-) TimerEvent: {}
[11.281000] (-) TimerEvent: {}
[11.390000] (-) TimerEvent: {}
[11.500000] (-) TimerEvent: {}
[11.609000] (-) TimerEvent: {}
[11.718000] (-) TimerEvent: {}
[11.734000] (move_from_keys) StdoutLine: {'line': b'-- Found Python3: C:/Users/yeira/miniforge3/python.exe (found version "3.12.8") found components: Interpreter\n'}
[11.828000] (-) TimerEvent: {}
[11.937000] (-) TimerEvent: {}
[12.046000] (-) TimerEvent: {}
[12.156000] (-) TimerEvent: {}
[12.218000] (move_from_keys) StdoutLine: {'line': b'-- Found ament_lint_auto: 0.12.11 (C:/Users/yeira/miniforge3/envs/humble/Library/share/ament_lint_auto/cmake)\n'}
[12.265000] (-) TimerEvent: {}
[12.375000] (-) TimerEvent: {}
[12.484000] (-) TimerEvent: {}
[12.593000] (-) TimerEvent: {}
[12.640000] (move_from_keys) StdoutLine: {'line': b"-- Added test 'flake8' to check Python code syntax and style conventions\n"}
[12.656000] (move_from_keys) StdoutLine: {'line': b"-- Added test 'lint_cmake' to check CMake code style\n"}
[12.656000] (move_from_keys) StdoutLine: {'line': b"-- Added test 'pep257' to check Python code against some of the docstring style conventions in PEP 257\n"}
[12.656000] (move_from_keys) StdoutLine: {'line': b"-- Added test 'xmllint' to check XML markup files\n"}
[12.671000] (move_from_keys) StdoutLine: {'line': b'-- Configuring done (12.5s)\n'}
[12.703000] (-) TimerEvent: {}
[12.828000] (move_from_keys) StdoutLine: {'line': b'-- Generating done (0.1s)\n'}
[12.828000] (-) TimerEvent: {}
[12.828000] (move_from_keys) StdoutLine: {'line': b'-- Build files have been written to: C:/dev/p-p_teleop_robotics_unal/build/move_from_keys\n'}
[12.828000] (move_from_keys) CommandEnded: {'returncode': 0}
[12.859000] (move_from_keys) JobProgress: {'identifier': 'move_from_keys', 'progress': 'build'}
[12.859000] (move_from_keys) Command: {'cmd': ['C:\\Users\\yeira\\miniforge3\\envs\\humble\\Library\\bin\\cmake.EXE', '--build', 'C:\\dev\\p-p_teleop_robotics_unal\\build\\move_from_keys', '--config', 'Release'], 'cwd': 'C:\\dev\\p-p_teleop_robotics_unal\\build\\move_from_keys', 'env': {'ALLUSERSPROFILE': 'C:\\ProgramData', 'AMENT_PREFIX_PATH': 'C:\\Users\\yeira\\miniforge3\\envs\\humble\\Library', 'ament_python_executable': 'C:\\Users\\yeira\\miniforge3\\envs\\humble\\python.exe', 'APPDATA': 'C:\\Users\\yeira\\AppData\\Roaming', 'COLCON': '1', 'CommandPromptType': 'Native', 'CommonProgramFiles': 'C:\\Program Files\\Common Files', 'CommonProgramFiles(x86)': 'C:\\Program Files (x86)\\Common Files', 'CommonProgramW6432': 'C:\\Program Files\\Common Files', 'COMPUTERNAME': 'SRMANCHITA', 'ComSpec': 'C:\\WINDOWS\\system32\\cmd.exe', 'CONDA_DEFAULT_ENV': 'humble', 'CONDA_EXE': 'C:\\Users\\yeira\\miniforge3\\Scripts\\conda.exe', 'CONDA_EXES': '"C:\\Users\\yeira\\miniforge3\\Scripts\\conda.exe"', 'CONDA_PREFIX': 'C:\\Users\\yeira\\miniforge3\\envs\\humble', 'CONDA_PROMPT_MODIFIER': '(humble)', 'CONDA_PYTHON_EXE': 'C:\\Users\\yeira\\miniforge3\\python.exe', 'CONDA_SHLVL': '1', 'DevEnvDir': 'C:\\Program Files\\Microsoft Visual Studio\\2022\\Community\\Common7\\IDE\\', 'DriverData': 'C:\\Windows\\System32\\Drivers\\DriverData', 'EFC_13592': '1', 'ExtensionSdkDir': 'C:\\Program Files (x86)\\Microsoft SDKs\\Windows Kits\\10\\ExtensionSDKs', 'EXTERNAL_INCLUDE': 'C:\\Program Files\\Microsoft Visual Studio\\2022\\Community\\VC\\Tools\\MSVC\\14.42.34433\\include;C:\\Program Files\\Microsoft Visual Studio\\2022\\Community\\VC\\Auxiliary\\VS\\include;C:\\Program Files (x86)\\Windows Kits\\10\\include\\10.0.22621.0\\ucrt;C:\\Program Files (x86)\\Windows Kits\\10\\\\include\\10.0.22621.0\\\\um;C:\\Program Files (x86)\\Windows Kits\\10\\\\include\\10.0.22621.0\\\\shared;C:\\Program Files (x86)\\Windows Kits\\10\\\\include\\10.0.22621.0\\\\winrt;C:\\Program Files (x86)\\Windows Kits\\10\\\\include\\10.0.22621.0\\\\cppwinrt', 'FPS_BROWSER_APP_PROFILE_STRING': 'Internet Explorer', 'FPS_BROWSER_USER_PROFILE_STRING': 'Default', 'Framework40Version': 'v4.0', 'FrameworkDir': 'C:\\Windows\\Microsoft.NET\\Framework64\\', 'FrameworkDir64': 'C:\\Windows\\Microsoft.NET\\Framework64\\', 'FrameworkVersion': 'v4.0.30319', 'FrameworkVersion64': 'v4.0.30319', 'HOMEDRIVE': 'C:', 'HOMEPATH': '\\Users\\yeira', 'INCLUDE': 'C:\\Program Files\\Microsoft Visual Studio\\2022\\Community\\VC\\Tools\\MSVC\\14.42.34433\\include;C:\\Program Files\\Microsoft Visual Studio\\2022\\Community\\VC\\Auxiliary\\VS\\include;C:\\Program Files (x86)\\Windows Kits\\10\\include\\10.0.22621.0\\ucrt;C:\\Program Files (x86)\\Windows Kits\\10\\\\include\\10.0.22621.0\\\\um;C:\\Program Files (x86)\\Windows Kits\\10\\\\include\\10.0.22621.0\\\\shared;C:\\Program Files (x86)\\Windows Kits\\10\\\\include\\10.0.22621.0\\\\winrt;C:\\Program Files (x86)\\Windows Kits\\10\\\\include\\10.0.22621.0\\\\cppwinrt', 'LIB': 'C:\\Program Files\\Microsoft Visual Studio\\2022\\Community\\VC\\Tools\\MSVC\\14.42.34433\\lib\\x64;C:\\Program Files (x86)\\Windows Kits\\10\\lib\\10.0.22621.0\\ucrt\\x64;C:\\Program Files (x86)\\Windows Kits\\10\\\\lib\\10.0.22621.0\\\\um\\x64', 'LIBPATH': 'C:\\Program Files\\Microsoft Visual Studio\\2022\\Community\\VC\\Tools\\MSVC\\14.42.34433\\lib\\x64;C:\\Program Files\\Microsoft Visual Studio\\2022\\Community\\VC\\Tools\\MSVC\\14.42.34433\\lib\\x86\\store\\references;C:\\Program Files (x86)\\Windows Kits\\10\\UnionMetadata\\10.0.22621.0;C:\\Program Files (x86)\\Windows Kits\\10\\References\\10.0.22621.0;C:\\Windows\\Microsoft.NET\\Framework64\\v4.0.30319', 'LOCALAPPDATA': 'C:\\Users\\yeira\\AppData\\Local', 'LOGONSERVER': '\\\\SRMANCHITA', 'MAMBA_BAT': 'C:\\Users\\yeira\\.local\\share\\mamba\\condabin\\mamba.bat', 'MAMBA_EXE': 'C:\\Users\\yeira\\miniforge3\\Library\\bin\\mamba.exe', 'MAMBA_ROOT_PREFIX': 'C:\\Users\\yeira\\.local\\share\\mamba', 'NUMBER_OF_PROCESSORS': '16', 'OneDrive': 'C:\\Users\\yeira\\Documents\\OneDrive', 'OneDriveConsumer': 'C:\\Users\\yeira\\Documents\\OneDrive', 'OpenCV_DIR': 'C:\\opencv', 'OS': 'Windows_NT', 'Path': 'C:\\Users\\yeira\\miniforge3\\envs\\humble;C:\\Users\\yeira\\miniforge3\\envs\\humble\\Library\\mingw-w64\\bin;C:\\Users\\yeira\\miniforge3\\envs\\humble\\Library\\usr\\bin;C:\\Users\\yeira\\miniforge3\\envs\\humble\\Library\\bin;C:\\Users\\yeira\\miniforge3\\envs\\humble\\Scripts;C:\\Users\\yeira\\miniforge3\\envs\\humble\\bin;C:\\Users\\yeira\\miniforge3\\envs\\humble\\Library\\opt\\rviz_ogre_vendor\\bin;C:\\Program Files\\Microsoft Visual Studio\\2022\\Community\\VC\\Tools\\MSVC\\14.42.34433\\bin\\HostX64\\x64;C:\\Program Files\\Microsoft Visual Studio\\2022\\Community\\Common7\\IDE\\VC\\VCPackages;C:\\Program Files\\Microsoft Visual Studio\\2022\\Community\\Common7\\IDE\\CommonExtensions\\Microsoft\\TestWindow;C:\\Program Files\\Microsoft Visual Studio\\2022\\Community\\Common7\\IDE\\CommonExtensions\\Microsoft\\TeamFoundation\\Team Explorer;C:\\Program Files\\Microsoft Visual Studio\\2022\\Community\\MSBuild\\Current\\bin\\Roslyn;C:\\Program Files (x86)\\Windows Kits\\10\\bin\\10.0.22621.0\\x64;C:\\Program Files (x86)\\Windows Kits\\10\\bin\\x64;C:\\Program Files\\Microsoft Visual Studio\\2022\\Community\\MSBuild\\Current\\Bin\\amd64;C:\\Windows\\Microsoft.NET\\Framework64\\v4.0.30319;C:\\Program Files\\Microsoft Visual Studio\\2022\\Community\\Common7\\IDE;C:\\Program Files\\Microsoft Visual Studio\\2022\\Community\\Common7\\Tools;C:\\Users\\yeira\\.local\\share\\mamba\\condabin;C:\\Program Files (x86)\\VMware\\VMware Player\\bin;C:\\WINDOWS\\system32;C:\\WINDOWS;C:\\WINDOWS\\System32\\Wbem;C:\\WINDOWS\\System32\\WindowsPowerShell\\v1.0;C:\\WINDOWS\\System32\\OpenSSH;C:\\Program Files\\MATLAB\\R2024b\\bin;C:\\Program Files\\Git\\cmd;C:\\Users\\yeira\\miniforge3;C:\\Users\\yeira\\miniforge3\\Library\\mingw-w64\\bin;C:\\Users\\yeira\\miniforge3\\Library\\usr\\bin;C:\\Users\\yeira\\miniforge3\\Library\\bin;C:\\Users\\yeira\\miniforge3\\Scripts;C:\\Users\\yeira\\AppData\\Local\\Microsoft\\WindowsApps;C:\\Users\\yeira\\AppData\\Local\\Programs\\Microsoft VS Code\\bin;C:\\opencv\\x64\\vc16\\bin;.;C:\\opencv\\x64\\vc16\\bin;C:\\Program Files\\CMake\\bin;C:\\Users\\yeira\\miniforge3;C:\\Users\\yeira\\miniforge3\\Library\\mingw-w64\\bin;C:\\Users\\yeira\\miniforge3\\Library\\usr\\bin;C:\\Users\\yeira\\miniforge3\\Library\\bin;C:\\Users\\yeira\\miniforge3\\Scripts;C:\\Users\\yeira\\AppData\\Local\\Microsoft\\WindowsApps;C:\\Users\\yeira\\AppData\\Local\\Programs\\Microsoft VS Code\\bin;C:\\Program Files\\Microsoft Visual Studio\\2022\\Community\\Common7\\IDE\\CommonExtensions\\Microsoft\\CMake\\CMake\\bin;C:\\Program Files\\Microsoft Visual Studio\\2022\\Community\\Common7\\IDE\\CommonExtensions\\Microsoft\\CMake\\Ninja;C:\\Program Files\\Microsoft Visual Studio\\2022\\Community\\Common7\\IDE\\VC\\Linux\\bin\\ConnectionManagerExe', 'PATHEXT': '.COM;.EXE;.BAT;.CMD;.VBS;.VBE;.JS;.JSE;.WSF;.WSH;.MSC', 'PKG_CONFIG_PATH': 'C:\\Users\\yeira\\miniforge3\\envs\\humble\\Library\\lib\\pkgconfig;', 'Platform': 'x64', 'PROCESSOR_ARCHITECTURE': 'AMD64', 'PROCESSOR_IDENTIFIER': 'AMD64 Family 25 Model 80 Stepping 0, AuthenticAMD', 'PROCESSOR_LEVEL': '25', 'PROCESSOR_REVISION': '5000', 'ProgramData': 'C:\\ProgramData', 'ProgramFiles': 'C:\\Program Files', 'ProgramFiles(x86)': 'C:\\Program Files (x86)', 'ProgramW6432': 'C:\\Program Files', 'PROJ_DATA': 'C:\\Users\\yeira\\miniforge3\\envs\\humble\\Library\\share\\proj', 'PROJ_NETWORK': 'ON', 'PROMPT': '(humble) $P$G', 'PSModulePath': 'C:\\Program Files\\WindowsPowerShell\\Modules;C:\\WINDOWS\\system32\\WindowsPowerShell\\v1.0\\Modules', 'PUBLIC': 'C:\\Users\\Public', 'PYTHONPATH': 'C:\\Users\\yeira\\miniforge3\\envs\\humble\\Library\\lib/site-packages;C:\\Users\\yeira\\miniforge3\\envs\\humble\\Library\\..\\Lib\\site-packages', 'QT_PLUGIN_PATH': 'C:\\Users\\yeira\\miniforge3\\envs\\humble\\Library\\plugins', 'ROS_DISTRO': 'humble', 'ROS_ETC_DIR': 'C:\\Users\\yeira\\miniforge3\\envs\\humble\\Library\\etc\\ros', 'ROS_LOCALHOST_ONLY': '0', 'ROS_OS_OVERRIDE': 'conda:win64', 'ROS_PYTHON_VERSION': '3', 'ROS_VERSION': '2', 'SESSIONNAME': 'Console', 'SSL_CERT_DIR': 'C:\\Users\\yeira\\miniforge3\\envs\\humble\\Library\\ssl\\certs', 'SSL_CERT_FILE': 'C:\\Users\\yeira\\miniforge3\\envs\\humble\\Library\\ssl\\cacert.pem', 'SystemDrive': 'C:', 'SystemRoot': 'C:\\WINDOWS', 'TEMP': 'C:\\Users\\yeira\\AppData\\Local\\Temp', 'TMP': 'C:\\Users\\yeira\\AppData\\Local\\Temp', 'UCRTVersion': '10.0.22621.0', 'UniversalCRTSdkDir': 'C:\\Program Files (x86)\\Windows Kits\\10\\', 'USERDOMAIN': 'SRMANCHITA', 'USERDOMAIN_ROAMINGPROFILE': 'SRMANCHITA', 'USERNAME': 'yeira', 'USERPROFILE': 'C:\\Users\\yeira', 'VCIDEInstallDir': 'C:\\Program Files\\Microsoft Visual Studio\\2022\\Community\\Common7\\IDE\\VC\\', 'VCINSTALLDIR': 'C:\\Program Files\\Microsoft Visual Studio\\2022\\Community\\VC\\', 'VCToolsInstallDir': 'C:\\Program Files\\Microsoft Visual Studio\\2022\\Community\\VC\\Tools\\MSVC\\14.42.34433\\', 'VCToolsRedistDir': 'C:\\Program Files\\Microsoft Visual Studio\\2022\\Community\\VC\\Redist\\MSVC\\14.42.34433\\', 'VCToolsVersion': '14.42.34433', 'VisualStudioVersion': '17.0', 'VS170COMNTOOLS': 'C:\\Program Files\\Microsoft Visual Studio\\2022\\Community\\Common7\\Tools\\', 'VSCMD_ARG_app_plat': 'Desktop', 'VSCMD_ARG_HOST_ARCH': 'x64', 'VSCMD_ARG_TGT_ARCH': 'x64', 'VSCMD_VER': '17.12.4', 'VSINSTALLDIR': 'C:\\Program Files\\Microsoft Visual Studio\\2022\\Community\\', 'windir': 'C:\\WINDOWS', 'WindowsLibPath': 'C:\\Program Files (x86)\\Windows Kits\\10\\UnionMetadata\\10.0.22621.0;C:\\Program Files (x86)\\Windows Kits\\10\\References\\10.0.22621.0', 'WindowsSdkBinPath': 'C:\\Program Files (x86)\\Windows Kits\\10\\bin\\', 'WindowsSdkDir': 'C:\\Program Files (x86)\\Windows Kits\\10\\', 'WindowsSDKLibVersion': '10.0.22621.0\\', 'WindowsSdkVerBinPath': 'C:\\Program Files (x86)\\Windows Kits\\10\\bin\\10.0.22621.0\\', 'WindowsSDKVersion': '10.0.22621.0\\', 'XML_CATALOG_FILES': 'file:///C:/Users/yeira/miniforge3/envs/humble/etc/xml/catalog', '__CONDA_OPENSSL_CERT_DIR_SET': '1', '__CONDA_OPENSSL_CERT_FILE_SET': '1', '__DOTNET_ADD_64BIT': '1', '__DOTNET_PREFERRED_BITNESS': '64', '__VSCMD_PREINIT_PATH': 'C:\\Users\\yeira\\.local\\share\\mamba\\condabin;C:\\Users\\yeira\\.local\\share\\mamba\\condabin;C:\\Users\\yeira\\.local\\share\\mamba\\condabin;C:\\Program Files (x86)\\VMware\\VMware Player\\bin\\;C:\\WINDOWS\\system32;C:\\WINDOWS;C:\\WINDOWS\\System32\\Wbem;C:\\WINDOWS\\System32\\WindowsPowerShell\\v1.0\\;C:\\WINDOWS\\System32\\OpenSSH\\;C:\\Program Files\\MATLAB\\R2024b\\bin;C:\\Program Files\\Git\\cmd;C:\\Users\\yeira\\miniforge3;C:\\Users\\yeira\\miniforge3\\Library\\mingw-w64\\bin;C:\\Users\\yeira\\miniforge3\\Library\\usr\\bin;C:\\Users\\yeira\\miniforge3\\Library\\bin;C:\\Users\\yeira\\miniforge3\\Scripts;C:\\Users\\yeira\\AppData\\Local\\Microsoft\\WindowsApps;C:\\Users\\yeira\\AppData\\Local\\Programs\\Microsoft VS Code\\bin;C:\\opencv\\x64\\vc16\\bin;;C:\\opencv\\x64\\vc16\\bin;C:\\Program Files\\CMake\\bin;C:\\Users\\yeira\\miniforge3;C:\\Users\\yeira\\miniforge3\\Library\\mingw-w64\\bin;C:\\Users\\yeira\\miniforge3\\Library\\usr\\bin;C:\\Users\\yeira\\miniforge3\\Library\\bin;C:\\Users\\yeira\\miniforge3\\Scripts;C:\\Users\\yeira\\AppData\\Local\\Microsoft\\WindowsApps;C:\\Users\\yeira\\AppData\\Local\\Programs\\Microsoft VS Code\\bin', 'CMAKE_PREFIX_PATH': 'C:\\Users\\yeira\\miniforge3\\envs\\humble\\Library', 'CL': '/MP'}, 'shell': False}
[12.937000] (-) TimerEvent: {}
[13.046000] (-) TimerEvent: {}
[13.062000] (move_from_keys) StdoutLine: {'line': b'Versi\xc3\xb3n de MSBuild 17.12.12+1cce77968 para .NET Framework\r\n'}
[13.140000] (move_from_keys) StdoutLine: {'line': b'\r\n'}
[13.156000] (-) TimerEvent: {}
[13.265000] (-) TimerEvent: {}
[13.375000] (-) TimerEvent: {}
[13.484000] (-) TimerEvent: {}
[13.593000] (-) TimerEvent: {}
[13.703000] (-) TimerEvent: {}
[13.718000] (move_from_keys) StdoutLine: {'line': b'  1>Checking Build System\r\n'}
[13.812000] (-) TimerEvent: {}
[13.921000] (-) TimerEvent: {}
[14.015000] (move_from_keys) StdoutLine: {'line': b'  Building Custom Rule C:/dev/p-p_teleop_robotics_unal/src/move_from_keys/CMakeLists.txt\r\n'}
[14.031000] (-) TimerEvent: {}
[14.140000] (-) TimerEvent: {}
[14.171000] (move_from_keys) CommandEnded: {'returncode': 0}
[14.171000] (move_from_keys) JobProgress: {'identifier': 'move_from_keys', 'progress': 'install'}
[14.250000] (-) TimerEvent: {}
[14.250000] (move_from_keys) Command: {'cmd': ['C:\\Users\\yeira\\miniforge3\\envs\\humble\\Library\\bin\\cmake.EXE', '--install', 'C:\\dev\\p-p_teleop_robotics_unal\\build\\move_from_keys', '--config', 'Release'], 'cwd': 'C:\\dev\\p-p_teleop_robotics_unal\\build\\move_from_keys', 'env': OrderedDict([('ALLUSERSPROFILE', 'C:\\ProgramData'), ('AMENT_PREFIX_PATH', 'C:\\Users\\yeira\\miniforge3\\envs\\humble\\Library'), ('ament_python_executable', 'C:\\Users\\yeira\\miniforge3\\envs\\humble\\python.exe'), ('APPDATA', 'C:\\Users\\yeira\\AppData\\Roaming'), ('COLCON', '1'), ('CommandPromptType', 'Native'), ('CommonProgramFiles', 'C:\\Program Files\\Common Files'), ('CommonProgramFiles(x86)', 'C:\\Program Files (x86)\\Common Files'), ('CommonProgramW6432', 'C:\\Program Files\\Common Files'), ('COMPUTERNAME', 'SRMANCHITA'), ('ComSpec', 'C:\\WINDOWS\\system32\\cmd.exe'), ('CONDA_DEFAULT_ENV', 'humble'), ('CONDA_EXE', 'C:\\Users\\yeira\\miniforge3\\Scripts\\conda.exe'), ('CONDA_EXES', '"C:\\Users\\yeira\\miniforge3\\Scripts\\conda.exe"'), ('CONDA_PREFIX', 'C:\\Users\\yeira\\miniforge3\\envs\\humble'), ('CONDA_PROMPT_MODIFIER', '(humble)'), ('CONDA_PYTHON_EXE', 'C:\\Users\\yeira\\miniforge3\\python.exe'), ('CONDA_SHLVL', '1'), ('DevEnvDir', 'C:\\Program Files\\Microsoft Visual Studio\\2022\\Community\\Common7\\IDE\\'), ('DriverData', 'C:\\Windows\\System32\\Drivers\\DriverData'), ('EFC_13592', '1'), ('ExtensionSdkDir', 'C:\\Program Files (x86)\\Microsoft SDKs\\Windows Kits\\10\\ExtensionSDKs'), ('EXTERNAL_INCLUDE', 'C:\\Program Files\\Microsoft Visual Studio\\2022\\Community\\VC\\Tools\\MSVC\\14.42.34433\\include;C:\\Program Files\\Microsoft Visual Studio\\2022\\Community\\VC\\Auxiliary\\VS\\include;C:\\Program Files (x86)\\Windows Kits\\10\\include\\10.0.22621.0\\ucrt;C:\\Program Files (x86)\\Windows Kits\\10\\\\include\\10.0.22621.0\\\\um;C:\\Program Files (x86)\\Windows Kits\\10\\\\include\\10.0.22621.0\\\\shared;C:\\Program Files (x86)\\Windows Kits\\10\\\\include\\10.0.22621.0\\\\winrt;C:\\Program Files (x86)\\Windows Kits\\10\\\\include\\10.0.22621.0\\\\cppwinrt'), ('FPS_BROWSER_APP_PROFILE_STRING', 'Internet Explorer'), ('FPS_BROWSER_USER_PROFILE_STRING', 'Default'), ('Framework40Version', 'v4.0'), ('FrameworkDir', 'C:\\Windows\\Microsoft.NET\\Framework64\\'), ('FrameworkDir64', 'C:\\Windows\\Microsoft.NET\\Framework64\\'), ('FrameworkVersion', 'v4.0.30319'), ('FrameworkVersion64', 'v4.0.30319'), ('HOMEDRIVE', 'C:'), ('HOMEPATH', '\\Users\\yeira'), ('INCLUDE', 'C:\\Program Files\\Microsoft Visual Studio\\2022\\Community\\VC\\Tools\\MSVC\\14.42.34433\\include;C:\\Program Files\\Microsoft Visual Studio\\2022\\Community\\VC\\Auxiliary\\VS\\include;C:\\Program Files (x86)\\Windows Kits\\10\\include\\10.0.22621.0\\ucrt;C:\\Program Files (x86)\\Windows Kits\\10\\\\include\\10.0.22621.0\\\\um;C:\\Program Files (x86)\\Windows Kits\\10\\\\include\\10.0.22621.0\\\\shared;C:\\Program Files (x86)\\Windows Kits\\10\\\\include\\10.0.22621.0\\\\winrt;C:\\Program Files (x86)\\Windows Kits\\10\\\\include\\10.0.22621.0\\\\cppwinrt'), ('LIB', 'C:\\Program Files\\Microsoft Visual Studio\\2022\\Community\\VC\\Tools\\MSVC\\14.42.34433\\lib\\x64;C:\\Program Files (x86)\\Windows Kits\\10\\lib\\10.0.22621.0\\ucrt\\x64;C:\\Program Files (x86)\\Windows Kits\\10\\\\lib\\10.0.22621.0\\\\um\\x64'), ('LIBPATH', 'C:\\Program Files\\Microsoft Visual Studio\\2022\\Community\\VC\\Tools\\MSVC\\14.42.34433\\lib\\x64;C:\\Program Files\\Microsoft Visual Studio\\2022\\Community\\VC\\Tools\\MSVC\\14.42.34433\\lib\\x86\\store\\references;C:\\Program Files (x86)\\Windows Kits\\10\\UnionMetadata\\10.0.22621.0;C:\\Program Files (x86)\\Windows Kits\\10\\References\\10.0.22621.0;C:\\Windows\\Microsoft.NET\\Framework64\\v4.0.30319'), ('LOCALAPPDATA', 'C:\\Users\\yeira\\AppData\\Local'), ('LOGONSERVER', '\\\\SRMANCHITA'), ('MAMBA_BAT', 'C:\\Users\\yeira\\.local\\share\\mamba\\condabin\\mamba.bat'), ('MAMBA_EXE', 'C:\\Users\\yeira\\miniforge3\\Library\\bin\\mamba.exe'), ('MAMBA_ROOT_PREFIX', 'C:\\Users\\yeira\\.local\\share\\mamba'), ('NUMBER_OF_PROCESSORS', '16'), ('OneDrive', 'C:\\Users\\yeira\\Documents\\OneDrive'), ('OneDriveConsumer', 'C:\\Users\\yeira\\Documents\\OneDrive'), ('OpenCV_DIR', 'C:\\opencv'), ('OS', 'Windows_NT'), ('Path', 'C:\\Users\\yeira\\miniforge3\\envs\\humble;C:\\Users\\yeira\\miniforge3\\envs\\humble\\Library\\mingw-w64\\bin;C:\\Users\\yeira\\miniforge3\\envs\\humble\\Library\\usr\\bin;C:\\Users\\yeira\\miniforge3\\envs\\humble\\Library\\bin;C:\\Users\\yeira\\miniforge3\\envs\\humble\\Scripts;C:\\Users\\yeira\\miniforge3\\envs\\humble\\bin;C:\\Users\\yeira\\miniforge3\\envs\\humble\\Library\\opt\\rviz_ogre_vendor\\bin;C:\\Program Files\\Microsoft Visual Studio\\2022\\Community\\VC\\Tools\\MSVC\\14.42.34433\\bin\\HostX64\\x64;C:\\Program Files\\Microsoft Visual Studio\\2022\\Community\\Common7\\IDE\\VC\\VCPackages;C:\\Program Files\\Microsoft Visual Studio\\2022\\Community\\Common7\\IDE\\CommonExtensions\\Microsoft\\TestWindow;C:\\Program Files\\Microsoft Visual Studio\\2022\\Community\\Common7\\IDE\\CommonExtensions\\Microsoft\\TeamFoundation\\Team Explorer;C:\\Program Files\\Microsoft Visual Studio\\2022\\Community\\MSBuild\\Current\\bin\\Roslyn;C:\\Program Files (x86)\\Windows Kits\\10\\bin\\10.0.22621.0\\x64;C:\\Program Files (x86)\\Windows Kits\\10\\bin\\x64;C:\\Program Files\\Microsoft Visual Studio\\2022\\Community\\MSBuild\\Current\\Bin\\amd64;C:\\Windows\\Microsoft.NET\\Framework64\\v4.0.30319;C:\\Program Files\\Microsoft Visual Studio\\2022\\Community\\Common7\\IDE;C:\\Program Files\\Microsoft Visual Studio\\2022\\Community\\Common7\\Tools;C:\\Users\\yeira\\.local\\share\\mamba\\condabin;C:\\Program Files (x86)\\VMware\\VMware Player\\bin;C:\\WINDOWS\\system32;C:\\WINDOWS;C:\\WINDOWS\\System32\\Wbem;C:\\WINDOWS\\System32\\WindowsPowerShell\\v1.0;C:\\WINDOWS\\System32\\OpenSSH;C:\\Program Files\\MATLAB\\R2024b\\bin;C:\\Program Files\\Git\\cmd;C:\\Users\\yeira\\miniforge3;C:\\Users\\yeira\\miniforge3\\Library\\mingw-w64\\bin;C:\\Users\\yeira\\miniforge3\\Library\\usr\\bin;C:\\Users\\yeira\\miniforge3\\Library\\bin;C:\\Users\\yeira\\miniforge3\\Scripts;C:\\Users\\yeira\\AppData\\Local\\Microsoft\\WindowsApps;C:\\Users\\yeira\\AppData\\Local\\Programs\\Microsoft VS Code\\bin;C:\\opencv\\x64\\vc16\\bin;.;C:\\opencv\\x64\\vc16\\bin;C:\\Program Files\\CMake\\bin;C:\\Users\\yeira\\miniforge3;C:\\Users\\yeira\\miniforge3\\Library\\mingw-w64\\bin;C:\\Users\\yeira\\miniforge3\\Library\\usr\\bin;C:\\Users\\yeira\\miniforge3\\Library\\bin;C:\\Users\\yeira\\miniforge3\\Scripts;C:\\Users\\yeira\\AppData\\Local\\Microsoft\\WindowsApps;C:\\Users\\yeira\\AppData\\Local\\Programs\\Microsoft VS Code\\bin;C:\\Program Files\\Microsoft Visual Studio\\2022\\Community\\Common7\\IDE\\CommonExtensions\\Microsoft\\CMake\\CMake\\bin;C:\\Program Files\\Microsoft Visual Studio\\2022\\Community\\Common7\\IDE\\CommonExtensions\\Microsoft\\CMake\\Ninja;C:\\Program Files\\Microsoft Visual Studio\\2022\\Community\\Common7\\IDE\\VC\\Linux\\bin\\ConnectionManagerExe'), ('PATHEXT', '.COM;.EXE;.BAT;.CMD;.VBS;.VBE;.JS;.JSE;.WSF;.WSH;.MSC'), ('PKG_CONFIG_PATH', 'C:\\Users\\yeira\\miniforge3\\envs\\humble\\Library\\lib\\pkgconfig;'), ('Platform', 'x64'), ('PROCESSOR_ARCHITECTURE', 'AMD64'), ('PROCESSOR_IDENTIFIER', 'AMD64 Family 25 Model 80 Stepping 0, AuthenticAMD'), ('PROCESSOR_LEVEL', '25'), ('PROCESSOR_REVISION', '5000'), ('ProgramData', 'C:\\ProgramData'), ('ProgramFiles', 'C:\\Program Files'), ('ProgramFiles(x86)', 'C:\\Program Files (x86)'), ('ProgramW6432', 'C:\\Program Files'), ('PROJ_DATA', 'C:\\Users\\yeira\\miniforge3\\envs\\humble\\Library\\share\\proj'), ('PROJ_NETWORK', 'ON'), ('PROMPT', '(humble) $P$G'), ('PSModulePath', 'C:\\Program Files\\WindowsPowerShell\\Modules;C:\\WINDOWS\\system32\\WindowsPowerShell\\v1.0\\Modules'), ('PUBLIC', 'C:\\Users\\Public'), ('PYTHONPATH', 'C:\\Users\\yeira\\miniforge3\\envs\\humble\\Library\\lib/site-packages;C:\\Users\\yeira\\miniforge3\\envs\\humble\\Library\\..\\Lib\\site-packages'), ('QT_PLUGIN_PATH', 'C:\\Users\\yeira\\miniforge3\\envs\\humble\\Library\\plugins'), ('ROS_DISTRO', 'humble'), ('ROS_ETC_DIR', 'C:\\Users\\yeira\\miniforge3\\envs\\humble\\Library\\etc\\ros'), ('ROS_LOCALHOST_ONLY', '0'), ('ROS_OS_OVERRIDE', 'conda:win64'), ('ROS_PYTHON_VERSION', '3'), ('ROS_VERSION', '2'), ('SESSIONNAME', 'Console'), ('SSL_CERT_DIR', 'C:\\Users\\yeira\\miniforge3\\envs\\humble\\Library\\ssl\\certs'), ('SSL_CERT_FILE', 'C:\\Users\\yeira\\miniforge3\\envs\\humble\\Library\\ssl\\cacert.pem'), ('SystemDrive', 'C:'), ('SystemRoot', 'C:\\WINDOWS'), ('TEMP', 'C:\\Users\\yeira\\AppData\\Local\\Temp'), ('TMP', 'C:\\Users\\yeira\\AppData\\Local\\Temp'), ('UCRTVersion', '10.0.22621.0'), ('UniversalCRTSdkDir', 'C:\\Program Files (x86)\\Windows Kits\\10\\'), ('USERDOMAIN', 'SRMANCHITA'), ('USERDOMAIN_ROAMINGPROFILE', 'SRMANCHITA'), ('USERNAME', 'yeira'), ('USERPROFILE', 'C:\\Users\\yeira'), ('VCIDEInstallDir', 'C:\\Program Files\\Microsoft Visual Studio\\2022\\Community\\Common7\\IDE\\VC\\'), ('VCINSTALLDIR', 'C:\\Program Files\\Microsoft Visual Studio\\2022\\Community\\VC\\'), ('VCToolsInstallDir', 'C:\\Program Files\\Microsoft Visual Studio\\2022\\Community\\VC\\Tools\\MSVC\\14.42.34433\\'), ('VCToolsRedistDir', 'C:\\Program Files\\Microsoft Visual Studio\\2022\\Community\\VC\\Redist\\MSVC\\14.42.34433\\'), ('VCToolsVersion', '14.42.34433'), ('VisualStudioVersion', '17.0'), ('VS170COMNTOOLS', 'C:\\Program Files\\Microsoft Visual Studio\\2022\\Community\\Common7\\Tools\\'), ('VSCMD_ARG_app_plat', 'Desktop'), ('VSCMD_ARG_HOST_ARCH', 'x64'), ('VSCMD_ARG_TGT_ARCH', 'x64'), ('VSCMD_VER', '17.12.4'), ('VSINSTALLDIR', 'C:\\Program Files\\Microsoft Visual Studio\\2022\\Community\\'), ('windir', 'C:\\WINDOWS'), ('WindowsLibPath', 'C:\\Program Files (x86)\\Windows Kits\\10\\UnionMetadata\\10.0.22621.0;C:\\Program Files (x86)\\Windows Kits\\10\\References\\10.0.22621.0'), ('WindowsSdkBinPath', 'C:\\Program Files (x86)\\Windows Kits\\10\\bin\\'), ('WindowsSdkDir', 'C:\\Program Files (x86)\\Windows Kits\\10\\'), ('WindowsSDKLibVersion', '10.0.22621.0\\'), ('WindowsSdkVerBinPath', 'C:\\Program Files (x86)\\Windows Kits\\10\\bin\\10.0.22621.0\\'), ('WindowsSDKVersion', '10.0.22621.0\\'), ('XML_CATALOG_FILES', 'file:///C:/Users/yeira/miniforge3/envs/humble/etc/xml/catalog'), ('__CONDA_OPENSSL_CERT_DIR_SET', '1'), ('__CONDA_OPENSSL_CERT_FILE_SET', '1'), ('__DOTNET_ADD_64BIT', '1'), ('__DOTNET_PREFERRED_BITNESS', '64'), ('__VSCMD_PREINIT_PATH', 'C:\\Users\\yeira\\.local\\share\\mamba\\condabin;C:\\Users\\yeira\\.local\\share\\mamba\\condabin;C:\\Users\\yeira\\.local\\share\\mamba\\condabin;C:\\Program Files (x86)\\VMware\\VMware Player\\bin\\;C:\\WINDOWS\\system32;C:\\WINDOWS;C:\\WINDOWS\\System32\\Wbem;C:\\WINDOWS\\System32\\WindowsPowerShell\\v1.0\\;C:\\WINDOWS\\System32\\OpenSSH\\;C:\\Program Files\\MATLAB\\R2024b\\bin;C:\\Program Files\\Git\\cmd;C:\\Users\\yeira\\miniforge3;C:\\Users\\yeira\\miniforge3\\Library\\mingw-w64\\bin;C:\\Users\\yeira\\miniforge3\\Library\\usr\\bin;C:\\Users\\yeira\\miniforge3\\Library\\bin;C:\\Users\\yeira\\miniforge3\\Scripts;C:\\Users\\yeira\\AppData\\Local\\Microsoft\\WindowsApps;C:\\Users\\yeira\\AppData\\Local\\Programs\\Microsoft VS Code\\bin;C:\\opencv\\x64\\vc16\\bin;;C:\\opencv\\x64\\vc16\\bin;C:\\Program Files\\CMake\\bin;C:\\Users\\yeira\\miniforge3;C:\\Users\\yeira\\miniforge3\\Library\\mingw-w64\\bin;C:\\Users\\yeira\\miniforge3\\Library\\usr\\bin;C:\\Users\\yeira\\miniforge3\\Library\\bin;C:\\Users\\yeira\\miniforge3\\Scripts;C:\\Users\\yeira\\AppData\\Local\\Microsoft\\WindowsApps;C:\\Users\\yeira\\AppData\\Local\\Programs\\Microsoft VS Code\\bin'), ('CMAKE_PREFIX_PATH', 'C:\\Users\\yeira\\miniforge3\\envs\\humble\\Library')]), 'shell': False}
[14.312000] (move_from_keys) StdoutLine: {'line': b'-- Installing: C:/dev/p-p_teleop_robotics_unal/install/move_from_keys/share/ament_index/resource_index/package_run_dependencies/move_from_keys\n'}
[14.328000] (move_from_keys) StdoutLine: {'line': b'-- Installing: C:/dev/p-p_teleop_robotics_unal/install/move_from_keys/share/ament_index/resource_index/parent_prefix_path/move_from_keys\n'}
[14.328000] (move_from_keys) StdoutLine: {'line': b'-- Installing: C:/dev/p-p_teleop_robotics_unal/install/move_from_keys/share/move_from_keys/environment/ament_prefix_path.bat\n'}
[14.328000] (move_from_keys) StdoutLine: {'line': b'-- Installing: C:/dev/p-p_teleop_robotics_unal/install/move_from_keys/share/move_from_keys/environment/ament_prefix_path.dsv\n'}
[14.328000] (move_from_keys) StdoutLine: {'line': b'-- Installing: C:/dev/p-p_teleop_robotics_unal/install/move_from_keys/share/move_from_keys/environment/path.bat\n'}
[14.328000] (move_from_keys) StdoutLine: {'line': b'-- Installing: C:/dev/p-p_teleop_robotics_unal/install/move_from_keys/share/move_from_keys/environment/path.dsv\n'}
[14.328000] (move_from_keys) StdoutLine: {'line': b'-- Installing: C:/dev/p-p_teleop_robotics_unal/install/move_from_keys/share/move_from_keys/local_setup.bat\n'}
[14.328000] (move_from_keys) StdoutLine: {'line': b'-- Installing: C:/dev/p-p_teleop_robotics_unal/install/move_from_keys/share/move_from_keys/local_setup.dsv\n'}
[14.343000] (move_from_keys) StdoutLine: {'line': b'-- Installing: C:/dev/p-p_teleop_robotics_unal/install/move_from_keys/share/move_from_keys/package.dsv\n'}
[14.343000] (move_from_keys) StdoutLine: {'line': b'-- Installing: C:/dev/p-p_teleop_robotics_unal/install/move_from_keys/share/ament_index/resource_index/packages/move_from_keys\n'}
[14.343000] (move_from_keys) StdoutLine: {'line': b'-- Installing: C:/dev/p-p_teleop_robotics_unal/install/move_from_keys/share/move_from_keys/cmake/move_from_keysConfig.cmake\n'}
[14.359000] (move_from_keys) StdoutLine: {'line': b'-- Installing: C:/dev/p-p_teleop_robotics_unal/install/move_from_keys/share/move_from_keys/cmake/move_from_keysConfig-version.cmake\n'}
[14.359000] (-) TimerEvent: {}
[14.359000] (move_from_keys) StdoutLine: {'line': b'-- Installing: C:/dev/p-p_teleop_robotics_unal/install/move_from_keys/share/move_from_keys/package.xml\n'}
[14.359000] (move_from_keys) CommandEnded: {'returncode': 0}
[14.421000] (move_from_keys) JobEnded: {'identifier': 'move_from_keys', 'rc': 0}
[14.421000] (-) EventReactorShutdown: {}
