[2.641s] Invoking command in 'C:\dev\p-p_teleop_robotics_unal\src\joy_controller': CONDA_PROMPT_MODIFIER=(humble) PYTHONPATH=C:\dev\p-p_teleop_robotics_unal\build\joy_controller\prefix_override;C:\Users\yeira\miniforge3\envs\humble\Lib\site-packages\colcon_core\task\python\colcon_distutils_commands;C:\dev\p-p_teleop_robotics_unal\install\joy_controller\Lib\site-packages;%PYTHONPATH% C:\Users\yeira\miniforge3\envs\humble\python.exe -W ignore:setup.py install is deprecated setup.py egg_info --egg-base ..\..\build\joy_controller build --build-base C:\dev\p-p_teleop_robotics_unal\build\joy_controller\build install --record C:\dev\p-p_teleop_robotics_unal\build\joy_controller\install.log --single-version-externally-managed install_data
[3.079s] C:\Users\yeira\miniforge3\envs\humble\Lib\site-packages\setuptools\_distutils\dist.py:270: UserWarning: Unknown distribution option: 'tests_require'
[3.079s]   warnings.warn(msg)
[3.375s] running egg_info
[3.422s] creating ..\..\build\joy_controller\joy_controller.egg-info
[3.422s] writing ..\..\build\joy_controller\joy_controller.egg-info\PKG-INFO
[3.422s] writing dependency_links to ..\..\build\joy_controller\joy_controller.egg-info\dependency_links.txt
[3.422s] writing entry points to ..\..\build\joy_controller\joy_controller.egg-info\entry_points.txt
[3.422s] writing requirements to ..\..\build\joy_controller\joy_controller.egg-info\requires.txt
[3.422s] writing top-level names to ..\..\build\joy_controller\joy_controller.egg-info\top_level.txt
[3.422s] writing manifest file '..\..\build\joy_controller\joy_controller.egg-info\SOURCES.txt'
[3.516s] reading manifest file '..\..\build\joy_controller\joy_controller.egg-info\SOURCES.txt'
[3.516s] writing manifest file '..\..\build\joy_controller\joy_controller.egg-info\SOURCES.txt'
[3.516s] running build
[3.516s] running build_py
[3.516s] creating C:\dev\p-p_teleop_robotics_unal\build\joy_controller\build\lib\joy_controller
[3.516s] copying joy_controller\main.py -> C:\dev\p-p_teleop_robotics_unal\build\joy_controller\build\lib\joy_controller
[3.516s] copying joy_controller\__init__.py -> C:\dev\p-p_teleop_robotics_unal\build\joy_controller\build\lib\joy_controller
[3.516s] running install
[3.516s] running install_lib
[3.563s] creating C:\dev\p-p_teleop_robotics_unal\install\joy_controller\Lib\site-packages\joy_controller
[3.563s] copying C:\dev\p-p_teleop_robotics_unal\build\joy_controller\build\lib\joy_controller\main.py -> C:\dev\p-p_teleop_robotics_unal\install\joy_controller\Lib\site-packages\joy_controller
[3.563s] copying C:\dev\p-p_teleop_robotics_unal\build\joy_controller\build\lib\joy_controller\__init__.py -> C:\dev\p-p_teleop_robotics_unal\install\joy_controller\Lib\site-packages\joy_controller
[3.579s] byte-compiling C:\dev\p-p_teleop_robotics_unal\install\joy_controller\Lib\site-packages\joy_controller\main.py to main.cpython-311.pyc
[3.579s] byte-compiling C:\dev\p-p_teleop_robotics_unal\install\joy_controller\Lib\site-packages\joy_controller\__init__.py to __init__.cpython-311.pyc
[3.579s] running install_data
[3.579s] creating C:\dev\p-p_teleop_robotics_unal\install\joy_controller\share\ament_index\resource_index\packages
[3.579s] copying resource\joy_controller -> C:\dev\p-p_teleop_robotics_unal\install\joy_controller\share\ament_index\resource_index\packages
[3.579s] copying package.xml -> C:\dev\p-p_teleop_robotics_unal\install\joy_controller\share\joy_controller
[3.579s] running install_egg_info
[3.641s] Copying ..\..\build\joy_controller\joy_controller.egg-info to C:\dev\p-p_teleop_robotics_unal\install\joy_controller\Lib\site-packages\joy_controller-0.0.0-py3.11.egg-info
[3.657s] running install_scripts
[4.047s] Installing talker-script.py script to C:\dev\p-p_teleop_robotics_unal\install\joy_controller\lib\joy_controller
[4.047s] Installing talker.exe script to C:\dev\p-p_teleop_robotics_unal\install\joy_controller\lib\joy_controller
[4.047s] writing list of installed files to 'C:\dev\p-p_teleop_robotics_unal\build\joy_controller\install.log'
[4.125s] Invoked command in 'C:\dev\p-p_teleop_robotics_unal\src\joy_controller' returned '0': CONDA_PROMPT_MODIFIER=(humble) PYTHONPATH=C:\dev\p-p_teleop_robotics_unal\build\joy_controller\prefix_override;C:\Users\yeira\miniforge3\envs\humble\Lib\site-packages\colcon_core\task\python\colcon_distutils_commands;C:\dev\p-p_teleop_robotics_unal\install\joy_controller\Lib\site-packages;%PYTHONPATH% C:\Users\yeira\miniforge3\envs\humble\python.exe -W ignore:setup.py install is deprecated setup.py egg_info --egg-base ..\..\build\joy_controller build --build-base C:\dev\p-p_teleop_robotics_unal\build\joy_controller\build install --record C:\dev\p-p_teleop_robotics_unal\build\joy_controller\install.log --single-version-externally-managed install_data
