running egg_info
writing ..\..\build\move_from_keys\move_from_keys.egg-info\PKG-INFO
writing dependency_links to ..\..\build\move_from_keys\move_from_keys.egg-info\dependency_links.txt
writing entry points to ..\..\build\move_from_keys\move_from_keys.egg-info\entry_points.txt
writing requirements to ..\..\build\move_from_keys\move_from_keys.egg-info\requires.txt
writing top-level names to ..\..\build\move_from_keys\move_from_keys.egg-info\top_level.txt
reading manifest file '..\..\build\move_from_keys\move_from_keys.egg-info\SOURCES.txt'
writing manifest file '..\..\build\move_from_keys\move_from_keys.egg-info\SOURCES.txt'
running build
running build_py
copying move_from_keys\move_from_keys.py -> C:\dev\p-p_teleop_robotics_unal\build\move_from_keys\build\lib\move_from_keys
copying move_from_keys\__init__.py -> C:\dev\p-p_teleop_robotics_unal\build\move_from_keys\build\lib\move_from_keys
running install
running install_lib
copying C:\dev\p-p_teleop_robotics_unal\build\move_from_keys\build\lib\move_from_keys\move_from_keys.py -> C:\dev\p-p_teleop_robotics_unal\install\move_from_keys\Lib\site-packages\move_from_keys
copying C:\dev\p-p_teleop_robotics_unal\build\move_from_keys\build\lib\move_from_keys\__init__.py -> C:\dev\p-p_teleop_robotics_unal\install\move_from_keys\Lib\site-packages\move_from_keys
byte-compiling C:\dev\p-p_teleop_robotics_unal\install\move_from_keys\Lib\site-packages\move_from_keys\move_from_keys.py to move_from_keys.cpython-311.pyc
byte-compiling C:\dev\p-p_teleop_robotics_unal\install\move_from_keys\Lib\site-packages\move_from_keys\__init__.py to __init__.cpython-311.pyc
running install_data
copying resource\move_from_keys -> C:\dev\p-p_teleop_robotics_unal\install\move_from_keys\share\ament_index\resource_index\packages
copying package.xml -> C:\dev\p-p_teleop_robotics_unal\install\move_from_keys\share\move_from_keys
running install_egg_info
removing 'C:\dev\p-p_teleop_robotics_unal\install\move_from_keys\Lib\site-packages\move_from_keys-0.0.0-py3.11.egg-info' (and everything under it)
Copying ..\..\build\move_from_keys\move_from_keys.egg-info to C:\dev\p-p_teleop_robotics_unal\install\move_from_keys\Lib\site-packages\move_from_keys-0.0.0-py3.11.egg-info
running install_scripts
Installing move_from_keys-script.py script to C:\dev\p-p_teleop_robotics_unal\install\move_from_keys\lib\move_from_keys
Installing move_from_keys.exe script to C:\dev\p-p_teleop_robotics_unal\install\move_from_keys\lib\move_from_keys
writing list of installed files to 'C:\dev\p-p_teleop_robotics_unal\build\move_from_keys\install.log'
