[2.625s] Invoking command in 'C:\dev\p-p_teleop_robotics_unal\src\joystick_ros2': CONDA_PROMPT_MODIFIER=(humble) PYTHONPATH=C:\dev\p-p_teleop_robotics_unal\build\joystick_ros2\prefix_override;C:\Users\yeira\miniforge3\envs\humble\Lib\site-packages\colcon_core\task\python\colcon_distutils_commands;C:\dev\p-p_teleop_robotics_unal\install\joystick_ros2\Lib\site-packages;%PYTHONPATH% C:\Users\yeira\miniforge3\envs\humble\python.exe -W ignore:setup.py install is deprecated setup.py egg_info --egg-base ..\..\build\joystick_ros2 build --build-base C:\dev\p-p_teleop_robotics_unal\build\joystick_ros2\build install --record C:\dev\p-p_teleop_robotics_unal\build\joystick_ros2\install.log --install-scripts $base/lib/joystick_ros2 --single-version-externally-managed install_data
[2.907s] C:\Users\yeira\miniforge3\envs\humble\Lib\site-packages\setuptools\dist.py:493: SetuptoolsDeprecationWarning: Invalid dash-separated options
[2.907s] !!
[2.907s] 
[2.907s]         ********************************************************************************
[2.907s]         Usage of dash-separated 'script-dir' will not be supported in future
[2.907s]         versions. Please use the underscore name 'script_dir' instead.
[2.907s] 
[2.907s]         This deprecation is overdue, please update your project and remove deprecated
[2.907s]         calls to avoid build errors in the future.
[2.907s] 
[2.907s]         See https://setuptools.pypa.io/en/latest/userguide/declarative_config.html for details.
[2.907s]         ********************************************************************************
[2.907s] 
[2.907s] !!
[2.907s]   opt = self.warn_dash_deprecation(opt, section)
[2.938s] Traceback (most recent call last):
[2.938s]   File "C:\dev\p-p_teleop_robotics_unal\src\joystick_ros2\setup.py", line 5, in <module>
[2.938s]     setup(
[2.938s]   File "C:\Users\yeira\miniforge3\envs\humble\Lib\site-packages\setuptools\__init__.py", line 117, in setup
[2.938s]     return distutils.core.setup(**attrs)
[2.938s]            ^^^^^^^^^^^^^^^^^^^^^^^^^^^^^
[2.938s]   File "C:\Users\yeira\miniforge3\envs\humble\Lib\site-packages\setuptools\_distutils\core.py", line 148, in setup
[2.938s]     _setup_distribution = dist = klass(attrs)
[2.938s]                                  ^^^^^^^^^^^^
[2.938s]   File "C:\Users\yeira\miniforge3\envs\humble\Lib\site-packages\setuptools\dist.py", line 313, in __init__
[2.938s]     for ep in metadata.entry_points(group='distutils.setup_keywords'):
[2.938s]               ^^^^^^^^^^^^^^^^^^^^^^^^^^^^^^^^^^^^^^^^^^^^^^^^^^^^^^^
[2.938s]   File "C:\Users\yeira\miniforge3\envs\humble\Lib\importlib\metadata\__init__.py", line 1041, in entry_points
[2.938s]     return SelectableGroups.load(eps).select(**params)
[2.938s]            ^^^^^^^^^^^^^^^^^^^^^^^^^^
[2.938s]   File "C:\Users\yeira\miniforge3\envs\humble\Lib\importlib\metadata\__init__.py", line 476, in load
[2.938s]     ordered = sorted(eps, key=by_group)
[2.938s]               ^^^^^^^^^^^^^^^^^^^^^^^^^
[2.938s]   File "C:\Users\yeira\miniforge3\envs\humble\Lib\importlib\metadata\__init__.py", line 1038, in <genexpr>
[2.938s]     eps = itertools.chain.from_iterable(
[2.938s]                                        ^
[2.938s]   File "C:\Users\yeira\miniforge3\envs\humble\Lib\importlib\metadata\_itertools.py", line 16, in unique_everseen
[2.938s]     k = key(element)
[2.938s]         ^^^^^^^^^^^^
[2.938s]   File "C:\Users\yeira\miniforge3\envs\humble\Lib\importlib\metadata\__init__.py", line 952, in _normalized_name
[2.938s]     stem = os.path.basename(str(self._path))
[2.938s]            ^^^^^^^^^^^^^^^^^^^^^^^^^^^^^^^^^
[2.938s]   File "<frozen ntpath>", line 244, in basename
[2.938s]   File "<frozen ntpath>", line 218, in split
[2.938s] KeyboardInterrupt
