[0.094s] Invoking command in 'C:\dev\p-p_teleop_robotics_unal\build\move_from_keys': CL=/MP CMAKE_PREFIX_PATH=C:\Users\yeira\miniforge3\envs\humble\Library CONDA_PROMPT_MODIFIER=(humble) C:\Users\yeira\miniforge3\envs\humble\Library\bin\cmake.EXE --build C:\dev\p-p_teleop_robotics_unal\build\move_from_keys --config Release
[0.203s] CMake is re-running because C:/dev/p-p_teleop_robotics_unal/build/move_from_keys/CMakeFiles/generate.stamp is out-of-date.
[0.203s]   the file 'C:/dev/p-p_teleop_robotics_unal/src/move_from_keys/package.xml'
[0.203s]   is newer than 'C:/dev/p-p_teleop_robotics_unal/build/move_from_keys/CMakeFiles/generate.stamp.depend'
[0.203s]   result='-1'
[0.203s] CMake Deprecation Warning at CMakeLists.txt:1 (cmake_minimum_required):
[0.203s]   Compatibility with CMake < 3.10 will be removed from a future version of
[0.203s]   CMake.
[0.203s] 
[0.203s]   Update the VERSION argument <min> value.  Or, use the <min>...<max> syntax
[0.203s]   to tell CMake that the project requires at least <min> but has been updated
[0.203s]   to work with policies introduced by <max> or earlier.
[0.203s] 
[0.203s] 
[0.203s] -- Selecting Windows SDK version 10.0.22621.0 to target Windows 10.0.26100.
[0.250s] -- Found ament_cmake: 1.3.11 (C:/Users/yeira/miniforge3/envs/humble/Library/share/ament_cmake/cmake)
[1.266s] -- Found ament_lint_auto: 0.12.11 (C:/Users/yeira/miniforge3/envs/humble/Library/share/ament_lint_auto/cmake)
[1.594s] -- Added test 'flake8' to check Python code syntax and style conventions
[1.609s] -- Added test 'lint_cmake' to check CMake code style
[1.609s] -- Added test 'pep257' to check Python code against some of the docstring style conventions in PEP 257
[1.609s] -- Added test 'xmllint' to check XML markup files
[1.609s] -- Configuring done (1.4s)
[1.719s] -- Generating done (0.1s)
[1.734s] -- Build files have been written to: C:/dev/p-p_teleop_robotics_unal/build/move_from_keys
[1.875s] Versión de MSBuild 17.12.12+1cce77968 para .NET Framework
[1.953s] 
[2.594s]   1>Checking Build System
[2.906s]   Building Custom Rule C:/dev/p-p_teleop_robotics_unal/src/move_from_keys/CMakeLists.txt
[3.094s] Invoked command in 'C:\dev\p-p_teleop_robotics_unal\build\move_from_keys' returned '0': CL=/MP CMAKE_PREFIX_PATH=C:\Users\yeira\miniforge3\envs\humble\Library CONDA_PROMPT_MODIFIER=(humble) C:\Users\yeira\miniforge3\envs\humble\Library\bin\cmake.EXE --build C:\dev\p-p_teleop_robotics_unal\build\move_from_keys --config Release
[3.172s] Invoking command in 'C:\dev\p-p_teleop_robotics_unal\build\move_from_keys': CMAKE_PREFIX_PATH=C:\Users\yeira\miniforge3\envs\humble\Library CONDA_PROMPT_MODIFIER=(humble) C:\Users\yeira\miniforge3\envs\humble\Library\bin\cmake.EXE --install C:\dev\p-p_teleop_robotics_unal\build\move_from_keys --config Release
[3.234s] -- Up-to-date: C:/dev/p-p_teleop_robotics_unal/install/move_from_keys/share/ament_index/resource_index/package_run_dependencies/move_from_keys
[3.234s] -- Up-to-date: C:/dev/p-p_teleop_robotics_unal/install/move_from_keys/share/ament_index/resource_index/parent_prefix_path/move_from_keys
[3.234s] -- Up-to-date: C:/dev/p-p_teleop_robotics_unal/install/move_from_keys/share/move_from_keys/environment/ament_prefix_path.bat
[3.234s] -- Installing: C:/dev/p-p_teleop_robotics_unal/install/move_from_keys/share/move_from_keys/environment/ament_prefix_path.dsv
[3.234s] -- Up-to-date: C:/dev/p-p_teleop_robotics_unal/install/move_from_keys/share/move_from_keys/environment/path.bat
[3.234s] -- Installing: C:/dev/p-p_teleop_robotics_unal/install/move_from_keys/share/move_from_keys/environment/path.dsv
[3.250s] -- Up-to-date: C:/dev/p-p_teleop_robotics_unal/install/move_from_keys/share/move_from_keys/local_setup.bat
[3.250s] -- Installing: C:/dev/p-p_teleop_robotics_unal/install/move_from_keys/share/move_from_keys/local_setup.dsv
[3.250s] -- Installing: C:/dev/p-p_teleop_robotics_unal/install/move_from_keys/share/move_from_keys/package.dsv
[3.250s] -- Up-to-date: C:/dev/p-p_teleop_robotics_unal/install/move_from_keys/share/ament_index/resource_index/packages/move_from_keys
[3.250s] -- Up-to-date: C:/dev/p-p_teleop_robotics_unal/install/move_from_keys/share/move_from_keys/cmake/move_from_keysConfig.cmake
[3.250s] -- Up-to-date: C:/dev/p-p_teleop_robotics_unal/install/move_from_keys/share/move_from_keys/cmake/move_from_keysConfig-version.cmake
[3.250s] -- Installing: C:/dev/p-p_teleop_robotics_unal/install/move_from_keys/share/move_from_keys/package.xml
[3.266s] Invoked command in 'C:\dev\p-p_teleop_robotics_unal\build\move_from_keys' returned '0': CMAKE_PREFIX_PATH=C:\Users\yeira\miniforge3\envs\humble\Library CONDA_PROMPT_MODIFIER=(humble) C:\Users\yeira\miniforge3\envs\humble\Library\bin\cmake.EXE --install C:\dev\p-p_teleop_robotics_unal\build\move_from_keys --config Release
