C:\Users\yeira\miniforge3\envs\humble\Lib\site-packages\setuptools\_distutils\dist.py:270: UserWarning: Unknown distribution option: 'tests_require'
  warnings.warn(msg)
Traceback (most recent call last):
  File "C:\dev\p-p_teleop_robotics_unal\src\move_from_keys\setup.py", line 5, in <module>
    setup(
  File "C:\Users\yeira\miniforge3\envs\humble\Lib\site-packages\setuptools\__init__.py", line 117, in setup
    return distutils.core.setup(**attrs)
           ^^^^^^^^^^^^^^^^^^^^^^^^^^^^^
  File "C:\Users\yeira\miniforge3\envs\humble\Lib\site-packages\setuptools\_distutils\core.py", line 148, in setup
    _setup_distribution = dist = klass(attrs)
                                 ^^^^^^^^^^^^
  File "C:\Users\yeira\miniforge3\envs\humble\Lib\site-packages\setuptools\dist.py", line 319, in __init__
    _Distribution.__init__(self, dist_attrs)
  File "C:\Users\yeira\miniforge3\envs\humble\Lib\site-packages\setuptools\_distutils\dist.py", line 290, in __init__
    self.finalize_options()
  File "C:\Users\yeira\miniforge3\envs\humble\Lib\site-packages\setuptools\dist.py", line 677, in finalize_options
    defined = metadata.entry_points(group=group)
              ^^^^^^^^^^^^^^^^^^^^^^^^^^^^^^^^^^
  File "C:\Users\yeira\miniforge3\envs\humble\Lib\importlib\metadata\__init__.py", line 1041, in entry_points
    return SelectableGroups.load(eps).select(**params)
           ^^^^^^^^^^^^^^^^^^^^^^^^^^
  File "C:\Users\yeira\miniforge3\envs\humble\Lib\importlib\metadata\__init__.py", line 476, in load
    ordered = sorted(eps, key=by_group)
              ^^^^^^^^^^^^^^^^^^^^^^^^^
  File "C:\Users\yeira\miniforge3\envs\humble\Lib\importlib\metadata\__init__.py", line 1038, in <genexpr>
    eps = itertools.chain.from_iterable(
                                       ^
  File "C:\Users\yeira\miniforge3\envs\humble\Lib\importlib\metadata\_itertools.py", line 16, in unique_everseen
    k = key(element)
        ^^^^^^^^^^^^
  File "C:\Users\yeira\miniforge3\envs\humble\Lib\importlib\metadata\__init__.py", line 952, in _normalized_name
    stem = os.path.basename(str(self._path))
           ^^^^^^^^^^^^^^^^^^^^^^^^^^^^^^^^^
  File "<frozen ntpath>", line 244, in basename
  File "<frozen ntpath>", line 218, in split
KeyboardInterrupt
