[1.313s] Invoking command in 'C:\dev\p-p_teleop_robotics_unal\build\phantom_vision': CMAKE_PREFIX_PATH=%CMAKE_PREFIX_PATH%;C:\dev\p-p_teleop_robotics_unal\install\joystick_ros2;C:\Users\yeira\miniforge3\envs\humble\Library CONDA_PROMPT_MODIFIER=(humble) C:\Users\yeira\miniforge3\envs\humble\Library\bin\cmake.EXE C:\dev\p-p_teleop_robotics_unal\src\phantom_vision -DCMAKE_INSTALL_PREFIX=C:\dev\p-p_teleop_robotics_unal\install\phantom_vision -G Visual Studio 17 2022
[1.360s] CMake Deprecation Warning at CMakeLists.txt:1 (cmake_minimum_required):
[1.360s]   Compatibility with CMake < 3.10 will be removed from a future version of
[1.360s]   CMake.
[1.360s] 
[1.360s]   Update the VERSION argument <min> value.  Or, use the <min>...<max> syntax
[1.360s]   to tell CMake that the project requires at least <min> but has been updated
[1.360s]   to work with policies introduced by <max> or earlier.
[1.360s] 
[1.360s] 
[1.375s] -- Selecting Windows SDK version 10.0.22621.0 to target Windows 10.0.26100.
[2.907s] -- The C compiler identification is MSVC 19.42.34436.0
[4.079s] -- The CXX compiler identification is MSVC 19.42.34436.0
[4.094s] -- Detecting C compiler ABI info
[5.047s] -- Detecting C compiler ABI info - done
[5.079s] -- Check for working C compiler: C:/Program Files/Microsoft Visual Studio/2022/Community/VC/Tools/MSVC/14.42.34433/bin/Hostx64/x64/cl.exe - skipped
[5.079s] -- Detecting C compile features
[5.079s] -- Detecting C compile features - done
[5.094s] -- Detecting CXX compiler ABI info
[6.016s] -- Detecting CXX compiler ABI info - done
[6.047s] -- Check for working CXX compiler: C:/Program Files/Microsoft Visual Studio/2022/Community/VC/Tools/MSVC/14.42.34433/bin/Hostx64/x64/cl.exe - skipped
[6.047s] -- Detecting CXX compile features
[6.047s] -- Detecting CXX compile features - done
[6.063s] -- Found ament_cmake: 1.3.11 (C:/Users/yeira/miniforge3/envs/humble/Library/share/ament_cmake/cmake)
[8.954s] -- Found Python3: C:/Users/yeira/miniforge3/python.exe (found version "3.12.8") found components: Interpreter
[9.266s] -- Found std_msgs: 4.2.4 (C:/Users/yeira/miniforge3/envs/humble/Library/share/std_msgs/cmake)
[9.407s] -- Found rosidl_generator_c: 3.1.6 (C:/Users/yeira/miniforge3/envs/humble/Library/share/rosidl_generator_c/cmake)
[9.422s] -- Found rosidl_adapter: 3.1.6 (C:/Users/yeira/miniforge3/envs/humble/Library/share/rosidl_adapter/cmake)
[9.485s] -- Found rosidl_generator_cpp: 3.1.6 (C:/Users/yeira/miniforge3/envs/humble/Library/share/rosidl_generator_cpp/cmake)
[9.532s] -- Using all available rosidl_typesupport_c: rosidl_typesupport_fastrtps_c;rosidl_typesupport_introspection_c
[9.625s] -- Using all available rosidl_typesupport_cpp: rosidl_typesupport_fastrtps_cpp;rosidl_typesupport_introspection_cpp
[9.750s] -- Found sensor_msgs: 4.2.4 (C:/Users/yeira/miniforge3/envs/humble/Library/share/sensor_msgs/cmake)
[9.875s] -- Found rclcpp: 16.0.11 (C:/Users/yeira/miniforge3/envs/humble/Library/share/rclcpp/cmake)
[10.079s] -- Found rmw_implementation_cmake: 6.1.2 (C:/Users/yeira/miniforge3/envs/humble/Library/share/rmw_implementation_cmake/cmake)
[10.094s] -- Found rmw_fastrtps_cpp: 6.2.7 (C:/Users/yeira/miniforge3/envs/humble/Library/share/rmw_fastrtps_cpp/cmake)
[10.266s] -- Found FastRTPS: C:/Users/yeira/miniforge3/envs/humble/Library/include
[10.313s] -- Using RMW implementation 'rmw_fastrtps_cpp' as default
[10.344s] -- Performing Test CMAKE_HAVE_LIBC_PTHREAD
[11.266s] -- Performing Test CMAKE_HAVE_LIBC_PTHREAD - Failed
[11.266s] -- Looking for pthread_create in pthreads
[12.407s] -- Looking for pthread_create in pthreads - not found
[12.422s] -- Looking for pthread_create in pthread
[13.204s] -- Looking for pthread_create in pthread - not found
[13.219s] -- Found Threads: TRUE
[13.344s] -- Found cv_bridge: 3.2.1 (C:/Users/yeira/miniforge3/envs/humble/Library/share/cv_bridge/cmake)
[13.344s] CMake Error at C:/Users/yeira/miniforge3/envs/humble/Library/share/cv_bridge/cmake/ament_cmake_export_dependencies-extras.cmake:21 (find_package):
[13.344s]   Found package configuration file:
[13.344s] 
[13.360s]     C:/opencv/OpenCVConfig.cmake
[13.360s] 
[13.360s]   but it set OpenCV_FOUND to FALSE so package "OpenCV" is considered to be
[13.360s]   NOT FOUND.
[13.360s] Call Stack (most recent call first):
[13.360s]   C:/Users/yeira/miniforge3/envs/humble/Library/share/cv_bridge/cmake/cv_bridgeConfig.cmake:41 (include)
[13.360s]   CMakeLists.txt:13 (find_package)
[13.360s] 
[13.360s] 
[13.360s] -- Configuring incomplete, errors occurred!
[13.375s] Invoked command in 'C:\dev\p-p_teleop_robotics_unal\build\phantom_vision' returned '1': CMAKE_PREFIX_PATH=%CMAKE_PREFIX_PATH%;C:\dev\p-p_teleop_robotics_unal\install\joystick_ros2;C:\Users\yeira\miniforge3\envs\humble\Library CONDA_PROMPT_MODIFIER=(humble) C:\Users\yeira\miniforge3\envs\humble\Library\bin\cmake.EXE C:\dev\p-p_teleop_robotics_unal\src\phantom_vision -DCMAKE_INSTALL_PREFIX=C:\dev\p-p_teleop_robotics_unal\install\phantom_vision -G Visual Studio 17 2022
