[1.375s] Invoking command in 'C:\dev\p-p_teleop_robotics_unal\build\phantom_vision': CMAKE_PREFIX_PATH=%CMAKE_PREFIX_PATH%;C:\dev\p-p_teleop_robotics_unal\install\joy_controller;C:\dev\p-p_teleop_robotics_unal\install\joystick_ros2;C:\Users\yeira\miniforge3\envs\humble\Library CONDA_PROMPT_MODIFIER=(humble) C:\Users\yeira\miniforge3\envs\humble\Library\bin\cmake.EXE C:\dev\p-p_teleop_robotics_unal\src\phantom_vision -DCMAKE_INSTALL_PREFIX=C:\dev\p-p_teleop_robotics_unal\install\phantom_vision
[1.453s] CMake Deprecation Warning at CMakeLists.txt:1 (cmake_minimum_required):
[1.453s]   Compatibility with CMake < 3.10 will be removed from a future version of
[1.453s]   CMake.
[1.453s] 
[1.453s]   Update the VERSION argument <min> value.  Or, use the <min>...<max> syntax
[1.453s]   to tell CMake that the project requires at least <min> but has been updated
[1.453s]   to work with policies introduced by <max> or earlier.
[1.453s] 
[1.453s] 
[1.500s] -- Selecting Windows SDK version 10.0.22621.0 to target Windows 10.0.26100.
[1.500s] -- Found ament_cmake: 1.3.11 (C:/Users/yeira/miniforge3/envs/humble/Library/share/ament_cmake/cmake)
[2.015s] -- Found std_msgs: 4.2.4 (C:/Users/yeira/miniforge3/envs/humble/Library/share/std_msgs/cmake)
[2.062s] -- Found rosidl_generator_c: 3.1.6 (C:/Users/yeira/miniforge3/envs/humble/Library/share/rosidl_generator_c/cmake)
[2.078s] -- Found rosidl_adapter: 3.1.6 (C:/Users/yeira/miniforge3/envs/humble/Library/share/rosidl_adapter/cmake)
[2.094s] -- Found rosidl_generator_cpp: 3.1.6 (C:/Users/yeira/miniforge3/envs/humble/Library/share/rosidl_generator_cpp/cmake)
[2.125s] -- Using all available rosidl_typesupport_c: rosidl_typesupport_fastrtps_c;rosidl_typesupport_introspection_c
[2.156s] -- Using all available rosidl_typesupport_cpp: rosidl_typesupport_fastrtps_cpp;rosidl_typesupport_introspection_cpp
[2.219s] -- Found sensor_msgs: 4.2.4 (C:/Users/yeira/miniforge3/envs/humble/Library/share/sensor_msgs/cmake)
[2.281s] -- Found rclcpp: 16.0.11 (C:/Users/yeira/miniforge3/envs/humble/Library/share/rclcpp/cmake)
[2.359s] -- Found rmw_implementation_cmake: 6.1.2 (C:/Users/yeira/miniforge3/envs/humble/Library/share/rmw_implementation_cmake/cmake)
[2.375s] -- Found rmw_fastrtps_cpp: 6.2.7 (C:/Users/yeira/miniforge3/envs/humble/Library/share/rmw_fastrtps_cpp/cmake)
[2.500s] -- Using RMW implementation 'rmw_fastrtps_cpp' as default
[2.578s] -- Found cv_bridge: 3.2.1 (C:/Users/yeira/miniforge3/envs/humble/Library/share/cv_bridge/cmake)
[2.594s] CMake Error at C:/Users/yeira/miniforge3/envs/humble/Library/share/cv_bridge/cmake/ament_cmake_export_dependencies-extras.cmake:21 (find_package):
[2.594s]   Found package configuration file:
[2.594s] 
[2.594s]     C:/opencv/OpenCVConfig.cmake
[2.594s] 
[2.594s]   but it set OpenCV_FOUND to FALSE so package "OpenCV" is considered to be
[2.594s]   NOT FOUND.
[2.594s] Call Stack (most recent call first):
[2.594s]   C:/Users/yeira/miniforge3/envs/humble/Library/share/cv_bridge/cmake/cv_bridgeConfig.cmake:41 (include)
[2.594s]   CMakeLists.txt:13 (find_package)
[2.594s] 
[2.594s] 
[2.594s] -- Configuring incomplete, errors occurred!
[2.609s] Invoked command in 'C:\dev\p-p_teleop_robotics_unal\build\phantom_vision' returned '1': CMAKE_PREFIX_PATH=%CMAKE_PREFIX_PATH%;C:\dev\p-p_teleop_robotics_unal\install\joy_controller;C:\dev\p-p_teleop_robotics_unal\install\joystick_ros2;C:\Users\yeira\miniforge3\envs\humble\Library CONDA_PROMPT_MODIFIER=(humble) C:\Users\yeira\miniforge3\envs\humble\Library\bin\cmake.EXE C:\dev\p-p_teleop_robotics_unal\src\phantom_vision -DCMAKE_INSTALL_PREFIX=C:\dev\p-p_teleop_robotics_unal\install\phantom_vision
