[2.937s] Invoking command in 'C:\dev\p-p_teleop_robotics_unal\src\joystick_ros2': CONDA_PROMPT_MODIFIER=(humble) PYTHONPATH=C:\dev\p-p_teleop_robotics_unal\build\joystick_ros2\prefix_override;C:\Users\yeira\miniforge3\envs\humble\Lib\site-packages\colcon_core\task\python\colcon_distutils_commands;C:\dev\p-p_teleop_robotics_unal\install\joystick_ros2\Lib\site-packages;%PYTHONPATH% C:\Users\yeira\miniforge3\envs\humble\python.exe -W ignore:setup.py install is deprecated setup.py egg_info --egg-base ..\..\build\joystick_ros2 build --build-base C:\dev\p-p_teleop_robotics_unal\build\joystick_ros2\build install --record C:\dev\p-p_teleop_robotics_unal\build\joystick_ros2\install.log --install-scripts $base/lib/joystick_ros2 --single-version-externally-managed install_data
[3.437s] C:\Users\yeira\miniforge3\envs\humble\Lib\site-packages\setuptools\dist.py:493: SetuptoolsDeprecationWarning: Invalid dash-separated options
[3.437s] !!
[3.437s] 
[3.437s]         ********************************************************************************
[3.453s]         Usage of dash-separated 'script-dir' will not be supported in future
[3.453s]         versions. Please use the underscore name 'script_dir' instead.
[3.453s] 
[3.453s]         This deprecation is overdue, please update your project and remove deprecated
[3.453s]         calls to avoid build errors in the future.
[3.453s] 
[3.468s]         See https://setuptools.pypa.io/en/latest/userguide/declarative_config.html for details.
[3.468s]         ********************************************************************************
[3.468s] 
[3.468s] !!
[3.468s]   opt = self.warn_dash_deprecation(opt, section)
[3.515s] C:\Users\yeira\miniforge3\envs\humble\Lib\site-packages\setuptools\_distutils\dist.py:270: UserWarning: Unknown distribution option: 'test_suite'
[3.515s]   warnings.warn(msg)
[3.937s] running egg_info
[4.000s] creating ..\..\build\joystick_ros2\joystick_ros2.egg-info
[4.000s] writing ..\..\build\joystick_ros2\joystick_ros2.egg-info\PKG-INFO
[4.000s] writing dependency_links to ..\..\build\joystick_ros2\joystick_ros2.egg-info\dependency_links.txt
[4.000s] writing entry points to ..\..\build\joystick_ros2\joystick_ros2.egg-info\entry_points.txt
[4.015s] writing requirements to ..\..\build\joystick_ros2\joystick_ros2.egg-info\requires.txt
[4.015s] writing top-level names to ..\..\build\joystick_ros2\joystick_ros2.egg-info\top_level.txt
[4.015s] writing manifest file '..\..\build\joystick_ros2\joystick_ros2.egg-info\SOURCES.txt'
[4.156s] reading manifest file '..\..\build\joystick_ros2\joystick_ros2.egg-info\SOURCES.txt'
[4.156s] adding license file 'LICENSE'
[4.187s] writing manifest file '..\..\build\joystick_ros2\joystick_ros2.egg-info\SOURCES.txt'
[4.187s] running build
[4.187s] running build_py
[4.187s] creating C:\dev\p-p_teleop_robotics_unal\build\joystick_ros2\build\lib
[4.187s] copying joystick_ros2.py -> C:\dev\p-p_teleop_robotics_unal\build\joystick_ros2\build\lib
[4.187s] copying inputs.py -> C:\dev\p-p_teleop_robotics_unal\build\joystick_ros2\build\lib
[4.187s] running install
[4.187s] running install_lib
[4.234s] copying C:\dev\p-p_teleop_robotics_unal\build\joystick_ros2\build\lib\inputs.py -> C:\dev\p-p_teleop_robotics_unal\install\joystick_ros2\Lib\site-packages
[4.250s] copying C:\dev\p-p_teleop_robotics_unal\build\joystick_ros2\build\lib\joystick_ros2.py -> C:\dev\p-p_teleop_robotics_unal\install\joystick_ros2\Lib\site-packages
[4.250s] byte-compiling C:\dev\p-p_teleop_robotics_unal\install\joystick_ros2\Lib\site-packages\inputs.py to inputs.cpython-311.pyc
[4.281s] byte-compiling C:\dev\p-p_teleop_robotics_unal\install\joystick_ros2\Lib\site-packages\joystick_ros2.py to joystick_ros2.cpython-311.pyc
[4.281s] running install_data
[4.281s] creating C:\dev\p-p_teleop_robotics_unal\install\joystick_ros2\share\ament_index\resource_index\packages
[4.296s] copying resource\joystick_ros2 -> C:\dev\p-p_teleop_robotics_unal\install\joystick_ros2\share\ament_index\resource_index\packages
[4.296s] creating C:\dev\p-p_teleop_robotics_unal\install\joystick_ros2\shared\joystick_ros2
[4.296s] copying package.xml -> C:\dev\p-p_teleop_robotics_unal\install\joystick_ros2\shared\joystick_ros2
[4.296s] running install_egg_info
[4.375s] Copying ..\..\build\joystick_ros2\joystick_ros2.egg-info to C:\dev\p-p_teleop_robotics_unal\install\joystick_ros2\Lib\site-packages\joystick_ros2-0.0.1-py3.11.egg-info
[4.390s] running install_scripts
[4.984s] Installing joystick_ros2-script.py script to C:\dev\p-p_teleop_robotics_unal\install\joystick_ros2\lib\joystick_ros2
[4.984s] Installing joystick_ros2.exe script to C:\dev\p-p_teleop_robotics_unal\install\joystick_ros2\lib\joystick_ros2
[4.984s] writing list of installed files to 'C:\dev\p-p_teleop_robotics_unal\build\joystick_ros2\install.log'
[5.031s] Invoked command in 'C:\dev\p-p_teleop_robotics_unal\src\joystick_ros2' returned '0': CONDA_PROMPT_MODIFIER=(humble) PYTHONPATH=C:\dev\p-p_teleop_robotics_unal\build\joystick_ros2\prefix_override;C:\Users\yeira\miniforge3\envs\humble\Lib\site-packages\colcon_core\task\python\colcon_distutils_commands;C:\dev\p-p_teleop_robotics_unal\install\joystick_ros2\Lib\site-packages;%PYTHONPATH% C:\Users\yeira\miniforge3\envs\humble\python.exe -W ignore:setup.py install is deprecated setup.py egg_info --egg-base ..\..\build\joystick_ros2 build --build-base C:\dev\p-p_teleop_robotics_unal\build\joystick_ros2\build install --record C:\dev\p-p_teleop_robotics_unal\build\joystick_ros2\install.log --install-scripts $base/lib/joystick_ros2 --single-version-externally-managed install_data
