[0.000000] (-) TimerEvent: {}
[0.000000] (-) JobUnselected: {'identifier': 'dynamixel_sdk'}
[0.000000] (-) JobUnselected: {'identifier': 'dynamixel_sdk_custom_interfaces'}
[0.000000] (-) JobUnselected: {'identifier': 'dynamixel_sdk_examples'}
[0.000000] (-) JobUnselected: {'identifier': 'joystick_ros2'}
[0.000000] (-) JobUnselected: {'identifier': 'move_from_keys'}
[0.000000] (-) JobUnselected: {'identifier': 'phantom_control'}
[0.000000] (-) JobUnselected: {'identifier': 'phantom_coppelia'}
[0.000000] (-) JobUnselected: {'identifier': 'phantom_description'}
[0.000000] (-) JobUnselected: {'identifier': 'phantom_vision'}
[0.000000] (joy_controller) JobQueued: {'identifier': 'joy_controller', 'dependencies': OrderedDict()}
[0.000000] (joy_controller) JobStarted: {'identifier': 'joy_controller'}
[0.109000] (-) TimerEvent: {}
[0.219000] (-) TimerEvent: {}
[0.328000] (-) TimerEvent: {}
[0.437000] (-) TimerEvent: {}
[0.547000] (-) TimerEvent: {}
[0.656000] (-) TimerEvent: {}
[0.765000] (-) TimerEvent: {}
[0.875000] (-) TimerEvent: {}
[0.984000] (-) TimerEvent: {}
[1.094000] (-) TimerEvent: {}
[1.203000] (-) TimerEvent: {}
[1.250000] (joy_controller) StderrLine: {'line': b'Traceback (most recent call last):\n  File "C:\\Users\\yeira\\miniforge3\\envs\\humble\\Lib\\site-packages\\colcon_core\\executor\\__init__.py", line 91, in __call__\n    rc = await self.task(*args, **kwargs)\n         ^^^^^^^^^^^^^^^^^^^^^^^^^^^^^^^^\n  File "C:\\Users\\yeira\\miniforge3\\envs\\humble\\Lib\\site-packages\\colcon_core\\task\\__init__.py", line 93, in __call__\n    return await task_method(*args, **kwargs)\n           ^^^^^^^^^^^^^^^^^^^^^^^^^^^^^^^^^^\n  File "C:\\Users\\yeira\\miniforge3\\envs\\humble\\Lib\\site-packages\\colcon_ros\\task\\ament_python\\build.py", line 102, in build\n    return await extension.build(additional_hooks=additional_hooks)\n           ^^^^^^^^^^^^^^^^^^^^^^^^^^^^^^^^^^^^^^^^^^^^^^^^^^^^^^^^\n  File "C:\\Users\\yeira\\miniforge3\\envs\\humble\\Lib\\site-packages\\colcon_core\\task\\python\\build.py", line 143, in build\n    temp_symlinks = self._symlinks_in_build(args, setup_py_data)\n                    ^^^^^^^^^^^^^^^^^^^^^^^^^^^^^^^^^^^^^^^^^^^^\n  File "C:\\Users\\yeira\\miniforge3\\envs\\humble\\Lib\\site-packages\\colcon_core\\task\\python\\build.py", line 358, in _symlinks_in_build\n    os.symlink(src, dst)\nOSError: [WinError 1314] El cliente no dispone de un privilegio requerido: \'C:\\\\dev\\\\p-p_teleop_robotics_unal\\\\src\\\\joy_controller\\\\setup.py\' -> \'C:\\\\dev\\\\p-p_teleop_robotics_unal\\\\build\\\\joy_controller\\\\setup.py\'\n'}
[1.265000] (joy_controller) JobEnded: {'identifier': 'joy_controller', 'rc': 1}
[1.265000] (-) EventReactorShutdown: {}
