[0.797s] Invoking command in 'C:\dev\p-p_teleop_robotics_unal\build\phantom_description': CMAKE_PREFIX_PATH=%CMAKE_PREFIX_PATH%;C:\dev\p-p_teleop_robotics_unal\install\joystick_ros2;C:\Users\yeira\miniforge3\envs\humble\Library CONDA_PROMPT_MODIFIER=(humble) C:\Users\yeira\miniforge3\envs\humble\Library\bin\cmake.EXE C:\dev\p-p_teleop_robotics_unal\src\phantom_description -DCMAKE_INSTALL_PREFIX=C:\dev\p-p_teleop_robotics_unal\install\phantom_description -G Visual Studio 17 2022
[1.297s] CMake Deprecation Warning at CMakeLists.txt:1 (cmake_minimum_required):
[1.297s]   Compatibility with CMake < 3.10 will be removed from a future version of
[1.297s]   CMake.
[1.297s] 
[1.297s]   Update the VERSION argument <min> value.  Or, use the <min>...<max> syntax
[1.297s]   to tell CMake that the project requires at least <min> but has been updated
[1.297s]   to work with policies introduced by <max> or earlier.
[1.297s] 
[1.297s] 
[1.297s] -- Selecting Windows SDK version 10.0.22621.0 to target Windows 10.0.26100.
[2.485s] -- The C compiler identification is MSVC 19.42.34436.0
[3.656s] -- The CXX compiler identification is MSVC 19.42.34436.0
[3.688s] -- Detecting C compiler ABI info
[4.719s] -- Detecting C compiler ABI info - done
[4.750s] -- Check for working C compiler: C:/Program Files/Microsoft Visual Studio/2022/Community/VC/Tools/MSVC/14.42.34433/bin/Hostx64/x64/cl.exe - skipped
[4.750s] -- Detecting C compile features
[4.750s] -- Detecting C compile features - done
[4.766s] -- Detecting CXX compiler ABI info
[5.719s] -- Detecting CXX compiler ABI info - done
[5.750s] -- Check for working CXX compiler: C:/Program Files/Microsoft Visual Studio/2022/Community/VC/Tools/MSVC/14.42.34433/bin/Hostx64/x64/cl.exe - skipped
[5.750s] -- Detecting CXX compile features
[5.750s] -- Detecting CXX compile features - done
[5.766s] -- Found ament_cmake: 1.3.11 (C:/Users/yeira/miniforge3/envs/humble/Library/share/ament_cmake/cmake)
[9.141s] -- Found Python3: C:/Users/yeira/miniforge3/python.exe (found version "3.12.8") found components: Interpreter
[9.500s] -- Found rclcpp: 16.0.11 (C:/Users/yeira/miniforge3/envs/humble/Library/share/rclcpp/cmake)
[9.719s] -- Found rosidl_generator_c: 3.1.6 (C:/Users/yeira/miniforge3/envs/humble/Library/share/rosidl_generator_c/cmake)
[9.735s] -- Found rosidl_adapter: 3.1.6 (C:/Users/yeira/miniforge3/envs/humble/Library/share/rosidl_adapter/cmake)
[9.781s] -- Found rosidl_generator_cpp: 3.1.6 (C:/Users/yeira/miniforge3/envs/humble/Library/share/rosidl_generator_cpp/cmake)
[9.844s] -- Using all available rosidl_typesupport_c: rosidl_typesupport_fastrtps_c;rosidl_typesupport_introspection_c
[9.922s] -- Using all available rosidl_typesupport_cpp: rosidl_typesupport_fastrtps_cpp;rosidl_typesupport_introspection_cpp
[10.156s] -- Found rmw_implementation_cmake: 6.1.2 (C:/Users/yeira/miniforge3/envs/humble/Library/share/rmw_implementation_cmake/cmake)
[10.172s] -- Found rmw_fastrtps_cpp: 6.2.7 (C:/Users/yeira/miniforge3/envs/humble/Library/share/rmw_fastrtps_cpp/cmake)
[10.360s] -- Found FastRTPS: C:/Users/yeira/miniforge3/envs/humble/Library/include
[10.391s] -- Using RMW implementation 'rmw_fastrtps_cpp' as default
[10.438s] -- Performing Test CMAKE_HAVE_LIBC_PTHREAD
[11.703s] -- Performing Test CMAKE_HAVE_LIBC_PTHREAD - Failed
[11.703s] -- Looking for pthread_create in pthreads
[12.594s] -- Looking for pthread_create in pthreads - not found
[12.594s] -- Looking for pthread_create in pthread
[13.344s] -- Looking for pthread_create in pthread - not found
[13.344s] -- Found Threads: TRUE
[13.500s] -- Found ament_lint_auto: 0.12.11 (C:/Users/yeira/miniforge3/envs/humble/Library/share/ament_lint_auto/cmake)
[13.766s] -- Added test 'flake8' to check Python code syntax and style conventions
[13.781s] -- Added test 'lint_cmake' to check CMake code style
[13.781s] -- Added test 'pep257' to check Python code against some of the docstring style conventions in PEP 257
[13.797s] -- Added test 'xmllint' to check XML markup files
[13.797s] -- Configuring done (13.0s)
[13.969s] -- Generating done (0.2s)
[13.985s] -- Build files have been written to: C:/dev/p-p_teleop_robotics_unal/build/phantom_description
