[0.984s] Invoking command in 'C:\dev\p-p_teleop_robotics_unal\build\dynamixel_sdk': CMAKE_PREFIX_PATH=%CMAKE_PREFIX_PATH%;C:\dev\p-p_teleop_robotics_unal\install\joystick_ros2;C:\Users\yeira\miniforge3\envs\humble\Library CONDA_PROMPT_MODIFIER=(humble) C:\Users\yeira\miniforge3\envs\humble\Library\bin\cmake.EXE C:\dev\p-p_teleop_robotics_unal\src\DynamixelSDK\dynamixel_sdk -DCMAKE_INSTALL_PREFIX=C:\dev\p-p_teleop_robotics_unal\install\dynamixel_sdk -G Visual Studio 17 2022
[1.453s] CMake Deprecation Warning at CMakeLists.txt:4 (cmake_minimum_required):
[1.453s] -- Selecting Windows SDK version 10.0.22621.0 to target Windows 10.0.26100.
[1.453s]   Compatibility with CMake < 3.10 will be removed from a future version of
[1.453s]   CMake.
[1.453s] 
[1.469s]   Update the VERSION argument <min> value.  Or, use the <min>...<max> syntax
[1.469s]   to tell CMake that the project requires at least <min> but has been updated
[1.469s]   to work with policies introduced by <max> or earlier.
[1.469s] 
[1.469s] 
[2.641s] -- The C compiler identification is MSVC 19.42.34436.0
[3.766s] -- The CXX compiler identification is MSVC 19.42.34436.0
[3.797s] -- Detecting C compiler ABI info
[4.859s] -- Detecting C compiler ABI info - done
[4.891s] -- Check for working C compiler: C:/Program Files/Microsoft Visual Studio/2022/Community/VC/Tools/MSVC/14.42.34433/bin/Hostx64/x64/cl.exe - skipped
[4.891s] -- Detecting C compile features
[4.891s] -- Detecting C compile features - done
[4.906s] -- Detecting CXX compiler ABI info
[5.891s] -- Detecting CXX compiler ABI info - done
[5.922s] -- Check for working CXX compiler: C:/Program Files/Microsoft Visual Studio/2022/Community/VC/Tools/MSVC/14.42.34433/bin/Hostx64/x64/cl.exe - skipped
[5.922s] -- Detecting CXX compile features
[5.922s] -- Detecting CXX compile features - done
[5.937s] -- Found ament_cmake: 1.3.11 (C:/Users/yeira/miniforge3/envs/humble/Library/share/ament_cmake/cmake)
[9.297s] -- Found Python3: C:/Users/yeira/miniforge3/python.exe (found version "3.12.8") found components: Interpreter
[9.828s] -- Configuring done (8.8s)
[9.953s] -- Generating done (0.1s)
[9.953s] -- Build files have been written to: C:/dev/p-p_teleop_robotics_unal/build/dynamixel_sdk
[9.969s] Invoked command in 'C:\dev\p-p_teleop_robotics_unal\build\dynamixel_sdk' returned '0': CMAKE_PREFIX_PATH=%CMAKE_PREFIX_PATH%;C:\dev\p-p_teleop_robotics_unal\install\joystick_ros2;C:\Users\yeira\miniforge3\envs\humble\Library CONDA_PROMPT_MODIFIER=(humble) C:\Users\yeira\miniforge3\envs\humble\Library\bin\cmake.EXE C:\dev\p-p_teleop_robotics_unal\src\DynamixelSDK\dynamixel_sdk -DCMAKE_INSTALL_PREFIX=C:\dev\p-p_teleop_robotics_unal\install\dynamixel_sdk -G Visual Studio 17 2022
[9.969s] Invoking command in 'C:\dev\p-p_teleop_robotics_unal\build\dynamixel_sdk': CL=/MP CMAKE_PREFIX_PATH=%CMAKE_PREFIX_PATH%;C:\dev\p-p_teleop_robotics_unal\install\joystick_ros2;C:\Users\yeira\miniforge3\envs\humble\Library CONDA_PROMPT_MODIFIER=(humble) C:\Users\yeira\miniforge3\envs\humble\Library\bin\cmake.EXE --build C:\dev\p-p_teleop_robotics_unal\build\dynamixel_sdk --config Release
[10.094s] Versión de MSBuild 17.12.12+1cce77968 para .NET Framework
[10.125s] 
[10.469s]   1>Checking Build System
[10.656s]   Building Custom Rule C:/dev/p-p_teleop_robotics_unal/src/DynamixelSDK/dynamixel_sdk/CMakeLists.txt
[10.953s]   packet_handler.cpp
[10.953s]   protocol1_packet_handler.cpp
[10.953s]   protocol2_packet_handler.cpp
[10.953s]   group_sync_read.cpp
[10.953s]   group_sync_write.cpp
[10.953s]   group_bulk_read.cpp
[10.953s]   group_bulk_write.cpp
[10.953s]   group_fast_bulk_read.cpp
[10.953s]   group_fast_sync_read.cpp
[10.953s]   group_handler.cpp
[10.953s]   port_handler.cpp
[10.953s]   port_handler_windows.cpp
[11.344s] C:\dev\p-p_teleop_robotics_unal\src\DynamixelSDK\dynamixel_sdk\include\dynamixel_sdk\group_handler.h(46,26): warning C4251: "dynamixel::GroupHandler::id_list_": "std::vector<uint8_t,std::allocator<uint8_t>>" debe tener una interfaz DLL para que la usen los clientes de "dynamixel::GroupHandler" [C:\dev\p-p_teleop_robotics_unal\build\dynamixel_sdk\dynamixel_sdk.vcxproj]
[11.359s]   (compilando archivo de origen "../../src/DynamixelSDK/dynamixel_sdk/src/dynamixel_sdk/group_handler.cpp")
[11.359s]       C:\Program Files\Microsoft Visual Studio\2022\Community\VC\Tools\MSVC\14.42.34433\include\vector(429,7):
[11.359s]       vea la declaración de 'std::vector<uint8_t,std::allocator<uint8_t>>'
[11.359s]   
[11.359s] C:\dev\p-p_teleop_robotics_unal\src\DynamixelSDK\dynamixel_sdk\include\dynamixel_sdk\group_handler.h(46,26): warning C4251: "dynamixel::GroupHandler::id_list_": "std::vector<uint8_t,std::allocator<uint8_t>>" debe tener una interfaz DLL para que la usen los clientes de "dynamixel::GroupHandler" [C:\dev\p-p_teleop_robotics_unal\build\dynamixel_sdk\dynamixel_sdk.vcxproj]
[11.359s]   (compilando archivo de origen "../../src/DynamixelSDK/dynamixel_sdk/src/dynamixel_sdk/group_sync_write.cpp")
[11.359s]       C:\Program Files\Microsoft Visual Studio\2022\Community\VC\Tools\MSVC\14.42.34433\include\vector(429,7):
[11.359s]       vea la declaración de 'std::vector<uint8_t,std::allocator<uint8_t>>'
[11.359s]   
[11.359s] C:\dev\p-p_teleop_robotics_unal\src\DynamixelSDK\dynamixel_sdk\include\dynamixel_sdk\group_handler.h(46,26): warning C4251: "dynamixel::GroupHandler::id_list_": "std::vector<uint8_t,std::allocator<uint8_t>>" debe tener una interfaz DLL para que la usen los clientes de "dynamixel::GroupHandler" [C:\dev\p-p_teleop_robotics_unal\build\dynamixel_sdk\dynamixel_sdk.vcxproj]
[11.359s]   (compilando archivo de origen "../../src/DynamixelSDK/dynamixel_sdk/src/dynamixel_sdk/group_bulk_write.cpp")
[11.359s]       C:\Program Files\Microsoft Visual Studio\2022\Community\VC\Tools\MSVC\14.42.34433\include\vector(429,7):
[11.359s]       vea la declaración de 'std::vector<uint8_t,std::allocator<uint8_t>>'
[11.359s]   
[11.359s] C:\dev\p-p_teleop_robotics_unal\src\DynamixelSDK\dynamixel_sdk\include\dynamixel_sdk\group_handler.h(47,34): warning C4251: "dynamixel::GroupHandler::data_list_": "std::map<uint8_t,uint8_t *,std::less<uint8_t>,std::allocator<std::pair<const uint8_t,uint8_t *>>>" debe tener una interfaz DLL para que la usen los clientes de "dynamixel::GroupHandler" [C:\dev\p-p_teleop_robotics_unal\build\dynamixel_sdk\dynamixel_sdk.vcxproj]
[11.359s]   (compilando archivo de origen "../../src/DynamixelSDK/dynamixel_sdk/src/dynamixel_sdk/group_sync_write.cpp")
[11.359s]       C:\Program Files\Microsoft Visual Studio\2022\Community\VC\Tools\MSVC\14.42.34433\include\map(72,7):
[11.359s]       vea la declaración de 'std::map<uint8_t,uint8_t *,std::less<uint8_t>,std::allocator<std::pair<const uint8_t,uint8_t *>>>'
[11.359s]   
[11.359s] C:\dev\p-p_teleop_robotics_unal\src\DynamixelSDK\dynamixel_sdk\include\dynamixel_sdk\group_handler.h(46,26): warning C4251: "dynamixel::GroupHandler::id_list_": "std::vector<uint8_t,std::allocator<uint8_t>>" debe tener una interfaz DLL para que la usen los clientes de "dynamixel::GroupHandler" [C:\dev\p-p_teleop_robotics_unal\build\dynamixel_sdk\dynamixel_sdk.vcxproj]
[11.359s]   (compilando archivo de origen "../../src/DynamixelSDK/dynamixel_sdk/src/dynamixel_sdk/group_bulk_read.cpp")
[11.359s]       C:\Program Files\Microsoft Visual Studio\2022\Community\VC\Tools\MSVC\14.42.34433\include\vector(429,7):
[11.359s]       vea la declaración de 'std::vector<uint8_t,std::allocator<uint8_t>>'
[11.359s]   
[11.359s] C:\dev\p-p_teleop_robotics_unal\src\DynamixelSDK\dynamixel_sdk\include\dynamixel_sdk\group_handler.h(46,26): warning C4251: "dynamixel::GroupHandler::id_list_": "std::vector<uint8_t,std::allocator<uint8_t>>" debe tener una interfaz DLL para que la usen los clientes de "dynamixel::GroupHandler" [C:\dev\p-p_teleop_robotics_unal\build\dynamixel_sdk\dynamixel_sdk.vcxproj]
[11.359s]   (compilando archivo de origen "../../src/DynamixelSDK/dynamixel_sdk/src/dynamixel_sdk/group_fast_bulk_read.cpp")
[11.359s]       C:\Program Files\Microsoft Visual Studio\2022\Community\VC\Tools\MSVC\14.42.34433\include\vector(429,7):
[11.359s]       vea la declaración de 'std::vector<uint8_t,std::allocator<uint8_t>>'
[11.359s]   
[11.375s] C:\dev\p-p_teleop_robotics_unal\src\DynamixelSDK\dynamixel_sdk\include\dynamixel_sdk\group_handler.h(47,34): warning C4251: "dynamixel::GroupHandler::data_list_": "std::map<uint8_t,uint8_t *,std::less<uint8_t>,std::allocator<std::pair<const uint8_t,uint8_t *>>>" debe tener una interfaz DLL para que la usen los clientes de "dynamixel::GroupHandler" [C:\dev\p-p_teleop_robotics_unal\build\dynamixel_sdk\dynamixel_sdk.vcxproj]
[11.375s]   (compilando archivo de origen "../../src/DynamixelSDK/dynamixel_sdk/src/dynamixel_sdk/group_handler.cpp")
[11.375s]       C:\Program Files\Microsoft Visual Studio\2022\Community\VC\Tools\MSVC\14.42.34433\include\map(72,7):
[11.375s]       vea la declaración de 'std::map<uint8_t,uint8_t *,std::less<uint8_t>,std::allocator<std::pair<const uint8_t,uint8_t *>>>'
[11.375s]   
[11.375s] C:\dev\p-p_teleop_robotics_unal\src\DynamixelSDK\dynamixel_sdk\include\dynamixel_sdk\group_handler.h(47,34): warning C4251: "dynamixel::GroupHandler::data_list_": "std::map<uint8_t,uint8_t *,std::less<uint8_t>,std::allocator<std::pair<const uint8_t,uint8_t *>>>" debe tener una interfaz DLL para que la usen los clientes de "dynamixel::GroupHandler" [C:\dev\p-p_teleop_robotics_unal\build\dynamixel_sdk\dynamixel_sdk.vcxproj]
[11.375s]   (compilando archivo de origen "../../src/DynamixelSDK/dynamixel_sdk/src/dynamixel_sdk/group_bulk_write.cpp")
[11.375s]       C:\Program Files\Microsoft Visual Studio\2022\Community\VC\Tools\MSVC\14.42.34433\include\map(72,7):
[11.375s]       vea la declaración de 'std::map<uint8_t,uint8_t *,std::less<uint8_t>,std::allocator<std::pair<const uint8_t,uint8_t *>>>'
[11.375s]   
[11.375s] C:\dev\p-p_teleop_robotics_unal\src\DynamixelSDK\dynamixel_sdk\include\dynamixel_sdk\group_handler.h(46,26): warning C4251: "dynamixel::GroupHandler::id_list_": "std::vector<uint8_t,std::allocator<uint8_t>>" debe tener una interfaz DLL para que la usen los clientes de "dynamixel::GroupHandler" [C:\dev\p-p_teleop_robotics_unal\build\dynamixel_sdk\dynamixel_sdk.vcxproj]
[11.375s]   (compilando archivo de origen "../../src/DynamixelSDK/dynamixel_sdk/src/dynamixel_sdk/group_fast_sync_read.cpp")
[11.375s]       C:\Program Files\Microsoft Visual Studio\2022\Community\VC\Tools\MSVC\14.42.34433\include\vector(429,7):
[11.375s]       vea la declaración de 'std::vector<uint8_t,std::allocator<uint8_t>>'
[11.375s]   
[11.375s] C:\dev\p-p_teleop_robotics_unal\src\DynamixelSDK\dynamixel_sdk\include\dynamixel_sdk\group_handler.h(47,34): warning C4251: "dynamixel::GroupHandler::data_list_": "std::map<uint8_t,uint8_t *,std::less<uint8_t>,std::allocator<std::pair<const uint8_t,uint8_t *>>>" debe tener una interfaz DLL para que la usen los clientes de "dynamixel::GroupHandler" [C:\dev\p-p_teleop_robotics_unal\build\dynamixel_sdk\dynamixel_sdk.vcxproj]
[11.375s]   (compilando archivo de origen "../../src/DynamixelSDK/dynamixel_sdk/src/dynamixel_sdk/group_bulk_read.cpp")
[11.375s]       C:\Program Files\Microsoft Visual Studio\2022\Community\VC\Tools\MSVC\14.42.34433\include\map(72,7):
[11.375s]       vea la declaración de 'std::map<uint8_t,uint8_t *,std::less<uint8_t>,std::allocator<std::pair<const uint8_t,uint8_t *>>>'
[11.375s]   
[11.375s] C:\dev\p-p_teleop_robotics_unal\src\DynamixelSDK\dynamixel_sdk\src\dynamixel_sdk\protocol1_packet_handler.cpp(704,33): warning C4244: '=': conversión de 'uint16_t' a 'uint8_t'; posible pérdida de datos [C:\dev\p-p_teleop_robotics_unal\build\dynamixel_sdk\dynamixel_sdk.vcxproj]
[11.375s] C:\dev\p-p_teleop_robotics_unal\src\DynamixelSDK\dynamixel_sdk\src\dynamixel_sdk\protocol1_packet_handler.cpp(705,33): warning C4244: '=': conversión de 'uint16_t' a 'uint8_t'; posible pérdida de datos [C:\dev\p-p_teleop_robotics_unal\build\dynamixel_sdk\dynamixel_sdk.vcxproj]
[11.375s] C:\dev\p-p_teleop_robotics_unal\src\DynamixelSDK\dynamixel_sdk\include\dynamixel_sdk\group_handler.h(46,26): warning C4251: "dynamixel::GroupHandler::id_list_": "std::vector<uint8_t,std::allocator<uint8_t>>" debe tener una interfaz DLL para que la usen los clientes de "dynamixel::GroupHandler" [C:\dev\p-p_teleop_robotics_unal\build\dynamixel_sdk\dynamixel_sdk.vcxproj]
[11.375s]   (compilando archivo de origen "../../src/DynamixelSDK/dynamixel_sdk/src/dynamixel_sdk/group_sync_read.cpp")
[11.375s]       C:\Program Files\Microsoft Visual Studio\2022\Community\VC\Tools\MSVC\14.42.34433\include\vector(429,7):
[11.375s]       vea la declaración de 'std::vector<uint8_t,std::allocator<uint8_t>>'
[11.375s]   
[11.375s] C:\dev\p-p_teleop_robotics_unal\src\DynamixelSDK\dynamixel_sdk\src\dynamixel_sdk\group_sync_write.cpp(130,92): warning C4267: 'argumento': conversión de 'size_t' a 'uint16_t'; posible pérdida de datos [C:\dev\p-p_teleop_robotics_unal\build\dynamixel_sdk\dynamixel_sdk.vcxproj]
[11.375s] C:\dev\p-p_teleop_robotics_unal\src\DynamixelSDK\dynamixel_sdk\include\dynamixel_sdk\group_handler.h(47,34): warning C4251: "dynamixel::GroupHandler::data_list_": "std::map<uint8_t,uint8_t *,std::less<uint8_t>,std::allocator<std::pair<const uint8_t,uint8_t *>>>" debe tener una interfaz DLL para que la usen los clientes de "dynamixel::GroupHandler" [C:\dev\p-p_teleop_robotics_unal\build\dynamixel_sdk\dynamixel_sdk.vcxproj]
[11.375s]   (compilando archivo de origen "../../src/DynamixelSDK/dynamixel_sdk/src/dynamixel_sdk/group_fast_bulk_read.cpp")
[11.375s]       C:\Program Files\Microsoft Visual Studio\2022\Community\VC\Tools\MSVC\14.42.34433\include\map(72,7):
[11.375s]       vea la declaración de 'std::map<uint8_t,uint8_t *,std::less<uint8_t>,std::allocator<std::pair<const uint8_t,uint8_t *>>>'
[11.375s]   
[11.375s] C:\dev\p-p_teleop_robotics_unal\src\DynamixelSDK\dynamixel_sdk\include\dynamixel_sdk\group_bulk_write.h(39,31): warning C4251: "dynamixel::GroupBulkWrite::address_list_": "std::map<uint8_t,uint16_t,std::less<uint8_t>,std::allocator<std::pair<const uint8_t,uint16_t>>>" debe tener una interfaz DLL para que la usen los clientes de "dynamixel::GroupBulkWrite" [C:\dev\p-p_teleop_robotics_unal\build\dynamixel_sdk\dynamixel_sdk.vcxproj]
[11.375s]   (compilando archivo de origen "../../src/DynamixelSDK/dynamixel_sdk/src/dynamixel_sdk/group_bulk_write.cpp")
[11.375s]       C:\Program Files\Microsoft Visual Studio\2022\Community\VC\Tools\MSVC\14.42.34433\include\map(72,7):
[11.375s]       vea la declaración de 'std::map<uint8_t,uint16_t,std::less<uint8_t>,std::allocator<std::pair<const uint8_t,uint16_t>>>'
[11.375s]   
[11.375s] C:\dev\p-p_teleop_robotics_unal\src\DynamixelSDK\dynamixel_sdk\include\dynamixel_sdk\group_bulk_write.h(40,31): warning C4251: "dynamixel::GroupBulkWrite::length_list_": "std::map<uint8_t,uint16_t,std::less<uint8_t>,std::allocator<std::pair<const uint8_t,uint16_t>>>" debe tener una interfaz DLL para que la usen los clientes de "dynamixel::GroupBulkWrite" [C:\dev\p-p_teleop_robotics_unal\build\dynamixel_sdk\dynamixel_sdk.vcxproj]
[11.375s]   (compilando archivo de origen "../../src/DynamixelSDK/dynamixel_sdk/src/dynamixel_sdk/group_bulk_write.cpp")
[11.375s]       C:\Program Files\Microsoft Visual Studio\2022\Community\VC\Tools\MSVC\14.42.34433\include\map(72,7):
[11.375s]       vea la declaración de 'std::map<uint8_t,uint16_t,std::less<uint8_t>,std::allocator<std::pair<const uint8_t,uint16_t>>>'
[11.375s]   
[11.391s] C:\dev\p-p_teleop_robotics_unal\src\DynamixelSDK\dynamixel_sdk\include\dynamixel_sdk\group_handler.h(47,34): warning C4251: "dynamixel::GroupHandler::data_list_": "std::map<uint8_t,uint8_t *,std::less<uint8_t>,std::allocator<std::pair<const uint8_t,uint8_t *>>>" debe tener una interfaz DLL para que la usen los clientes de "dynamixel::GroupHandler" [C:\dev\p-p_teleop_robotics_unal\build\dynamixel_sdk\dynamixel_sdk.vcxproj]
[11.391s]   (compilando archivo de origen "../../src/DynamixelSDK/dynamixel_sdk/src/dynamixel_sdk/group_fast_sync_read.cpp")
[11.391s]       C:\Program Files\Microsoft Visual Studio\2022\Community\VC\Tools\MSVC\14.42.34433\include\map(72,7):
[11.391s]       vea la declaración de 'std::map<uint8_t,uint8_t *,std::less<uint8_t>,std::allocator<std::pair<const uint8_t,uint8_t *>>>'
[11.391s]   
[11.391s] C:\dev\p-p_teleop_robotics_unal\src\DynamixelSDK\dynamixel_sdk\include\dynamixel_sdk\group_bulk_read.h(39,33): warning C4251: "dynamixel::GroupBulkRead::address_list_": "std::map<uint8_t,uint16_t,std::less<uint8_t>,std::allocator<std::pair<const uint8_t,uint16_t>>>" debe tener una interfaz DLL para que la usen los clientes de "dynamixel::GroupBulkRead" [C:\dev\p-p_teleop_robotics_unal\build\dynamixel_sdk\dynamixel_sdk.vcxproj]
[11.391s]   (compilando archivo de origen "../../src/DynamixelSDK/dynamixel_sdk/src/dynamixel_sdk/group_bulk_read.cpp")
[11.391s]       C:\Program Files\Microsoft Visual Studio\2022\Community\VC\Tools\MSVC\14.42.34433\include\map(72,7):
[11.391s]       vea la declaración de 'std::map<uint8_t,uint16_t,std::less<uint8_t>,std::allocator<std::pair<const uint8_t,uint16_t>>>'
[11.391s]   
[11.391s] C:\dev\p-p_teleop_robotics_unal\src\DynamixelSDK\dynamixel_sdk\include\dynamixel_sdk\group_sync_read.h(39,34): warning C4251: "dynamixel::GroupSyncRead::error_list_": "std::map<uint8_t,uint8_t *,std::less<uint8_t>,std::allocator<std::pair<const uint8_t,uint8_t *>>>" debe tener una interfaz DLL para que la usen los clientes de "dynamixel::GroupSyncRead" [C:\dev\p-p_teleop_robotics_unal\build\dynamixel_sdk\dynamixel_sdk.vcxproj]
[11.391s]   (compilando archivo de origen "../../src/DynamixelSDK/dynamixel_sdk/src/dynamixel_sdk/group_fast_sync_read.cpp")
[11.391s]       C:\Program Files\Microsoft Visual Studio\2022\Community\VC\Tools\MSVC\14.42.34433\include\map(72,7):
[11.391s]       vea la declaración de 'std::map<uint8_t,uint8_t *,std::less<uint8_t>,std::allocator<std::pair<const uint8_t,uint8_t *>>>'
[11.391s]   
[11.391s] C:\dev\p-p_teleop_robotics_unal\src\DynamixelSDK\dynamixel_sdk\include\dynamixel_sdk\group_bulk_read.h(40,33): warning C4251: "dynamixel::GroupBulkRead::length_list_": "std::map<uint8_t,uint16_t,std::less<uint8_t>,std::allocator<std::pair<const uint8_t,uint16_t>>>" debe tener una interfaz DLL para que la usen los clientes de "dynamixel::GroupBulkRead" [C:\dev\p-p_teleop_robotics_unal\build\dynamixel_sdk\dynamixel_sdk.vcxproj]
[11.391s]   (compilando archivo de origen "../../src/DynamixelSDK/dynamixel_sdk/src/dynamixel_sdk/group_bulk_read.cpp")
[11.391s]       C:\Program Files\Microsoft Visual Studio\2022\Community\VC\Tools\MSVC\14.42.34433\include\map(72,7):
[11.391s]       vea la declaración de 'std::map<uint8_t,uint16_t,std::less<uint8_t>,std::allocator<std::pair<const uint8_t,uint16_t>>>'
[11.391s]   
[11.391s] C:\dev\p-p_teleop_robotics_unal\src\DynamixelSDK\dynamixel_sdk\include\dynamixel_sdk\group_bulk_read.h(41,34): warning C4251: "dynamixel::GroupBulkRead::error_list_": "std::map<uint8_t,uint8_t *,std::less<uint8_t>,std::allocator<std::pair<const uint8_t,uint8_t *>>>" debe tener una interfaz DLL para que la usen los clientes de "dynamixel::GroupBulkRead" [C:\dev\p-p_teleop_robotics_unal\build\dynamixel_sdk\dynamixel_sdk.vcxproj]
[11.391s]   (compilando archivo de origen "../../src/DynamixelSDK/dynamixel_sdk/src/dynamixel_sdk/group_bulk_read.cpp")
[11.391s]       C:\Program Files\Microsoft Visual Studio\2022\Community\VC\Tools\MSVC\14.42.34433\include\map(72,7):
[11.391s]       vea la declaración de 'std::map<uint8_t,uint8_t *,std::less<uint8_t>,std::allocator<std::pair<const uint8_t,uint8_t *>>>'
[11.391s]   
[11.391s] C:\dev\p-p_teleop_robotics_unal\src\DynamixelSDK\dynamixel_sdk\src\dynamixel_sdk\group_fast_sync_read.cpp(62,15): warning C4267: 'inicializando': conversión de 'size_t' a 'int'; posible pérdida de datos [C:\dev\p-p_teleop_robotics_unal\build\dynamixel_sdk\dynamixel_sdk.vcxproj]
[11.391s] C:\dev\p-p_teleop_robotics_unal\src\DynamixelSDK\dynamixel_sdk\include\dynamixel_sdk\group_handler.h(47,34): warning C4251: "dynamixel::GroupHandler::data_list_": "std::map<uint8_t,uint8_t *,std::less<uint8_t>,std::allocator<std::pair<const uint8_t,uint8_t *>>>" debe tener una interfaz DLL para que la usen los clientes de "dynamixel::GroupHandler" [C:\dev\p-p_teleop_robotics_unal\build\dynamixel_sdk\dynamixel_sdk.vcxproj]
[11.391s]   (compilando archivo de origen "../../src/DynamixelSDK/dynamixel_sdk/src/dynamixel_sdk/group_sync_read.cpp")
[11.391s]       C:\Program Files\Microsoft Visual Studio\2022\Community\VC\Tools\MSVC\14.42.34433\include\map(72,7):
[11.391s]       vea la declaración de 'std::map<uint8_t,uint8_t *,std::less<uint8_t>,std::allocator<std::pair<const uint8_t,uint8_t *>>>'
[11.391s]   
[11.391s] C:\dev\p-p_teleop_robotics_unal\src\DynamixelSDK\dynamixel_sdk\include\dynamixel_sdk\group_bulk_read.h(39,33): warning C4251: "dynamixel::GroupBulkRead::address_list_": "std::map<uint8_t,uint16_t,std::less<uint8_t>,std::allocator<std::pair<const uint8_t,uint16_t>>>" debe tener una interfaz DLL para que la usen los clientes de "dynamixel::GroupBulkRead" [C:\dev\p-p_teleop_robotics_unal\build\dynamixel_sdk\dynamixel_sdk.vcxproj]
[11.391s]   (compilando archivo de origen "../../src/DynamixelSDK/dynamixel_sdk/src/dynamixel_sdk/group_fast_bulk_read.cpp")
[11.391s]       C:\Program Files\Microsoft Visual Studio\2022\Community\VC\Tools\MSVC\14.42.34433\include\map(72,7):
[11.391s]       vea la declaración de 'std::map<uint8_t,uint16_t,std::less<uint8_t>,std::allocator<std::pair<const uint8_t,uint16_t>>>'
[11.391s]   
[11.391s] C:\dev\p-p_teleop_robotics_unal\src\DynamixelSDK\dynamixel_sdk\include\dynamixel_sdk\group_bulk_read.h(40,33): warning C4251: "dynamixel::GroupBulkRead::length_list_": "std::map<uint8_t,uint16_t,std::less<uint8_t>,std::allocator<std::pair<const uint8_t,uint16_t>>>" debe tener una interfaz DLL para que la usen los clientes de "dynamixel::GroupBulkRead" [C:\dev\p-p_teleop_robotics_unal\build\dynamixel_sdk\dynamixel_sdk.vcxproj]
[11.391s]   (compilando archivo de origen "../../src/DynamixelSDK/dynamixel_sdk/src/dynamixel_sdk/group_fast_bulk_read.cpp")
[11.391s]       C:\Program Files\Microsoft Visual Studio\2022\Community\VC\Tools\MSVC\14.42.34433\include\map(72,7):
[11.391s]       vea la declaración de 'std::map<uint8_t,uint16_t,std::less<uint8_t>,std::allocator<std::pair<const uint8_t,uint16_t>>>'
[11.391s]   
[11.391s] C:\dev\p-p_teleop_robotics_unal\src\DynamixelSDK\dynamixel_sdk\include\dynamixel_sdk\group_bulk_read.h(41,34): warning C4251: "dynamixel::GroupBulkRead::error_list_": "std::map<uint8_t,uint8_t *,std::less<uint8_t>,std::allocator<std::pair<const uint8_t,uint8_t *>>>" debe tener una interfaz DLL para que la usen los clientes de "dynamixel::GroupBulkRead" [C:\dev\p-p_teleop_robotics_unal\build\dynamixel_sdk\dynamixel_sdk.vcxproj]
[11.391s]   (compilando archivo de origen "../../src/DynamixelSDK/dynamixel_sdk/src/dynamixel_sdk/group_fast_bulk_read.cpp")
[11.391s]       C:\Program Files\Microsoft Visual Studio\2022\Community\VC\Tools\MSVC\14.42.34433\include\map(72,7):
[11.391s]       vea la declaración de 'std::map<uint8_t,uint8_t *,std::less<uint8_t>,std::allocator<std::pair<const uint8_t,uint8_t *>>>'
[11.391s]   
[11.391s] C:\dev\p-p_teleop_robotics_unal\src\DynamixelSDK\dynamixel_sdk\include\dynamixel_sdk\group_sync_read.h(39,34): warning C4251: "dynamixel::GroupSyncRead::error_list_": "std::map<uint8_t,uint8_t *,std::less<uint8_t>,std::allocator<std::pair<const uint8_t,uint8_t *>>>" debe tener una interfaz DLL para que la usen los clientes de "dynamixel::GroupSyncRead" [C:\dev\p-p_teleop_robotics_unal\build\dynamixel_sdk\dynamixel_sdk.vcxproj]
[11.391s]   (compilando archivo de origen "../../src/DynamixelSDK/dynamixel_sdk/src/dynamixel_sdk/group_sync_read.cpp")
[11.391s]       C:\Program Files\Microsoft Visual Studio\2022\Community\VC\Tools\MSVC\14.42.34433\include\map(72,7):
[11.391s]       vea la declaración de 'std::map<uint8_t,uint8_t *,std::less<uint8_t>,std::allocator<std::pair<const uint8_t,uint8_t *>>>'
[11.391s]   
[11.391s] C:\dev\p-p_teleop_robotics_unal\src\DynamixelSDK\dynamixel_sdk\src\dynamixel_sdk\group_fast_bulk_read.cpp(74,63): warning C4267: 'argumento': conversión de 'size_t' a 'uint16_t'; posible pérdida de datos [C:\dev\p-p_teleop_robotics_unal\build\dynamixel_sdk\dynamixel_sdk.vcxproj]
[11.391s] C:\dev\p-p_teleop_robotics_unal\src\DynamixelSDK\dynamixel_sdk\src\dynamixel_sdk\group_fast_bulk_read.cpp(84,15): warning C4267: 'inicializando': conversión de 'size_t' a 'int'; posible pérdida de datos [C:\dev\p-p_teleop_robotics_unal\build\dynamixel_sdk\dynamixel_sdk.vcxproj]
[11.391s] C:\dev\p-p_teleop_robotics_unal\src\DynamixelSDK\dynamixel_sdk\src\dynamixel_sdk\group_bulk_read.cpp(144,59): warning C4267: 'argumento': conversión de 'size_t' a 'uint16_t'; posible pérdida de datos [C:\dev\p-p_teleop_robotics_unal\build\dynamixel_sdk\dynamixel_sdk.vcxproj]
[11.391s] C:\dev\p-p_teleop_robotics_unal\src\DynamixelSDK\dynamixel_sdk\src\dynamixel_sdk\group_bulk_read.cpp(148,59): warning C4267: 'argumento': conversión de 'size_t' a 'uint16_t'; posible pérdida de datos [C:\dev\p-p_teleop_robotics_unal\build\dynamixel_sdk\dynamixel_sdk.vcxproj]
[11.391s] C:\dev\p-p_teleop_robotics_unal\src\DynamixelSDK\dynamixel_sdk\src\dynamixel_sdk\group_bulk_read.cpp(154,22): warning C4267: 'inicializando': conversión de 'size_t' a 'int'; posible pérdida de datos [C:\dev\p-p_teleop_robotics_unal\build\dynamixel_sdk\dynamixel_sdk.vcxproj]
[11.391s] C:\dev\p-p_teleop_robotics_unal\src\DynamixelSDK\dynamixel_sdk\src\dynamixel_sdk\group_sync_read.cpp(128,22): warning C4267: 'inicializando': conversión de 'size_t' a 'int'; posible pérdida de datos [C:\dev\p-p_teleop_robotics_unal\build\dynamixel_sdk\dynamixel_sdk.vcxproj]
[12.359s]      Creando biblioteca C:/dev/p-p_teleop_robotics_unal/build/dynamixel_sdk/Release/dynamixel_sdk.lib y objeto C:/dev/p-p_teleop_robotics_unal/build/dynamixel_sdk/Release/dynamixel_sdk.exp
[12.469s]   dynamixel_sdk.vcxproj -> C:\dev\p-p_teleop_robotics_unal\build\dynamixel_sdk\Release\dynamixel_sdk.dll
[12.531s]   Building Custom Rule C:/dev/p-p_teleop_robotics_unal/src/DynamixelSDK/dynamixel_sdk/CMakeLists.txt
[12.656s] Invoked command in 'C:\dev\p-p_teleop_robotics_unal\build\dynamixel_sdk' returned '0': CL=/MP CMAKE_PREFIX_PATH=%CMAKE_PREFIX_PATH%;C:\dev\p-p_teleop_robotics_unal\install\joystick_ros2;C:\Users\yeira\miniforge3\envs\humble\Library CONDA_PROMPT_MODIFIER=(humble) C:\Users\yeira\miniforge3\envs\humble\Library\bin\cmake.EXE --build C:\dev\p-p_teleop_robotics_unal\build\dynamixel_sdk --config Release
[12.719s] Invoking command in 'C:\dev\p-p_teleop_robotics_unal\build\dynamixel_sdk': CMAKE_PREFIX_PATH=%CMAKE_PREFIX_PATH%;C:\dev\p-p_teleop_robotics_unal\install\joystick_ros2;C:\Users\yeira\miniforge3\envs\humble\Library CONDA_PROMPT_MODIFIER=(humble) C:\Users\yeira\miniforge3\envs\humble\Library\bin\cmake.EXE --install C:\dev\p-p_teleop_robotics_unal\build\dynamixel_sdk --config Release
[12.766s] -- Installing: C:/dev/p-p_teleop_robotics_unal/install/dynamixel_sdk/include/
[12.766s] -- Installing: C:/dev/p-p_teleop_robotics_unal/install/dynamixel_sdk/include//dynamixel_sdk
[12.766s] -- Installing: C:/dev/p-p_teleop_robotics_unal/install/dynamixel_sdk/include//dynamixel_sdk/dynamixel_sdk.h
[12.766s] -- Installing: C:/dev/p-p_teleop_robotics_unal/install/dynamixel_sdk/include//dynamixel_sdk/group_bulk_read.h
[12.766s] -- Installing: C:/dev/p-p_teleop_robotics_unal/install/dynamixel_sdk/include//dynamixel_sdk/group_bulk_write.h
[12.766s] -- Installing: C:/dev/p-p_teleop_robotics_unal/install/dynamixel_sdk/include//dynamixel_sdk/group_fast_bulk_read.h
[12.781s] -- Installing: C:/dev/p-p_teleop_robotics_unal/install/dynamixel_sdk/include//dynamixel_sdk/group_fast_sync_read.h
[12.781s] -- Installing: C:/dev/p-p_teleop_robotics_unal/install/dynamixel_sdk/include//dynamixel_sdk/group_handler.h
[12.781s] -- Installing: C:/dev/p-p_teleop_robotics_unal/install/dynamixel_sdk/include//dynamixel_sdk/group_sync_read.h
[12.781s] -- Installing: C:/dev/p-p_teleop_robotics_unal/install/dynamixel_sdk/include//dynamixel_sdk/group_sync_write.h
[12.781s] -- Installing: C:/dev/p-p_teleop_robotics_unal/install/dynamixel_sdk/include//dynamixel_sdk/packet_handler.h
[12.781s] -- Installing: C:/dev/p-p_teleop_robotics_unal/install/dynamixel_sdk/include//dynamixel_sdk/port_handler.h
[12.781s] -- Installing: C:/dev/p-p_teleop_robotics_unal/install/dynamixel_sdk/include//dynamixel_sdk/port_handler_arduino.h
[12.781s] -- Installing: C:/dev/p-p_teleop_robotics_unal/install/dynamixel_sdk/include//dynamixel_sdk/port_handler_linux.h
[12.781s] -- Installing: C:/dev/p-p_teleop_robotics_unal/install/dynamixel_sdk/include//dynamixel_sdk/port_handler_mac.h
[12.797s] -- Installing: C:/dev/p-p_teleop_robotics_unal/install/dynamixel_sdk/include//dynamixel_sdk/port_handler_windows.h
[12.797s] -- Installing: C:/dev/p-p_teleop_robotics_unal/install/dynamixel_sdk/include//dynamixel_sdk/protocol1_packet_handler.h
[12.797s] -- Installing: C:/dev/p-p_teleop_robotics_unal/install/dynamixel_sdk/include//dynamixel_sdk/protocol2_packet_handler.h
[12.797s] -- Installing: C:/dev/p-p_teleop_robotics_unal/install/dynamixel_sdk/lib/dynamixel_sdk.lib
[12.797s] -- Installing: C:/dev/p-p_teleop_robotics_unal/install/dynamixel_sdk/bin/dynamixel_sdk.dll
[12.797s] -- Installing: C:/dev/p-p_teleop_robotics_unal/install/dynamixel_sdk/share/ament_index/resource_index/package_run_dependencies/dynamixel_sdk
[12.797s] -- Installing: C:/dev/p-p_teleop_robotics_unal/install/dynamixel_sdk/share/ament_index/resource_index/parent_prefix_path/dynamixel_sdk
[12.797s] -- Installing: C:/dev/p-p_teleop_robotics_unal/install/dynamixel_sdk/share/dynamixel_sdk/environment/ament_prefix_path.bat
[12.812s] -- Installing: C:/dev/p-p_teleop_robotics_unal/install/dynamixel_sdk/share/dynamixel_sdk/environment/ament_prefix_path.dsv
[12.812s] -- Installing: C:/dev/p-p_teleop_robotics_unal/install/dynamixel_sdk/share/dynamixel_sdk/environment/path.bat
[12.812s] -- Installing: C:/dev/p-p_teleop_robotics_unal/install/dynamixel_sdk/share/dynamixel_sdk/environment/path.dsv
[12.812s] -- Installing: C:/dev/p-p_teleop_robotics_unal/install/dynamixel_sdk/share/dynamixel_sdk/local_setup.bat
[12.812s] -- Installing: C:/dev/p-p_teleop_robotics_unal/install/dynamixel_sdk/share/dynamixel_sdk/local_setup.dsv
[12.812s] -- Installing: C:/dev/p-p_teleop_robotics_unal/install/dynamixel_sdk/share/dynamixel_sdk/package.dsv
[12.812s] -- Installing: C:/dev/p-p_teleop_robotics_unal/install/dynamixel_sdk/share/ament_index/resource_index/packages/dynamixel_sdk
[12.812s] -- Installing: C:/dev/p-p_teleop_robotics_unal/install/dynamixel_sdk/share/dynamixel_sdk/cmake/ament_cmake_export_include_directories-extras.cmake
[12.812s] -- Installing: C:/dev/p-p_teleop_robotics_unal/install/dynamixel_sdk/share/dynamixel_sdk/cmake/ament_cmake_export_libraries-extras.cmake
[12.828s] -- Installing: C:/dev/p-p_teleop_robotics_unal/install/dynamixel_sdk/share/dynamixel_sdk/cmake/dynamixel_sdkConfig.cmake
[12.828s] -- Installing: C:/dev/p-p_teleop_robotics_unal/install/dynamixel_sdk/share/dynamixel_sdk/cmake/dynamixel_sdkConfig-version.cmake
[12.828s] -- Installing: C:/dev/p-p_teleop_robotics_unal/install/dynamixel_sdk/share/dynamixel_sdk/package.xml
[12.828s] Invoked command in 'C:\dev\p-p_teleop_robotics_unal\build\dynamixel_sdk' returned '0': CMAKE_PREFIX_PATH=%CMAKE_PREFIX_PATH%;C:\dev\p-p_teleop_robotics_unal\install\joystick_ros2;C:\Users\yeira\miniforge3\envs\humble\Library CONDA_PROMPT_MODIFIER=(humble) C:\Users\yeira\miniforge3\envs\humble\Library\bin\cmake.EXE --install C:\dev\p-p_teleop_robotics_unal\build\dynamixel_sdk --config Release
